Using device: cuda:0, visible GPUs: 6
GPU name: NVIDIA GeForce RTX 3090
Seed: 5576
Command script saved to: /data01/lyw/GLoMo/experiments/mosi_text_only_seed5576/command.sh
train labels: n=1281 min=-3.000 max=3.000 mean=0.235 std=1.509
dev labels: n=229 min=-3.000 max=3.000 mean=0.310 std=1.649
test labels: n=685 min=-3.000 max=3.000 mean=-0.315 std=1.588
BERT load: missing=3 unexpected=10
BERT missing keys (first 5): ['linear1.weight', 'linear1.bias', 'proj_l.weight']
BERT unexpected keys (first 5): ['pooler.dense.weight', 'pooler.dense.bias', 'cls.predictions.bias', 'cls.predictions.transform.dense.weight', 'cls.predictions.transform.dense.bias']
conv audio std 0.03853662312030792
conv video std 0.048298776149749756
total parameter for the model:  111150839
epoch:0, train_loss:3.2745, valid_mse:2.7813, valid_mae:1.4292, test_acc2:0.4482
current mae:1.4186, current corr:0.3390, acc7:0.1547, acc5:0.1547,acc2_non_zero:0.4229, f_score_non_zero:0.2514, acc2:0.4482, f_score:0.2774
Saved best model at epoch 0 by acc2=0.4482 -> /data01/lyw/GLoMo/experiments/mosi_text_only_seed5576/best_model.pt
epoch:1, train_loss:3.2519, valid_mse:2.7664, valid_mae:1.4243, test_acc2:0.5766
current mae:1.4122, current corr:0.3716, acc7:0.1547, acc5:0.1547,acc2_non_zero:0.5679, f_score_non_zero:0.5403, acc2:0.5766, f_score:0.5478
Saved best model at epoch 1 by acc2=0.5766 -> /data01/lyw/GLoMo/experiments/mosi_text_only_seed5576/best_model.pt
epoch:2, train_loss:3.2149, valid_mse:2.6914, valid_mae:1.4051, test_acc2:0.6905
current mae:1.3927, current corr:0.6808, acc7:0.1547, acc5:0.1547,acc2_non_zero:0.6855, f_score_non_zero:0.6820, acc2:0.6905, f_score:0.6854
Saved best model at epoch 2 by acc2=0.6905 -> /data01/lyw/GLoMo/experiments/mosi_text_only_seed5576/best_model.pt
epoch:3, train_loss:3.1878, valid_mse:2.6343, valid_mae:1.3893, test_acc2:0.7737
current mae:1.3832, current corr:0.7002, acc7:0.1547, acc5:0.1547,acc2_non_zero:0.7771, f_score_non_zero:0.7780, acc2:0.7737, f_score:0.7738
Saved best model at epoch 3 by acc2=0.7737 -> /data01/lyw/GLoMo/experiments/mosi_text_only_seed5576/best_model.pt
epoch:4, train_loss:3.1637, valid_mse:2.5550, valid_mae:1.3610, test_acc2:0.7883
current mae:1.3694, current corr:0.7136, acc7:0.1547, acc5:0.1547,acc2_non_zero:0.7893, f_score_non_zero:0.7894, acc2:0.7883, f_score:0.7874
Saved best model at epoch 4 by acc2=0.7883 -> /data01/lyw/GLoMo/experiments/mosi_text_only_seed5576/best_model.pt
epoch:5, train_loss:3.1423, valid_mse:2.4515, valid_mae:1.3369, test_acc2:0.8190
current mae:1.3362, current corr:0.7108, acc7:0.1547, acc5:0.1547,acc2_non_zero:0.8412, f_score_non_zero:0.8415, acc2:0.8190, f_score:0.8186
Saved best model at epoch 5 by acc2=0.8190 -> /data01/lyw/GLoMo/experiments/mosi_text_only_seed5576/best_model.pt
epoch:6, train_loss:3.0889, valid_mse:2.3753, valid_mae:1.3100, test_acc2:0.8190
current mae:1.3163, current corr:0.7039, acc7:0.1547, acc5:0.1547,acc2_non_zero:0.8351, f_score_non_zero:0.8361, acc2:0.8190, f_score:0.8194
epoch:7, train_loss:3.0666, valid_mse:2.3455, valid_mae:1.3079, test_acc2:0.8058
current mae:1.3107, current corr:0.6801, acc7:0.1547, acc5:0.1547,acc2_non_zero:0.8107, f_score_non_zero:0.8115, acc2:0.8058, f_score:0.8060
epoch:8, train_loss:3.0251, valid_mse:2.3130, valid_mae:1.2942, test_acc2:0.7927
current mae:1.2993, current corr:0.6577, acc7:0.1547, acc5:0.1547,acc2_non_zero:0.7985, f_score_non_zero:0.7991, acc2:0.7927, f_score:0.7925
epoch:9, train_loss:2.9653, valid_mse:2.2262, valid_mae:1.2638, test_acc2:0.8277
current mae:1.2586, current corr:0.7003, acc7:0.1547, acc5:0.1547,acc2_non_zero:0.8412, f_score_non_zero:0.8421, acc2:0.8277, f_score:0.8281
Saved best model at epoch 9 by acc2=0.8277 -> /data01/lyw/GLoMo/experiments/mosi_text_only_seed5576/best_model.pt
epoch:10, train_loss:2.9090, valid_mse:2.1859, valid_mae:1.2609, test_acc2:0.8029
current mae:1.2566, current corr:0.6662, acc7:0.1547, acc5:0.1547,acc2_non_zero:0.8122, f_score_non_zero:0.8133, acc2:0.8029, f_score:0.8034
epoch:11, train_loss:2.8655, valid_mse:2.1441, valid_mae:1.2446, test_acc2:0.8219
current mae:1.2163, current corr:0.7006, acc7:0.1547, acc5:0.1547,acc2_non_zero:0.8427, f_score_non_zero:0.8427, acc2:0.8219, f_score:0.8212
epoch:12, train_loss:2.8412, valid_mse:2.0146, valid_mae:1.2006, test_acc2:0.8219
current mae:1.1939, current corr:0.7069, acc7:0.1547, acc5:0.1547,acc2_non_zero:0.8489, f_score_non_zero:0.8466, acc2:0.8219, f_score:0.8183
epoch:13, train_loss:2.8016, valid_mse:2.0202, valid_mae:1.2101, test_acc2:0.8073
current mae:1.1813, current corr:0.6906, acc7:0.2204, acc5:0.2204,acc2_non_zero:0.8321, f_score_non_zero:0.8296, acc2:0.8073, f_score:0.8036
epoch:14, train_loss:2.7666, valid_mse:1.9138, valid_mae:1.1628, test_acc2:0.8234
current mae:1.1557, current corr:0.7097, acc7:0.2336, acc5:0.2336,acc2_non_zero:0.8458, f_score_non_zero:0.8455, acc2:0.8234, f_score:0.8223
epoch:15, train_loss:2.7197, valid_mse:1.9071, valid_mae:1.1568, test_acc2:0.8321
current mae:1.1372, current corr:0.7070, acc7:0.2175, acc5:0.2175,acc2_non_zero:0.8504, f_score_non_zero:0.8503, acc2:0.8321, f_score:0.8315
Saved best model at epoch 15 by acc2=0.8321 -> /data01/lyw/GLoMo/experiments/mosi_text_only_seed5576/best_model.pt
epoch:16, train_loss:2.6688, valid_mse:1.8069, valid_mae:1.1306, test_acc2:0.8175
current mae:1.1386, current corr:0.6917, acc7:0.2175, acc5:0.2175,acc2_non_zero:0.8305, f_score_non_zero:0.8315, acc2:0.8175, f_score:0.8180
epoch:17, train_loss:2.6212, valid_mse:1.7639, valid_mae:1.1082, test_acc2:0.8292
current mae:1.1043, current corr:0.7140, acc7:0.2277, acc5:0.2277,acc2_non_zero:0.8443, f_score_non_zero:0.8448, acc2:0.8292, f_score:0.8293
epoch:18, train_loss:2.5648, valid_mse:1.7684, valid_mae:1.1159, test_acc2:0.8248
current mae:1.0689, current corr:0.7220, acc7:0.3372, acc5:0.3372,acc2_non_zero:0.8427, f_score_non_zero:0.8421, acc2:0.8248, f_score:0.8236
epoch:19, train_loss:2.5300, valid_mse:1.6947, valid_mae:1.0868, test_acc2:0.8131
current mae:1.0626, current corr:0.7002, acc7:0.3431, acc5:0.3431,acc2_non_zero:0.8321, f_score_non_zero:0.8310, acc2:0.8131, f_score:0.8113
epoch:20, train_loss:2.4806, valid_mse:1.6612, valid_mae:1.0662, test_acc2:0.8175
current mae:1.0369, current corr:0.7153, acc7:0.3431, acc5:0.3431,acc2_non_zero:0.8336, f_score_non_zero:0.8329, acc2:0.8175, f_score:0.8163
epoch:21, train_loss:2.4209, valid_mse:1.6013, valid_mae:1.0410, test_acc2:0.8175
current mae:1.0254, current corr:0.7129, acc7:0.3328, acc5:0.3328,acc2_non_zero:0.8305, f_score_non_zero:0.8307, acc2:0.8175, f_score:0.8172
epoch:22, train_loss:2.3724, valid_mse:1.4993, valid_mae:1.0051, test_acc2:0.8204
current mae:1.0074, current corr:0.7186, acc7:0.3212, acc5:0.3212,acc2_non_zero:0.8321, f_score_non_zero:0.8324, acc2:0.8204, f_score:0.8204
epoch:23, train_loss:2.3313, valid_mse:1.4451, valid_mae:0.9871, test_acc2:0.8131
current mae:0.9871, current corr:0.7211, acc7:0.3241, acc5:0.3241,acc2_non_zero:0.8290, f_score_non_zero:0.8293, acc2:0.8131, f_score:0.8129
epoch:24, train_loss:2.2673, valid_mse:1.3867, valid_mae:0.9610, test_acc2:0.8190
current mae:0.9813, current corr:0.7247, acc7:0.3139, acc5:0.3139,acc2_non_zero:0.8305, f_score_non_zero:0.8315, acc2:0.8190, f_score:0.8194
epoch:25, train_loss:2.2336, valid_mse:1.4276, valid_mae:0.9818, test_acc2:0.8000
current mae:0.9989, current corr:0.7182, acc7:0.2964, acc5:0.2964,acc2_non_zero:0.8061, f_score_non_zero:0.8069, acc2:0.8000, f_score:0.8001
epoch:26, train_loss:2.1979, valid_mse:1.3565, valid_mae:0.9384, test_acc2:0.8204
current mae:0.9547, current corr:0.7182, acc7:0.3007, acc5:0.3007,acc2_non_zero:0.8305, f_score_non_zero:0.8313, acc2:0.8204, f_score:0.8208
epoch:27, train_loss:2.1551, valid_mse:1.3848, valid_mae:0.9469, test_acc2:0.8146
current mae:0.9544, current corr:0.7298, acc7:0.3080, acc5:0.3080,acc2_non_zero:0.8244, f_score_non_zero:0.8255, acc2:0.8146, f_score:0.8151
epoch:28, train_loss:2.0971, valid_mse:1.3083, valid_mae:0.9220, test_acc2:0.8219
current mae:0.9066, current corr:0.7396, acc7:0.3109, acc5:0.3109,acc2_non_zero:0.8351, f_score_non_zero:0.8358, acc2:0.8219, f_score:0.8221
epoch:29, train_loss:2.0570, valid_mse:1.2340, valid_mae:0.8879, test_acc2:0.8161
current mae:0.9064, current corr:0.7304, acc7:0.3153, acc5:0.3153,acc2_non_zero:0.8275, f_score_non_zero:0.8285, acc2:0.8161, f_score:0.8165
epoch:30, train_loss:2.0247, valid_mse:1.2530, valid_mae:0.8747, test_acc2:0.8234
current mae:0.8858, current corr:0.7270, acc7:0.3343, acc5:0.3343,acc2_non_zero:0.8397, f_score_non_zero:0.8399, acc2:0.8234, f_score:0.8230
epoch:31, train_loss:2.0097, valid_mse:1.2012, valid_mae:0.8660, test_acc2:0.8292
current mae:0.8579, current corr:0.7516, acc7:0.3343, acc5:0.3343,acc2_non_zero:0.8458, f_score_non_zero:0.8460, acc2:0.8292, f_score:0.8289
epoch:32, train_loss:1.9610, valid_mse:1.1574, valid_mae:0.8534, test_acc2:0.8234
current mae:0.8525, current corr:0.7513, acc7:0.3343, acc5:0.3343,acc2_non_zero:0.8397, f_score_non_zero:0.8399, acc2:0.8234, f_score:0.8230
epoch:33, train_loss:1.9281, valid_mse:1.2080, valid_mae:0.8645, test_acc2:0.8161
current mae:0.8643, current corr:0.7589, acc7:0.3109, acc5:0.3109,acc2_non_zero:0.8305, f_score_non_zero:0.8306, acc2:0.8161, f_score:0.8156
epoch:34, train_loss:1.9039, valid_mse:1.1097, valid_mae:0.8162, test_acc2:0.8263
current mae:0.8575, current corr:0.7508, acc7:0.3591, acc5:0.3839,acc2_non_zero:0.8382, f_score_non_zero:0.8390, acc2:0.8263, f_score:0.8266
epoch:35, train_loss:1.8811, valid_mse:1.2550, valid_mae:0.8577, test_acc2:0.8190
current mae:0.8225, current corr:0.7318, acc7:0.3752, acc5:0.4000,acc2_non_zero:0.8366, f_score_non_zero:0.8354, acc2:0.8190, f_score:0.8171
epoch:36, train_loss:1.8420, valid_mse:1.1513, valid_mae:0.8174, test_acc2:0.8248
current mae:0.8072, current corr:0.7520, acc7:0.3883, acc5:0.4146,acc2_non_zero:0.8458, f_score_non_zero:0.8452, acc2:0.8248, f_score:0.8235
epoch:37, train_loss:1.7965, valid_mse:1.1162, valid_mae:0.8012, test_acc2:0.8219
current mae:0.8052, current corr:0.7641, acc7:0.3825, acc5:0.4088,acc2_non_zero:0.8366, f_score_non_zero:0.8374, acc2:0.8219, f_score:0.8222
epoch:38, train_loss:1.7781, valid_mse:1.2008, valid_mae:0.8136, test_acc2:0.8307
current mae:0.8238, current corr:0.7547, acc7:0.3591, acc5:0.3869,acc2_non_zero:0.8458, f_score_non_zero:0.8465, acc2:0.8307, f_score:0.8309
epoch:39, train_loss:1.7326, valid_mse:1.1635, valid_mae:0.8194, test_acc2:0.8175
current mae:0.8838, current corr:0.7553, acc7:0.3226, acc5:0.3489,acc2_non_zero:0.8260, f_score_non_zero:0.8269, acc2:0.8175, f_score:0.8179
epoch:40, train_loss:1.7252, valid_mse:1.1909, valid_mae:0.8206, test_acc2:0.8263
current mae:0.8485, current corr:0.7649, acc7:0.3474, acc5:0.3737,acc2_non_zero:0.8366, f_score_non_zero:0.8376, acc2:0.8263, f_score:0.8267
epoch:41, train_loss:1.6946, valid_mse:1.1382, valid_mae:0.7972, test_acc2:0.8263
current mae:0.8267, current corr:0.7618, acc7:0.3650, acc5:0.3912,acc2_non_zero:0.8397, f_score_non_zero:0.8404, acc2:0.8263, f_score:0.8265
epoch:42, train_loss:1.6757, valid_mse:1.1071, valid_mae:0.7886, test_acc2:0.8248
current mae:0.8365, current corr:0.7614, acc7:0.3577, acc5:0.3839,acc2_non_zero:0.8366, f_score_non_zero:0.8374, acc2:0.8248, f_score:0.8251
epoch:43, train_loss:1.6356, valid_mse:1.1079, valid_mae:0.7876, test_acc2:0.8248
current mae:0.7953, current corr:0.7532, acc7:0.3620, acc5:0.3869,acc2_non_zero:0.8412, f_score_non_zero:0.8411, acc2:0.8248, f_score:0.8241
epoch:44, train_loss:1.6335, valid_mse:1.1163, valid_mae:0.7901, test_acc2:0.8190
current mae:0.8070, current corr:0.7592, acc7:0.3679, acc5:0.3942,acc2_non_zero:0.8321, f_score_non_zero:0.8324, acc2:0.8190, f_score:0.8189
epoch:45, train_loss:1.6072, valid_mse:1.1639, valid_mae:0.7998, test_acc2:0.8161
current mae:0.8403, current corr:0.7587, acc7:0.3577, acc5:0.3854,acc2_non_zero:0.8290, f_score_non_zero:0.8300, acc2:0.8161, f_score:0.8165
epoch:46, train_loss:1.5876, valid_mse:1.1645, valid_mae:0.8016, test_acc2:0.8234
current mae:0.8258, current corr:0.7605, acc7:0.3898, acc5:0.4336,acc2_non_zero:0.8382, f_score_non_zero:0.8387, acc2:0.8234, f_score:0.8234
epoch:47, train_loss:1.5631, valid_mse:1.1735, valid_mae:0.7896, test_acc2:0.8292
current mae:0.7994, current corr:0.7608, acc7:0.4336, acc5:0.4934,acc2_non_zero:0.8443, f_score_non_zero:0.8449, acc2:0.8292, f_score:0.8293
epoch:48, train_loss:1.5692, valid_mse:1.2645, valid_mae:0.8122, test_acc2:0.8204
current mae:0.8391, current corr:0.7343, acc7:0.4292, acc5:0.5080,acc2_non_zero:0.8366, f_score_non_zero:0.8371, acc2:0.8204, f_score:0.8204
epoch:49, train_loss:1.5408, valid_mse:1.1648, valid_mae:0.7909, test_acc2:0.8234
current mae:0.8271, current corr:0.7484, acc7:0.4336, acc5:0.5007,acc2_non_zero:0.8366, f_score_non_zero:0.8374, acc2:0.8234, f_score:0.8236
epoch:50, train_loss:1.5172, valid_mse:1.1701, valid_mae:0.7963, test_acc2:0.8190
current mae:0.8318, current corr:0.7540, acc7:0.4204, acc5:0.4803,acc2_non_zero:0.8336, f_score_non_zero:0.8344, acc2:0.8190, f_score:0.8193
epoch:51, train_loss:1.4791, valid_mse:1.1970, valid_mae:0.8019, test_acc2:0.8292
current mae:0.8039, current corr:0.7609, acc7:0.4044, acc5:0.4511,acc2_non_zero:0.8458, f_score_non_zero:0.8456, acc2:0.8292, f_score:0.8285
epoch:52, train_loss:1.4983, valid_mse:1.2154, valid_mae:0.8110, test_acc2:0.8204
current mae:0.8061, current corr:0.7618, acc7:0.3985, acc5:0.4409,acc2_non_zero:0.8366, f_score_non_zero:0.8365, acc2:0.8204, f_score:0.8198
epoch:53, train_loss:1.4539, valid_mse:1.1108, valid_mae:0.7750, test_acc2:0.8204
current mae:0.8237, current corr:0.7609, acc7:0.4058, acc5:0.4642,acc2_non_zero:0.8351, f_score_non_zero:0.8358, acc2:0.8204, f_score:0.8207
epoch:54, train_loss:1.4353, valid_mse:1.1438, valid_mae:0.7885, test_acc2:0.8204
current mae:0.8207, current corr:0.7544, acc7:0.4102, acc5:0.4657,acc2_non_zero:0.8336, f_score_non_zero:0.8342, acc2:0.8204, f_score:0.8206
epoch:55, train_loss:1.4203, valid_mse:1.0806, valid_mae:0.7669, test_acc2:0.8248
current mae:0.8171, current corr:0.7645, acc7:0.4131, acc5:0.4701,acc2_non_zero:0.8351, f_score_non_zero:0.8360, acc2:0.8248, f_score:0.8252
epoch:56, train_loss:1.4133, valid_mse:1.1100, valid_mae:0.7792, test_acc2:0.8190
current mae:0.8036, current corr:0.7506, acc7:0.4336, acc5:0.4964,acc2_non_zero:0.8351, f_score_non_zero:0.8351, acc2:0.8190, f_score:0.8184
epoch:57, train_loss:1.3971, valid_mse:1.1618, valid_mae:0.7900, test_acc2:0.8263
current mae:0.8096, current corr:0.7527, acc7:0.4292, acc5:0.4876,acc2_non_zero:0.8427, f_score_non_zero:0.8430, acc2:0.8263, f_score:0.8260
epoch:58, train_loss:1.3777, valid_mse:1.1548, valid_mae:0.8007, test_acc2:0.8248
current mae:0.8003, current corr:0.7543, acc7:0.4190, acc5:0.4745,acc2_non_zero:0.8427, f_score_non_zero:0.8430, acc2:0.8248, f_score:0.8245
epoch:59, train_loss:1.3949, valid_mse:1.1617, valid_mae:0.7999, test_acc2:0.8234
current mae:0.8001, current corr:0.7533, acc7:0.4277, acc5:0.4818,acc2_non_zero:0.8412, f_score_non_zero:0.8409, acc2:0.8234, f_score:0.8224
epoch:60, train_loss:1.3602, valid_mse:1.1369, valid_mae:0.7801, test_acc2:0.8190
current mae:0.8369, current corr:0.7512, acc7:0.3971, acc5:0.4511,acc2_non_zero:0.8321, f_score_non_zero:0.8330, acc2:0.8190, f_score:0.8194
epoch:61, train_loss:1.3264, valid_mse:1.1739, valid_mae:0.8029, test_acc2:0.8190
current mae:0.8138, current corr:0.7535, acc7:0.4263, acc5:0.4905,acc2_non_zero:0.8305, f_score_non_zero:0.8313, acc2:0.8190, f_score:0.8193
epoch:62, train_loss:1.3188, valid_mse:1.2155, valid_mae:0.8032, test_acc2:0.8175
current mae:0.8189, current corr:0.7460, acc7:0.4219, acc5:0.4861,acc2_non_zero:0.8321, f_score_non_zero:0.8325, acc2:0.8175, f_score:0.8174
epoch:63, train_loss:1.3072, valid_mse:1.1362, valid_mae:0.7971, test_acc2:0.8234
current mae:0.8481, current corr:0.7501, acc7:0.3883, acc5:0.4467,acc2_non_zero:0.8321, f_score_non_zero:0.8331, acc2:0.8234, f_score:0.8238
epoch:64, train_loss:1.2903, valid_mse:1.1279, valid_mae:0.7905, test_acc2:0.8146
current mae:0.8677, current corr:0.7410, acc7:0.3869, acc5:0.4350,acc2_non_zero:0.8229, f_score_non_zero:0.8240, acc2:0.8146, f_score:0.8151
epoch:65, train_loss:1.2689, valid_mse:1.1307, valid_mae:0.7902, test_acc2:0.8190
current mae:0.8087, current corr:0.7472, acc7:0.4146, acc5:0.4672,acc2_non_zero:0.8366, f_score_non_zero:0.8365, acc2:0.8190, f_score:0.8183
epoch:66, train_loss:1.2666, valid_mse:1.1201, valid_mae:0.7766, test_acc2:0.8219
current mae:0.8129, current corr:0.7483, acc7:0.4277, acc5:0.4978,acc2_non_zero:0.8366, f_score_non_zero:0.8370, acc2:0.8219, f_score:0.8218
epoch:67, train_loss:1.2400, valid_mse:1.1376, valid_mae:0.7839, test_acc2:0.8219
current mae:0.8244, current corr:0.7446, acc7:0.4204, acc5:0.4876,acc2_non_zero:0.8336, f_score_non_zero:0.8344, acc2:0.8219, f_score:0.8222
epoch:68, train_loss:1.2528, valid_mse:1.1342, valid_mae:0.7949, test_acc2:0.8175
current mae:0.8323, current corr:0.7501, acc7:0.4000, acc5:0.4555,acc2_non_zero:0.8290, f_score_non_zero:0.8299, acc2:0.8175, f_score:0.8179
epoch:69, train_loss:1.2326, valid_mse:1.1354, valid_mae:0.7885, test_acc2:0.8146
current mae:0.8168, current corr:0.7478, acc7:0.4277, acc5:0.4949,acc2_non_zero:0.8260, f_score_non_zero:0.8268, acc2:0.8146, f_score:0.8149
Loading best model from epoch 15 by acc2=0.8321 for analysis export.
Analysis files exported to: /data01/lyw/GLoMo/experiments/mosi_text_only_seed5576/analysis
  predictions: /data01/lyw/GLoMo/experiments/mosi_text_only_seed5576/analysis/predictions.csv
  repr: /data01/lyw/GLoMo/experiments/mosi_text_only_seed5576/analysis/repr.npz
  repr meta: /data01/lyw/GLoMo/experiments/mosi_text_only_seed5576/analysis/repr_meta.json
  cases: /data01/lyw/GLoMo/experiments/mosi_text_only_seed5576/analysis/cases.csv
Metrics summary saved to: /data01/lyw/GLoMo/experiments/mosi_text_only_seed5576/metrics.json
Total runtime: 343831.974029541 ms
