Using device: cuda:0, visible GPUs: 6
GPU name: NVIDIA GeForce RTX 3090
Seed: 5576
Command script saved to: /data01/lyw/GLoMo/experiments/mosei_text_only_seed5576/command.sh
train labels: n=16265 min=-3.000 max=3.000 mean=0.146 std=1.125
dev labels: n=1869 min=-3.000 max=3.000 mean=0.190 std=1.038
test labels: n=4643 min=-3.000 max=3.000 mean=0.141 std=1.108
BERT load: missing=3 unexpected=10
BERT missing keys (first 5): ['linear1.weight', 'linear1.bias', 'proj_l.weight']
BERT unexpected keys (first 5): ['pooler.dense.weight', 'pooler.dense.bias', 'cls.predictions.bias', 'cls.predictions.transform.dense.weight', 'cls.predictions.transform.dense.bias']
conv audio std 0.03875073790550232
conv video std 0.056293025612831116
total parameter for the model:  117281879
epoch:0, train_loss:2.1890, valid_mse:0.5844, valid_mae:0.5852, test_acc2:0.8299
current mae:0.6193, current corr:0.6891, acc7:0.4689, acc5:0.4689,acc2_non_zero:0.8412, f_score_non_zero:0.8392, acc2:0.8299, f_score:0.8312
Saved best model at epoch 0 by acc2=0.8299 -> /data01/lyw/GLoMo/experiments/mosei_text_only_seed5576/best_model.pt
epoch:1, train_loss:1.7598, valid_mse:0.5869, valid_mae:0.5800, test_acc2:0.8447
current mae:0.6076, current corr:0.7243, acc7:0.4982, acc5:0.5111,acc2_non_zero:0.8359, f_score_non_zero:0.8302, acc2:0.8447, f_score:0.8409
Saved best model at epoch 1 by acc2=0.8447 -> /data01/lyw/GLoMo/experiments/mosei_text_only_seed5576/best_model.pt
epoch:2, train_loss:1.5785, valid_mse:0.6258, valid_mae:0.5964, test_acc2:0.8490
current mae:0.6113, current corr:0.7347, acc7:0.4872, acc5:0.5053,acc2_non_zero:0.8376, f_score_non_zero:0.8307, acc2:0.8490, f_score:0.8439
Saved best model at epoch 2 by acc2=0.8490 -> /data01/lyw/GLoMo/experiments/mosei_text_only_seed5576/best_model.pt
epoch:3, train_loss:1.4589, valid_mse:0.5603, valid_mae:0.5570, test_acc2:0.8523
current mae:0.5716, current corr:0.7489, acc7:0.5186, acc5:0.5356,acc2_non_zero:0.8409, f_score_non_zero:0.8348, acc2:0.8523, f_score:0.8477
Saved best model at epoch 3 by acc2=0.8523 -> /data01/lyw/GLoMo/experiments/mosei_text_only_seed5576/best_model.pt
epoch:4, train_loss:1.3434, valid_mse:0.5284, valid_mae:0.5397, test_acc2:0.8475
current mae:0.5545, current corr:0.7532, acc7:0.5253, acc5:0.5417,acc2_non_zero:0.8406, f_score_non_zero:0.8353, acc2:0.8475, f_score:0.8441
epoch:5, train_loss:1.2349, valid_mse:0.5503, valid_mae:0.5533, test_acc2:0.8525
current mae:0.5652, current corr:0.7458, acc7:0.5206, acc5:0.5378,acc2_non_zero:0.8417, f_score_non_zero:0.8356, acc2:0.8525, f_score:0.8479
Saved best model at epoch 5 by acc2=0.8525 -> /data01/lyw/GLoMo/experiments/mosei_text_only_seed5576/best_model.pt
epoch:6, train_loss:1.1333, valid_mse:0.6561, valid_mae:0.6183, test_acc2:0.8507
current mae:0.6247, current corr:0.7444, acc7:0.4814, acc5:0.5005,acc2_non_zero:0.8436, f_score_non_zero:0.8385, acc2:0.8507, f_score:0.8474
epoch:7, train_loss:1.0271, valid_mse:0.6454, valid_mae:0.6091, test_acc2:0.8479
current mae:0.6137, current corr:0.7450, acc7:0.4859, acc5:0.5044,acc2_non_zero:0.8450, f_score_non_zero:0.8405, acc2:0.8479, f_score:0.8454
epoch:8, train_loss:0.9480, valid_mse:0.5605, valid_mae:0.5636, test_acc2:0.8510
current mae:0.5739, current corr:0.7460, acc7:0.5046, acc5:0.5219,acc2_non_zero:0.8475, f_score_non_zero:0.8430, acc2:0.8510, f_score:0.8483
epoch:9, train_loss:0.8576, valid_mse:0.5907, valid_mae:0.5755, test_acc2:0.8434
current mae:0.5851, current corr:0.7388, acc7:0.5094, acc5:0.5268,acc2_non_zero:0.8439, f_score_non_zero:0.8395, acc2:0.8434, f_score:0.8413
epoch:10, train_loss:0.7963, valid_mse:0.5676, valid_mae:0.5639, test_acc2:0.8484
current mae:0.5717, current corr:0.7370, acc7:0.5122, acc5:0.5285,acc2_non_zero:0.8428, f_score_non_zero:0.8379, acc2:0.8484, f_score:0.8453
epoch:11, train_loss:0.7190, valid_mse:0.5850, valid_mae:0.5734, test_acc2:0.8411
current mae:0.5849, current corr:0.7379, acc7:0.5012, acc5:0.5186,acc2_non_zero:0.8412, f_score_non_zero:0.8372, acc2:0.8411, f_score:0.8394
epoch:12, train_loss:0.6752, valid_mse:0.5558, valid_mae:0.5560, test_acc2:0.8389
current mae:0.5719, current corr:0.7334, acc7:0.5092, acc5:0.5262,acc2_non_zero:0.8428, f_score_non_zero:0.8394, acc2:0.8389, f_score:0.8381
epoch:13, train_loss:0.6161, valid_mse:0.5777, valid_mae:0.5677, test_acc2:0.8385
current mae:0.5771, current corr:0.7385, acc7:0.5094, acc5:0.5270,acc2_non_zero:0.8445, f_score_non_zero:0.8419, acc2:0.8385, f_score:0.8386
epoch:14, train_loss:0.5798, valid_mse:0.5514, valid_mae:0.5573, test_acc2:0.8322
current mae:0.5690, current corr:0.7334, acc7:0.5094, acc5:0.5257,acc2_non_zero:0.8461, f_score_non_zero:0.8446, acc2:0.8322, f_score:0.8340
epoch:15, train_loss:0.5362, valid_mse:0.5628, valid_mae:0.5630, test_acc2:0.8449
current mae:0.5775, current corr:0.7407, acc7:0.5085, acc5:0.5247,acc2_non_zero:0.8428, f_score_non_zero:0.8392, acc2:0.8449, f_score:0.8434
epoch:16, train_loss:0.5007, valid_mse:0.5509, valid_mae:0.5517, test_acc2:0.8318
current mae:0.5611, current corr:0.7396, acc7:0.5100, acc5:0.5262,acc2_non_zero:0.8428, f_score_non_zero:0.8415, acc2:0.8318, f_score:0.8337
epoch:17, train_loss:0.4678, valid_mse:0.5641, valid_mae:0.5708, test_acc2:0.8482
current mae:0.5792, current corr:0.7429, acc7:0.5025, acc5:0.5176,acc2_non_zero:0.8406, f_score_non_zero:0.8357, acc2:0.8482, f_score:0.8451
epoch:18, train_loss:0.4445, valid_mse:0.5647, valid_mae:0.5661, test_acc2:0.8303
current mae:0.5765, current corr:0.7395, acc7:0.5033, acc5:0.5199,acc2_non_zero:0.8497, f_score_non_zero:0.8485, acc2:0.8303, f_score:0.8327
epoch:19, train_loss:0.4202, valid_mse:0.5767, valid_mae:0.5711, test_acc2:0.8342
current mae:0.5765, current corr:0.7404, acc7:0.5018, acc5:0.5182,acc2_non_zero:0.8511, f_score_non_zero:0.8495, acc2:0.8342, f_score:0.8359
epoch:20, train_loss:0.4048, valid_mse:0.5351, valid_mae:0.5436, test_acc2:0.8344
current mae:0.5639, current corr:0.7381, acc7:0.5083, acc5:0.5260,acc2_non_zero:0.8483, f_score_non_zero:0.8469, acc2:0.8344, f_score:0.8362
epoch:21, train_loss:0.3782, valid_mse:0.5539, valid_mae:0.5551, test_acc2:0.8286
current mae:0.5743, current corr:0.7365, acc7:0.4984, acc5:0.5171,acc2_non_zero:0.8500, f_score_non_zero:0.8492, acc2:0.8286, f_score:0.8316
epoch:22, train_loss:0.3627, valid_mse:0.5586, valid_mae:0.5561, test_acc2:0.7756
current mae:0.5699, current corr:0.7366, acc7:0.5051, acc5:0.5236,acc2_non_zero:0.8331, f_score_non_zero:0.8351, acc2:0.7756, f_score:0.7851
epoch:23, train_loss:0.3446, valid_mse:0.5605, valid_mae:0.5623, test_acc2:0.8122
current mae:0.5698, current corr:0.7444, acc7:0.5061, acc5:0.5281,acc2_non_zero:0.8508, f_score_non_zero:0.8509, acc2:0.8122, f_score:0.8176
epoch:24, train_loss:0.3288, valid_mse:0.5524, valid_mae:0.5539, test_acc2:0.8262
current mae:0.5668, current corr:0.7401, acc7:0.5053, acc5:0.5257,acc2_non_zero:0.8475, f_score_non_zero:0.8474, acc2:0.8262, f_score:0.8301
epoch:25, train_loss:0.3122, valid_mse:0.5640, valid_mae:0.5583, test_acc2:0.7982
current mae:0.5694, current corr:0.7388, acc7:0.5068, acc5:0.5283,acc2_non_zero:0.8448, f_score_non_zero:0.8456, acc2:0.7982, f_score:0.8053
epoch:26, train_loss:0.2971, valid_mse:0.5598, valid_mae:0.5596, test_acc2:0.8154
current mae:0.5740, current corr:0.7386, acc7:0.4986, acc5:0.5208,acc2_non_zero:0.8434, f_score_non_zero:0.8436, acc2:0.8154, f_score:0.8204
epoch:27, train_loss:0.2830, valid_mse:0.5635, valid_mae:0.5619, test_acc2:0.7950
current mae:0.5739, current corr:0.7374, acc7:0.5038, acc5:0.5236,acc2_non_zero:0.8412, f_score_non_zero:0.8423, acc2:0.7950, f_score:0.8025
epoch:28, train_loss:0.2813, valid_mse:0.6090, valid_mae:0.5957, test_acc2:0.8413
current mae:0.5970, current corr:0.7442, acc7:0.4857, acc5:0.5070,acc2_non_zero:0.8445, f_score_non_zero:0.8409, acc2:0.8413, f_score:0.8402
epoch:29, train_loss:0.2711, valid_mse:0.5635, valid_mae:0.5615, test_acc2:0.8107
current mae:0.5694, current corr:0.7427, acc7:0.5070, acc5:0.5277,acc2_non_zero:0.8478, f_score_non_zero:0.8478, acc2:0.8107, f_score:0.8161
epoch:30, train_loss:0.2624, valid_mse:0.5290, valid_mae:0.5491, test_acc2:0.8247
current mae:0.5636, current corr:0.7422, acc7:0.5020, acc5:0.5184,acc2_non_zero:0.8514, f_score_non_zero:0.8499, acc2:0.8247, f_score:0.8274
epoch:31, train_loss:0.2562, valid_mse:0.5393, valid_mae:0.5489, test_acc2:0.7963
current mae:0.5638, current corr:0.7429, acc7:0.5094, acc5:0.5268,acc2_non_zero:0.8445, f_score_non_zero:0.8450, acc2:0.7963, f_score:0.8032
epoch:32, train_loss:0.2493, valid_mse:0.5338, valid_mae:0.5525, test_acc2:0.8219
current mae:0.5653, current corr:0.7452, acc7:0.5020, acc5:0.5216,acc2_non_zero:0.8478, f_score_non_zero:0.8469, acc2:0.8219, f_score:0.8253
epoch:33, train_loss:0.2471, valid_mse:0.5553, valid_mae:0.5589, test_acc2:0.8159
current mae:0.5714, current corr:0.7451, acc7:0.4992, acc5:0.5214,acc2_non_zero:0.8456, f_score_non_zero:0.8451, acc2:0.8159, f_score:0.8202
epoch:34, train_loss:0.2378, valid_mse:0.5718, valid_mae:0.5730, test_acc2:0.8212
current mae:0.5810, current corr:0.7460, acc7:0.4954, acc5:0.5176,acc2_non_zero:0.8453, f_score_non_zero:0.8444, acc2:0.8212, f_score:0.8246
epoch:35, train_loss:0.2286, valid_mse:0.5459, valid_mae:0.5567, test_acc2:0.8006
current mae:0.5652, current corr:0.7454, acc7:0.5066, acc5:0.5249,acc2_non_zero:0.8470, f_score_non_zero:0.8477, acc2:0.8006, f_score:0.8074
epoch:36, train_loss:0.2296, valid_mse:0.5410, valid_mae:0.5497, test_acc2:0.8008
current mae:0.5597, current corr:0.7477, acc7:0.5124, acc5:0.5316,acc2_non_zero:0.8442, f_score_non_zero:0.8449, acc2:0.8008, f_score:0.8075
epoch:37, train_loss:0.2216, valid_mse:0.5523, valid_mae:0.5554, test_acc2:0.8152
current mae:0.5649, current corr:0.7477, acc7:0.5066, acc5:0.5279,acc2_non_zero:0.8472, f_score_non_zero:0.8469, acc2:0.8152, f_score:0.8197
epoch:38, train_loss:0.2143, valid_mse:0.5474, valid_mae:0.5582, test_acc2:0.8120
current mae:0.5772, current corr:0.7476, acc7:0.4984, acc5:0.5180,acc2_non_zero:0.8500, f_score_non_zero:0.8498, acc2:0.8120, f_score:0.8170
epoch:39, train_loss:0.2113, valid_mse:0.5599, valid_mae:0.5596, test_acc2:0.8191
current mae:0.5715, current corr:0.7416, acc7:0.5018, acc5:0.5208,acc2_non_zero:0.8434, f_score_non_zero:0.8432, acc2:0.8191, f_score:0.8234
epoch:40, train_loss:0.2100, valid_mse:0.5321, valid_mae:0.5507, test_acc2:0.8251
current mae:0.5634, current corr:0.7476, acc7:0.5130, acc5:0.5298,acc2_non_zero:0.8450, f_score_non_zero:0.8437, acc2:0.8251, f_score:0.8278
epoch:41, train_loss:0.1998, valid_mse:0.5373, valid_mae:0.5488, test_acc2:0.8087
current mae:0.5585, current corr:0.7479, acc7:0.5145, acc5:0.5337,acc2_non_zero:0.8486, f_score_non_zero:0.8492, acc2:0.8087, f_score:0.8149
epoch:42, train_loss:0.2026, valid_mse:0.5365, valid_mae:0.5582, test_acc2:0.8355
current mae:0.5717, current corr:0.7496, acc7:0.4975, acc5:0.5163,acc2_non_zero:0.8511, f_score_non_zero:0.8498, acc2:0.8355, f_score:0.8375
epoch:43, train_loss:0.1920, valid_mse:0.5567, valid_mae:0.5626, test_acc2:0.8053
current mae:0.5740, current corr:0.7482, acc7:0.5042, acc5:0.5260,acc2_non_zero:0.8456, f_score_non_zero:0.8462, acc2:0.8053, f_score:0.8116
epoch:44, train_loss:0.1864, valid_mse:0.5243, valid_mae:0.5461, test_acc2:0.8245
current mae:0.5573, current corr:0.7512, acc7:0.5145, acc5:0.5333,acc2_non_zero:0.8508, f_score_non_zero:0.8497, acc2:0.8245, f_score:0.8276
epoch:45, train_loss:0.1900, valid_mse:0.5125, valid_mae:0.5344, test_acc2:0.8001
current mae:0.5526, current corr:0.7489, acc7:0.5163, acc5:0.5354,acc2_non_zero:0.8434, f_score_non_zero:0.8437, acc2:0.8001, f_score:0.8065
epoch:46, train_loss:0.1783, valid_mse:0.5441, valid_mae:0.5606, test_acc2:0.8234
current mae:0.5734, current corr:0.7467, acc7:0.4964, acc5:0.5148,acc2_non_zero:0.8492, f_score_non_zero:0.8483, acc2:0.8234, f_score:0.8268
epoch:47, train_loss:0.1720, valid_mse:0.5442, valid_mae:0.5529, test_acc2:0.8163
current mae:0.5643, current corr:0.7492, acc7:0.5066, acc5:0.5264,acc2_non_zero:0.8508, f_score_non_zero:0.8512, acc2:0.8163, f_score:0.8217
epoch:48, train_loss:0.1771, valid_mse:0.5464, valid_mae:0.5547, test_acc2:0.8286
current mae:0.5710, current corr:0.7480, acc7:0.5033, acc5:0.5251,acc2_non_zero:0.8514, f_score_non_zero:0.8509, acc2:0.8286, f_score:0.8320
epoch:49, train_loss:0.1712, valid_mse:0.5488, valid_mae:0.5578, test_acc2:0.8055
current mae:0.5673, current corr:0.7460, acc7:0.5111, acc5:0.5311,acc2_non_zero:0.8483, f_score_non_zero:0.8485, acc2:0.8055, f_score:0.8115
epoch:50, train_loss:0.1667, valid_mse:0.5264, valid_mae:0.5513, test_acc2:0.8443
current mae:0.5601, current corr:0.7532, acc7:0.5135, acc5:0.5305,acc2_non_zero:0.8461, f_score_non_zero:0.8428, acc2:0.8443, f_score:0.8433
epoch:51, train_loss:0.1599, valid_mse:0.5243, valid_mae:0.5474, test_acc2:0.8240
current mae:0.5598, current corr:0.7512, acc7:0.5124, acc5:0.5292,acc2_non_zero:0.8503, f_score_non_zero:0.8492, acc2:0.8240, f_score:0.8272
epoch:52, train_loss:0.1602, valid_mse:0.5436, valid_mae:0.5566, test_acc2:0.8217
current mae:0.5719, current corr:0.7506, acc7:0.5023, acc5:0.5225,acc2_non_zero:0.8503, f_score_non_zero:0.8499, acc2:0.8217, f_score:0.8258
epoch:53, train_loss:0.1562, valid_mse:0.5310, valid_mae:0.5459, test_acc2:0.7879
current mae:0.5628, current corr:0.7478, acc7:0.5163, acc5:0.5356,acc2_non_zero:0.8450, f_score_non_zero:0.8460, acc2:0.7879, f_score:0.7959
epoch:54, train_loss:0.1589, valid_mse:0.5273, valid_mae:0.5442, test_acc2:0.8126
current mae:0.5609, current corr:0.7498, acc7:0.5156, acc5:0.5354,acc2_non_zero:0.8459, f_score_non_zero:0.8456, acc2:0.8126, f_score:0.8174
epoch:55, train_loss:0.1527, valid_mse:0.5250, valid_mae:0.5451, test_acc2:0.8087
current mae:0.5610, current corr:0.7513, acc7:0.5126, acc5:0.5322,acc2_non_zero:0.8497, f_score_non_zero:0.8497, acc2:0.8087, f_score:0.8143
epoch:56, train_loss:0.1487, valid_mse:0.5306, valid_mae:0.5455, test_acc2:0.8038
current mae:0.5613, current corr:0.7495, acc7:0.5143, acc5:0.5337,acc2_non_zero:0.8459, f_score_non_zero:0.8464, acc2:0.8038, f_score:0.8101
epoch:57, train_loss:0.1483, valid_mse:0.5378, valid_mae:0.5525, test_acc2:0.8122
current mae:0.5652, current corr:0.7467, acc7:0.5130, acc5:0.5331,acc2_non_zero:0.8475, f_score_non_zero:0.8476, acc2:0.8122, f_score:0.8174
epoch:58, train_loss:0.1404, valid_mse:0.5410, valid_mae:0.5515, test_acc2:0.8096
current mae:0.5638, current corr:0.7499, acc7:0.5096, acc5:0.5298,acc2_non_zero:0.8475, f_score_non_zero:0.8479, acc2:0.8096, f_score:0.8154
epoch:59, train_loss:0.1377, valid_mse:0.5321, valid_mae:0.5505, test_acc2:0.8141
current mae:0.5623, current corr:0.7469, acc7:0.5115, acc5:0.5311,acc2_non_zero:0.8481, f_score_non_zero:0.8482, acc2:0.8141, f_score:0.8193
epoch:60, train_loss:0.1364, valid_mse:0.5296, valid_mae:0.5462, test_acc2:0.7965
current mae:0.5570, current corr:0.7471, acc7:0.5178, acc5:0.5346,acc2_non_zero:0.8442, f_score_non_zero:0.8449, acc2:0.7965, f_score:0.8036
epoch:61, train_loss:0.1346, valid_mse:0.5212, valid_mae:0.5417, test_acc2:0.7743
current mae:0.5573, current corr:0.7501, acc7:0.5130, acc5:0.5313,acc2_non_zero:0.8387, f_score_non_zero:0.8404, acc2:0.7743, f_score:0.7839
epoch:62, train_loss:0.1329, valid_mse:0.5334, valid_mae:0.5519, test_acc2:0.8208
current mae:0.5669, current corr:0.7496, acc7:0.4956, acc5:0.5145,acc2_non_zero:0.8514, f_score_non_zero:0.8509, acc2:0.8208, f_score:0.8250
epoch:63, train_loss:0.1304, valid_mse:0.5450, valid_mae:0.5560, test_acc2:0.8103
current mae:0.5700, current corr:0.7473, acc7:0.5042, acc5:0.5249,acc2_non_zero:0.8492, f_score_non_zero:0.8494, acc2:0.8103, f_score:0.8159
epoch:64, train_loss:0.1262, valid_mse:0.5411, valid_mae:0.5499, test_acc2:0.8021
current mae:0.5589, current corr:0.7469, acc7:0.5128, acc5:0.5320,acc2_non_zero:0.8483, f_score_non_zero:0.8487, acc2:0.8021, f_score:0.8085
epoch:65, train_loss:0.1255, valid_mse:0.5311, valid_mae:0.5479, test_acc2:0.8146
current mae:0.5590, current corr:0.7483, acc7:0.5109, acc5:0.5285,acc2_non_zero:0.8494, f_score_non_zero:0.8495, acc2:0.8146, f_score:0.8197
epoch:66, train_loss:0.1239, valid_mse:0.5451, valid_mae:0.5525, test_acc2:0.8021
current mae:0.5695, current corr:0.7452, acc7:0.5036, acc5:0.5219,acc2_non_zero:0.8459, f_score_non_zero:0.8465, acc2:0.8021, f_score:0.8087
epoch:67, train_loss:0.1198, valid_mse:0.5499, valid_mae:0.5560, test_acc2:0.7999
current mae:0.5639, current corr:0.7473, acc7:0.5076, acc5:0.5272,acc2_non_zero:0.8470, f_score_non_zero:0.8477, acc2:0.7999, f_score:0.8069
epoch:68, train_loss:0.1199, valid_mse:0.5384, valid_mae:0.5517, test_acc2:0.8100
current mae:0.5629, current corr:0.7522, acc7:0.5018, acc5:0.5221,acc2_non_zero:0.8506, f_score_non_zero:0.8505, acc2:0.8100, f_score:0.8155
epoch:69, train_loss:0.1162, valid_mse:0.5351, valid_mae:0.5482, test_acc2:0.8176
current mae:0.5604, current corr:0.7489, acc7:0.5120, acc5:0.5316,acc2_non_zero:0.8500, f_score_non_zero:0.8498, acc2:0.8176, f_score:0.8222
epoch:70, train_loss:0.1129, valid_mse:0.5540, valid_mae:0.5592, test_acc2:0.8135
current mae:0.5655, current corr:0.7473, acc7:0.5132, acc5:0.5326,acc2_non_zero:0.8494, f_score_non_zero:0.8495, acc2:0.8135, f_score:0.8187
epoch:71, train_loss:0.1122, valid_mse:0.5446, valid_mae:0.5523, test_acc2:0.8098
current mae:0.5646, current corr:0.7497, acc7:0.5104, acc5:0.5303,acc2_non_zero:0.8497, f_score_non_zero:0.8499, acc2:0.8098, f_score:0.8155
epoch:72, train_loss:0.1126, valid_mse:0.5326, valid_mae:0.5434, test_acc2:0.7950
current mae:0.5589, current corr:0.7505, acc7:0.5184, acc5:0.5384,acc2_non_zero:0.8434, f_score_non_zero:0.8440, acc2:0.7950, f_score:0.8021
epoch:73, train_loss:0.1073, valid_mse:0.5245, valid_mae:0.5409, test_acc2:0.8064
current mae:0.5526, current corr:0.7479, acc7:0.5223, acc5:0.5410,acc2_non_zero:0.8475, f_score_non_zero:0.8476, acc2:0.8064, f_score:0.8122
epoch:74, train_loss:0.1093, valid_mse:0.5344, valid_mae:0.5464, test_acc2:0.7896
current mae:0.5643, current corr:0.7440, acc7:0.5115, acc5:0.5296,acc2_non_zero:0.8403, f_score_non_zero:0.8416, acc2:0.7896, f_score:0.7976
epoch:75, train_loss:0.1076, valid_mse:0.5445, valid_mae:0.5527, test_acc2:0.8096
current mae:0.5658, current corr:0.7438, acc7:0.5117, acc5:0.5309,acc2_non_zero:0.8423, f_score_non_zero:0.8430, acc2:0.8096, f_score:0.8155
epoch:76, train_loss:0.1084, valid_mse:0.5449, valid_mae:0.5556, test_acc2:0.8197
current mae:0.5678, current corr:0.7458, acc7:0.5130, acc5:0.5318,acc2_non_zero:0.8489, f_score_non_zero:0.8484, acc2:0.8197, f_score:0.8239
epoch:77, train_loss:0.1048, valid_mse:0.5270, valid_mae:0.5438, test_acc2:0.8238
current mae:0.5576, current corr:0.7506, acc7:0.5158, acc5:0.5359,acc2_non_zero:0.8511, f_score_non_zero:0.8510, acc2:0.8238, f_score:0.8281
epoch:78, train_loss:0.1069, valid_mse:0.5307, valid_mae:0.5430, test_acc2:0.8019
current mae:0.5592, current corr:0.7476, acc7:0.5184, acc5:0.5363,acc2_non_zero:0.8414, f_score_non_zero:0.8421, acc2:0.8019, f_score:0.8083
epoch:79, train_loss:0.1048, valid_mse:0.5235, valid_mae:0.5389, test_acc2:0.8044
current mae:0.5585, current corr:0.7467, acc7:0.5178, acc5:0.5372,acc2_non_zero:0.8481, f_score_non_zero:0.8482, acc2:0.8044, f_score:0.8104
epoch:80, train_loss:0.0901, valid_mse:0.5243, valid_mae:0.5402, test_acc2:0.8068
current mae:0.5615, current corr:0.7469, acc7:0.5156, acc5:0.5344,acc2_non_zero:0.8453, f_score_non_zero:0.8457, acc2:0.8068, f_score:0.8127
epoch:81, train_loss:0.0848, valid_mse:0.5273, valid_mae:0.5437, test_acc2:0.8109
current mae:0.5640, current corr:0.7478, acc7:0.5109, acc5:0.5311,acc2_non_zero:0.8459, f_score_non_zero:0.8459, acc2:0.8109, f_score:0.8162
epoch:82, train_loss:0.0825, valid_mse:0.5259, valid_mae:0.5420, test_acc2:0.8135
current mae:0.5616, current corr:0.7482, acc7:0.5143, acc5:0.5339,acc2_non_zero:0.8483, f_score_non_zero:0.8485, acc2:0.8135, f_score:0.8188
epoch:83, train_loss:0.0814, valid_mse:0.5194, valid_mae:0.5390, test_acc2:0.8081
current mae:0.5610, current corr:0.7478, acc7:0.5173, acc5:0.5365,acc2_non_zero:0.8459, f_score_non_zero:0.8462, acc2:0.8081, f_score:0.8140
epoch:84, train_loss:0.0805, valid_mse:0.5204, valid_mae:0.5398, test_acc2:0.8096
current mae:0.5622, current corr:0.7484, acc7:0.5143, acc5:0.5341,acc2_non_zero:0.8470, f_score_non_zero:0.8473, acc2:0.8096, f_score:0.8153
epoch:85, train_loss:0.0778, valid_mse:0.5232, valid_mae:0.5408, test_acc2:0.8062
current mae:0.5621, current corr:0.7481, acc7:0.5132, acc5:0.5331,acc2_non_zero:0.8459, f_score_non_zero:0.8463, acc2:0.8062, f_score:0.8123
epoch:86, train_loss:0.0771, valid_mse:0.5228, valid_mae:0.5412, test_acc2:0.8079
current mae:0.5621, current corr:0.7478, acc7:0.5139, acc5:0.5335,acc2_non_zero:0.8436, f_score_non_zero:0.8440, acc2:0.8079, f_score:0.8137
epoch:87, train_loss:0.0751, valid_mse:0.5219, valid_mae:0.5408, test_acc2:0.8105
current mae:0.5602, current corr:0.7481, acc7:0.5163, acc5:0.5354,acc2_non_zero:0.8467, f_score_non_zero:0.8468, acc2:0.8105, f_score:0.8159
epoch:88, train_loss:0.0753, valid_mse:0.5264, valid_mae:0.5431, test_acc2:0.8070
current mae:0.5629, current corr:0.7477, acc7:0.5145, acc5:0.5333,acc2_non_zero:0.8461, f_score_non_zero:0.8465, acc2:0.8070, f_score:0.8129
epoch:89, train_loss:0.0740, valid_mse:0.5298, valid_mae:0.5449, test_acc2:0.8057
current mae:0.5634, current corr:0.7475, acc7:0.5126, acc5:0.5322,acc2_non_zero:0.8461, f_score_non_zero:0.8467, acc2:0.8057, f_score:0.8119
epoch:90, train_loss:0.0735, valid_mse:0.5179, valid_mae:0.5394, test_acc2:0.8094
current mae:0.5619, current corr:0.7487, acc7:0.5154, acc5:0.5352,acc2_non_zero:0.8475, f_score_non_zero:0.8478, acc2:0.8094, f_score:0.8151
epoch:91, train_loss:0.0732, valid_mse:0.5165, valid_mae:0.5367, test_acc2:0.8066
current mae:0.5591, current corr:0.7483, acc7:0.5206, acc5:0.5400,acc2_non_zero:0.8436, f_score_non_zero:0.8440, acc2:0.8066, f_score:0.8124
epoch:92, train_loss:0.0723, valid_mse:0.5178, valid_mae:0.5388, test_acc2:0.8066
current mae:0.5617, current corr:0.7476, acc7:0.5137, acc5:0.5331,acc2_non_zero:0.8450, f_score_non_zero:0.8453, acc2:0.8066, f_score:0.8125
epoch:93, train_loss:0.0720, valid_mse:0.5187, valid_mae:0.5373, test_acc2:0.8075
current mae:0.5588, current corr:0.7484, acc7:0.5201, acc5:0.5387,acc2_non_zero:0.8442, f_score_non_zero:0.8445, acc2:0.8075, f_score:0.8132
epoch:94, train_loss:0.0702, valid_mse:0.5233, valid_mae:0.5395, test_acc2:0.8010
current mae:0.5603, current corr:0.7474, acc7:0.5182, acc5:0.5374,acc2_non_zero:0.8428, f_score_non_zero:0.8435, acc2:0.8010, f_score:0.8077
epoch:95, train_loss:0.0706, valid_mse:0.5228, valid_mae:0.5397, test_acc2:0.8044
current mae:0.5607, current corr:0.7482, acc7:0.5154, acc5:0.5348,acc2_non_zero:0.8439, f_score_non_zero:0.8445, acc2:0.8044, f_score:0.8107
epoch:96, train_loss:0.0716, valid_mse:0.5185, valid_mae:0.5391, test_acc2:0.8133
current mae:0.5600, current corr:0.7493, acc7:0.5130, acc5:0.5324,acc2_non_zero:0.8486, f_score_non_zero:0.8487, acc2:0.8133, f_score:0.8185
epoch:97, train_loss:0.0698, valid_mse:0.5206, valid_mae:0.5398, test_acc2:0.8079
current mae:0.5613, current corr:0.7488, acc7:0.5135, acc5:0.5324,acc2_non_zero:0.8483, f_score_non_zero:0.8486, acc2:0.8079, f_score:0.8137
epoch:98, train_loss:0.0697, valid_mse:0.5203, valid_mae:0.5395, test_acc2:0.8068
current mae:0.5614, current corr:0.7487, acc7:0.5148, acc5:0.5341,acc2_non_zero:0.8450, f_score_non_zero:0.8454, acc2:0.8068, f_score:0.8127
epoch:99, train_loss:0.0690, valid_mse:0.5169, valid_mae:0.5391, test_acc2:0.8077
current mae:0.5600, current corr:0.7485, acc7:0.5154, acc5:0.5346,acc2_non_zero:0.8442, f_score_non_zero:0.8445, acc2:0.8077, f_score:0.8134
Loading best model from epoch 5 by acc2=0.8525 for analysis export.
Analysis files exported to: /data01/lyw/GLoMo/experiments/mosei_text_only_seed5576/analysis
  predictions: /data01/lyw/GLoMo/experiments/mosei_text_only_seed5576/analysis/predictions.csv
  repr: /data01/lyw/GLoMo/experiments/mosei_text_only_seed5576/analysis/repr.npz
  repr meta: /data01/lyw/GLoMo/experiments/mosei_text_only_seed5576/analysis/repr_meta.json
  cases: /data01/lyw/GLoMo/experiments/mosei_text_only_seed5576/analysis/cases.csv
Metrics summary saved to: /data01/lyw/GLoMo/experiments/mosei_text_only_seed5576/metrics.json
Total runtime: 8223819.774389267 ms
