Using device: cuda:0, visible GPUs: 6
GPU name: NVIDIA GeForce RTX 3090
Seed: 5576
Command script saved to: /data01/lyw/GLoMo/experiments/mosi_text_audio_seed5576/command.sh
train labels: n=1281 min=-3.000 max=3.000 mean=0.235 std=1.509
dev labels: n=229 min=-3.000 max=3.000 mean=0.310 std=1.649
test labels: n=685 min=-3.000 max=3.000 mean=-0.315 std=1.588
BERT load: missing=3 unexpected=10
BERT missing keys (first 5): ['linear1.weight', 'linear1.bias', 'proj_l.weight']
BERT unexpected keys (first 5): ['pooler.dense.weight', 'pooler.dense.bias', 'cls.predictions.bias', 'cls.predictions.transform.dense.weight', 'cls.predictions.transform.dense.bias']
conv audio std 0.03853662312030792
conv video std 0.048298776149749756
total parameter for the model:  111150839
epoch:0, train_loss:3.2632, valid_mse:2.7772, valid_mae:1.4287, test_acc2:0.4526
current mae:1.4199, current corr:0.1790, acc7:0.1547, acc5:0.1547,acc2_non_zero:0.4305, f_score_non_zero:0.2704, acc2:0.4526, f_score:0.2943
Saved best model at epoch 0 by acc2=0.4526 -> /data01/lyw/GLoMo/experiments/mosi_text_audio_seed5576/best_model.pt
epoch:1, train_loss:3.2468, valid_mse:2.7565, valid_mae:1.4224, test_acc2:0.5737
current mae:1.4137, current corr:0.3281, acc7:0.1547, acc5:0.1547,acc2_non_zero:0.5618, f_score_non_zero:0.5203, acc2:0.5737, f_score:0.5310
Saved best model at epoch 1 by acc2=0.5737 -> /data01/lyw/GLoMo/experiments/mosi_text_audio_seed5576/best_model.pt
epoch:2, train_loss:3.2135, valid_mse:2.6870, valid_mae:1.4041, test_acc2:0.6161
current mae:1.3942, current corr:0.6762, acc7:0.1547, acc5:0.1547,acc2_non_zero:0.6061, f_score_non_zero:0.5799, acc2:0.6161, f_score:0.5882
Saved best model at epoch 2 by acc2=0.6161 -> /data01/lyw/GLoMo/experiments/mosi_text_audio_seed5576/best_model.pt
epoch:3, train_loss:3.1878, valid_mse:2.6309, valid_mae:1.3882, test_acc2:0.6569
current mae:1.3849, current corr:0.6941, acc7:0.1547, acc5:0.1547,acc2_non_zero:0.6504, f_score_non_zero:0.6351, acc2:0.6569, f_score:0.6401
Saved best model at epoch 3 by acc2=0.6569 -> /data01/lyw/GLoMo/experiments/mosi_text_audio_seed5576/best_model.pt
epoch:4, train_loss:3.1627, valid_mse:2.5544, valid_mae:1.3605, test_acc2:0.7168
current mae:1.3731, current corr:0.7152, acc7:0.1547, acc5:0.1547,acc2_non_zero:0.7130, f_score_non_zero:0.7057, acc2:0.7168, f_score:0.7080
Saved best model at epoch 4 by acc2=0.7168 -> /data01/lyw/GLoMo/experiments/mosi_text_audio_seed5576/best_model.pt
epoch:5, train_loss:3.1484, valid_mse:2.4817, valid_mae:1.3439, test_acc2:0.8161
current mae:1.3477, current corr:0.7203, acc7:0.1547, acc5:0.1547,acc2_non_zero:0.8305, f_score_non_zero:0.8315, acc2:0.8161, f_score:0.8165
Saved best model at epoch 5 by acc2=0.8161 -> /data01/lyw/GLoMo/experiments/mosi_text_audio_seed5576/best_model.pt
epoch:6, train_loss:3.0978, valid_mse:2.4021, valid_mae:1.3211, test_acc2:0.8204
current mae:1.3220, current corr:0.6978, acc7:0.1547, acc5:0.1547,acc2_non_zero:0.8458, f_score_non_zero:0.8441, acc2:0.8204, f_score:0.8177
Saved best model at epoch 6 by acc2=0.8204 -> /data01/lyw/GLoMo/experiments/mosi_text_audio_seed5576/best_model.pt
epoch:7, train_loss:3.0684, valid_mse:2.3485, valid_mae:1.3019, test_acc2:0.8015
current mae:1.3125, current corr:0.6519, acc7:0.1547, acc5:0.1547,acc2_non_zero:0.8122, f_score_non_zero:0.8133, acc2:0.8015, f_score:0.8019
epoch:8, train_loss:3.0263, valid_mse:2.2792, valid_mae:1.2812, test_acc2:0.8102
current mae:1.2804, current corr:0.6886, acc7:0.1547, acc5:0.1547,acc2_non_zero:0.8321, f_score_non_zero:0.8329, acc2:0.8102, f_score:0.8105
epoch:9, train_loss:2.9704, valid_mse:2.2044, valid_mae:1.2547, test_acc2:0.8234
current mae:1.2515, current corr:0.6969, acc7:0.1547, acc5:0.1547,acc2_non_zero:0.8458, f_score_non_zero:0.8455, acc2:0.8234, f_score:0.8223
Saved best model at epoch 9 by acc2=0.8234 -> /data01/lyw/GLoMo/experiments/mosi_text_audio_seed5576/best_model.pt
epoch:10, train_loss:2.9071, valid_mse:2.1325, valid_mae:1.2401, test_acc2:0.8204
current mae:1.2315, current corr:0.6956, acc7:0.1547, acc5:0.1547,acc2_non_zero:0.8412, f_score_non_zero:0.8419, acc2:0.8204, f_score:0.8205
epoch:11, train_loss:2.8717, valid_mse:2.1333, valid_mae:1.2437, test_acc2:0.8088
current mae:1.2253, current corr:0.6719, acc7:0.1547, acc5:0.1547,acc2_non_zero:0.8229, f_score_non_zero:0.8239, acc2:0.8088, f_score:0.8092
epoch:12, train_loss:2.8428, valid_mse:2.0028, valid_mae:1.1947, test_acc2:0.8307
current mae:1.1815, current corr:0.7110, acc7:0.1577, acc5:0.1577,acc2_non_zero:0.8534, f_score_non_zero:0.8534, acc2:0.8307, f_score:0.8299
Saved best model at epoch 12 by acc2=0.8307 -> /data01/lyw/GLoMo/experiments/mosi_text_audio_seed5576/best_model.pt
epoch:13, train_loss:2.8142, valid_mse:1.9411, valid_mae:1.1767, test_acc2:0.8146
current mae:1.1777, current corr:0.6862, acc7:0.2088, acc5:0.2088,acc2_non_zero:0.8336, f_score_non_zero:0.8344, acc2:0.8146, f_score:0.8149
epoch:14, train_loss:2.7708, valid_mse:1.8912, valid_mae:1.1610, test_acc2:0.7898
current mae:1.1858, current corr:0.6652, acc7:0.2102, acc5:0.2102,acc2_non_zero:0.8000, f_score_non_zero:0.8011, acc2:0.7898, f_score:0.7903
epoch:15, train_loss:2.7223, valid_mse:1.8628, valid_mae:1.1575, test_acc2:0.8146
current mae:1.1446, current corr:0.6910, acc7:0.2044, acc5:0.2044,acc2_non_zero:0.8229, f_score_non_zero:0.8240, acc2:0.8146, f_score:0.8151
epoch:16, train_loss:2.6726, valid_mse:1.7478, valid_mae:1.1168, test_acc2:0.8190
current mae:1.1153, current corr:0.6976, acc7:0.2219, acc5:0.2219,acc2_non_zero:0.8336, f_score_non_zero:0.8343, acc2:0.8190, f_score:0.8192
epoch:17, train_loss:2.6220, valid_mse:1.7287, valid_mae:1.1054, test_acc2:0.8102
current mae:1.1088, current corr:0.7087, acc7:0.2847, acc5:0.2847,acc2_non_zero:0.8198, f_score_non_zero:0.8209, acc2:0.8102, f_score:0.8106
epoch:18, train_loss:2.5694, valid_mse:1.7072, valid_mae:1.0939, test_acc2:0.8394
current mae:1.0508, current corr:0.7313, acc7:0.3226, acc5:0.3226,acc2_non_zero:0.8534, f_score_non_zero:0.8540, acc2:0.8394, f_score:0.8396
Saved best model at epoch 18 by acc2=0.8394 -> /data01/lyw/GLoMo/experiments/mosi_text_audio_seed5576/best_model.pt
epoch:19, train_loss:2.5285, valid_mse:1.6145, valid_mae:1.0600, test_acc2:0.8219
current mae:1.0391, current corr:0.7170, acc7:0.3124, acc5:0.3124,acc2_non_zero:0.8336, f_score_non_zero:0.8344, acc2:0.8219, f_score:0.8222
epoch:20, train_loss:2.4725, valid_mse:1.6311, valid_mae:1.0635, test_acc2:0.8234
current mae:0.9999, current corr:0.7384, acc7:0.3372, acc5:0.3372,acc2_non_zero:0.8412, f_score_non_zero:0.8411, acc2:0.8234, f_score:0.8227
epoch:21, train_loss:2.4139, valid_mse:1.5762, valid_mae:1.0348, test_acc2:0.8248
current mae:0.9840, current corr:0.7292, acc7:0.3314, acc5:0.3314,acc2_non_zero:0.8412, f_score_non_zero:0.8416, acc2:0.8248, f_score:0.8247
epoch:22, train_loss:2.3775, valid_mse:1.5078, valid_mae:1.0162, test_acc2:0.8175
current mae:0.9752, current corr:0.7373, acc7:0.3153, acc5:0.3153,acc2_non_zero:0.8290, f_score_non_zero:0.8297, acc2:0.8175, f_score:0.8177
epoch:23, train_loss:2.3324, valid_mse:1.4587, valid_mae:0.9950, test_acc2:0.8263
current mae:0.9615, current corr:0.7294, acc7:0.3197, acc5:0.3197,acc2_non_zero:0.8366, f_score_non_zero:0.8376, acc2:0.8263, f_score:0.8267
epoch:24, train_loss:2.2750, valid_mse:1.4260, valid_mae:0.9758, test_acc2:0.8204
current mae:0.9600, current corr:0.7028, acc7:0.3270, acc5:0.3270,acc2_non_zero:0.8336, f_score_non_zero:0.8345, acc2:0.8204, f_score:0.8209
epoch:25, train_loss:2.2391, valid_mse:1.4215, valid_mae:0.9627, test_acc2:0.8307
current mae:0.8958, current corr:0.7424, acc7:0.3372, acc5:0.3372,acc2_non_zero:0.8473, f_score_non_zero:0.8473, acc2:0.8307, f_score:0.8301
epoch:26, train_loss:2.2028, valid_mse:1.3896, valid_mae:0.9475, test_acc2:0.8190
current mae:0.8974, current corr:0.7352, acc7:0.3153, acc5:0.3153,acc2_non_zero:0.8351, f_score_non_zero:0.8355, acc2:0.8190, f_score:0.8189
epoch:27, train_loss:2.1645, valid_mse:1.4283, valid_mae:0.9512, test_acc2:0.8350
current mae:0.8888, current corr:0.7240, acc7:0.3255, acc5:0.3255,acc2_non_zero:0.8489, f_score_non_zero:0.8496, acc2:0.8350, f_score:0.8353
epoch:28, train_loss:2.1072, valid_mse:1.2979, valid_mae:0.9013, test_acc2:0.8204
current mae:0.8542, current corr:0.7498, acc7:0.3285, acc5:0.3285,acc2_non_zero:0.8473, f_score_non_zero:0.8469, acc2:0.8204, f_score:0.8191
epoch:29, train_loss:2.0867, valid_mse:1.2640, valid_mae:0.8935, test_acc2:0.8044
current mae:0.8869, current corr:0.7244, acc7:0.3168, acc5:0.3168,acc2_non_zero:0.8183, f_score_non_zero:0.8194, acc2:0.8044, f_score:0.8049
epoch:30, train_loss:2.0331, valid_mse:1.2028, valid_mae:0.8741, test_acc2:0.8044
current mae:0.8966, current corr:0.7377, acc7:0.2964, acc5:0.2964,acc2_non_zero:0.8107, f_score_non_zero:0.8117, acc2:0.8044, f_score:0.8047
epoch:31, train_loss:2.0079, valid_mse:1.1685, valid_mae:0.8688, test_acc2:0.8131
current mae:0.8698, current corr:0.7497, acc7:0.2920, acc5:0.2920,acc2_non_zero:0.8214, f_score_non_zero:0.8224, acc2:0.8131, f_score:0.8136
epoch:32, train_loss:1.9714, valid_mse:1.1598, valid_mae:0.8360, test_acc2:0.8248
current mae:0.8331, current corr:0.7495, acc7:0.3153, acc5:0.3153,acc2_non_zero:0.8382, f_score_non_zero:0.8389, acc2:0.8248, f_score:0.8251
epoch:33, train_loss:1.9216, valid_mse:1.2082, valid_mae:0.8606, test_acc2:0.8204
current mae:0.8630, current corr:0.7450, acc7:0.3358, acc5:0.3591,acc2_non_zero:0.8321, f_score_non_zero:0.8331, acc2:0.8204, f_score:0.8209
epoch:34, train_loss:1.9051, valid_mse:1.2033, valid_mae:0.8331, test_acc2:0.8234
current mae:0.8663, current corr:0.7333, acc7:0.3343, acc5:0.3606,acc2_non_zero:0.8336, f_score_non_zero:0.8346, acc2:0.8234, f_score:0.8238
epoch:35, train_loss:1.8804, valid_mse:1.2515, valid_mae:0.8473, test_acc2:0.8088
current mae:0.8661, current corr:0.7260, acc7:0.3445, acc5:0.3693,acc2_non_zero:0.8214, f_score_non_zero:0.8224, acc2:0.8088, f_score:0.8092
epoch:36, train_loss:1.8525, valid_mse:1.1879, valid_mae:0.8273, test_acc2:0.8175
current mae:0.8635, current corr:0.7363, acc7:0.3547, acc5:0.3927,acc2_non_zero:0.8275, f_score_non_zero:0.8284, acc2:0.8175, f_score:0.8179
epoch:37, train_loss:1.8238, valid_mse:1.2906, valid_mae:0.8384, test_acc2:0.8292
current mae:0.8189, current corr:0.7432, acc7:0.4117, acc5:0.4818,acc2_non_zero:0.8458, f_score_non_zero:0.8464, acc2:0.8292, f_score:0.8293
epoch:38, train_loss:1.7928, valid_mse:1.1468, valid_mae:0.7982, test_acc2:0.8321
current mae:0.7769, current corr:0.7594, acc7:0.4380, acc5:0.5109,acc2_non_zero:0.8473, f_score_non_zero:0.8476, acc2:0.8321, f_score:0.8319
epoch:39, train_loss:1.7487, valid_mse:1.1921, valid_mae:0.7978, test_acc2:0.8292
current mae:0.7871, current corr:0.7590, acc7:0.4263, acc5:0.4920,acc2_non_zero:0.8458, f_score_non_zero:0.8464, acc2:0.8292, f_score:0.8293
epoch:40, train_loss:1.7266, valid_mse:1.2135, valid_mae:0.8231, test_acc2:0.8088
current mae:0.8510, current corr:0.7491, acc7:0.3956, acc5:0.4584,acc2_non_zero:0.8168, f_score_non_zero:0.8178, acc2:0.8088, f_score:0.8092
epoch:41, train_loss:1.7002, valid_mse:1.1540, valid_mae:0.7981, test_acc2:0.8131
current mae:0.7860, current corr:0.7623, acc7:0.4423, acc5:0.5036,acc2_non_zero:0.8321, f_score_non_zero:0.8328, acc2:0.8131, f_score:0.8132
epoch:42, train_loss:1.7053, valid_mse:1.2200, valid_mae:0.8197, test_acc2:0.8263
current mae:0.7619, current corr:0.7672, acc7:0.4496, acc5:0.5168,acc2_non_zero:0.8427, f_score_non_zero:0.8428, acc2:0.8263, f_score:0.8258
epoch:43, train_loss:1.6737, valid_mse:1.1099, valid_mae:0.7892, test_acc2:0.8219
current mae:0.7678, current corr:0.7580, acc7:0.4569, acc5:0.5226,acc2_non_zero:0.8412, f_score_non_zero:0.8407, acc2:0.8219, f_score:0.8207
epoch:44, train_loss:1.6489, valid_mse:1.3122, valid_mae:0.8462, test_acc2:0.8277
current mae:0.7820, current corr:0.7529, acc7:0.4336, acc5:0.4993,acc2_non_zero:0.8504, f_score_non_zero:0.8494, acc2:0.8277, f_score:0.8259
epoch:45, train_loss:1.6265, valid_mse:1.1607, valid_mae:0.7880, test_acc2:0.8190
current mae:0.7800, current corr:0.7617, acc7:0.4540, acc5:0.5241,acc2_non_zero:0.8382, f_score_non_zero:0.8388, acc2:0.8190, f_score:0.8190
epoch:46, train_loss:1.6115, valid_mse:1.2794, valid_mae:0.8306, test_acc2:0.8248
current mae:0.7663, current corr:0.7599, acc7:0.4511, acc5:0.5212,acc2_non_zero:0.8473, f_score_non_zero:0.8468, acc2:0.8248, f_score:0.8236
epoch:47, train_loss:1.5894, valid_mse:1.0816, valid_mae:0.7663, test_acc2:0.8073
current mae:0.7944, current corr:0.7595, acc7:0.4423, acc5:0.5080,acc2_non_zero:0.8198, f_score_non_zero:0.8209, acc2:0.8073, f_score:0.8078
epoch:48, train_loss:1.5582, valid_mse:1.1358, valid_mae:0.7777, test_acc2:0.8175
current mae:0.8118, current corr:0.7535, acc7:0.4263, acc5:0.4934,acc2_non_zero:0.8321, f_score_non_zero:0.8330, acc2:0.8175, f_score:0.8180
epoch:49, train_loss:1.5698, valid_mse:1.0558, valid_mae:0.7638, test_acc2:0.8102
current mae:0.7968, current corr:0.7552, acc7:0.4496, acc5:0.5168,acc2_non_zero:0.8198, f_score_non_zero:0.8209, acc2:0.8102, f_score:0.8107
epoch:50, train_loss:1.5230, valid_mse:1.0754, valid_mae:0.7594, test_acc2:0.8263
current mae:0.7708, current corr:0.7624, acc7:0.4482, acc5:0.5182,acc2_non_zero:0.8397, f_score_non_zero:0.8404, acc2:0.8263, f_score:0.8265
epoch:51, train_loss:1.4996, valid_mse:1.1517, valid_mae:0.7798, test_acc2:0.8248
current mae:0.7816, current corr:0.7613, acc7:0.4365, acc5:0.5022,acc2_non_zero:0.8397, f_score_non_zero:0.8405, acc2:0.8248, f_score:0.8251
epoch:52, train_loss:1.5213, valid_mse:1.1885, valid_mae:0.8137, test_acc2:0.8234
current mae:0.7675, current corr:0.7589, acc7:0.4453, acc5:0.5182,acc2_non_zero:0.8458, f_score_non_zero:0.8453, acc2:0.8234, f_score:0.8220
epoch:53, train_loss:1.4675, valid_mse:1.2162, valid_mae:0.8050, test_acc2:0.8277
current mae:0.7775, current corr:0.7607, acc7:0.4365, acc5:0.5051,acc2_non_zero:0.8443, f_score_non_zero:0.8444, acc2:0.8277, f_score:0.8274
epoch:54, train_loss:1.4824, valid_mse:1.2444, valid_mae:0.8198, test_acc2:0.8234
current mae:0.7734, current corr:0.7606, acc7:0.4482, acc5:0.5197,acc2_non_zero:0.8427, f_score_non_zero:0.8428, acc2:0.8234, f_score:0.8228
epoch:55, train_loss:1.4304, valid_mse:1.2176, valid_mae:0.7947, test_acc2:0.8234
current mae:0.7703, current corr:0.7626, acc7:0.4496, acc5:0.5212,acc2_non_zero:0.8366, f_score_non_zero:0.8369, acc2:0.8234, f_score:0.8231
epoch:56, train_loss:1.4187, valid_mse:1.2363, valid_mae:0.8171, test_acc2:0.8131
current mae:0.8136, current corr:0.7498, acc7:0.4263, acc5:0.4964,acc2_non_zero:0.8260, f_score_non_zero:0.8270, acc2:0.8131, f_score:0.8136
epoch:57, train_loss:1.4059, valid_mse:1.2263, valid_mae:0.8019, test_acc2:0.8292
current mae:0.7733, current corr:0.7610, acc7:0.4599, acc5:0.5314,acc2_non_zero:0.8443, f_score_non_zero:0.8449, acc2:0.8292, f_score:0.8293
epoch:58, train_loss:1.3894, valid_mse:1.2072, valid_mae:0.8053, test_acc2:0.8175
current mae:0.7970, current corr:0.7596, acc7:0.4350, acc5:0.5066,acc2_non_zero:0.8290, f_score_non_zero:0.8300, acc2:0.8175, f_score:0.8180
epoch:59, train_loss:1.3877, valid_mse:1.1746, valid_mae:0.7814, test_acc2:0.8277
current mae:0.7620, current corr:0.7686, acc7:0.4496, acc5:0.5197,acc2_non_zero:0.8397, f_score_non_zero:0.8398, acc2:0.8277, f_score:0.8274
epoch:60, train_loss:1.3656, valid_mse:1.2245, valid_mae:0.8093, test_acc2:0.8321
current mae:0.7500, current corr:0.7735, acc7:0.4540, acc5:0.5241,acc2_non_zero:0.8473, f_score_non_zero:0.8477, acc2:0.8321, f_score:0.8320
epoch:61, train_loss:1.3542, valid_mse:1.1634, valid_mae:0.7856, test_acc2:0.8277
current mae:0.7577, current corr:0.7747, acc7:0.4555, acc5:0.5197,acc2_non_zero:0.8397, f_score_non_zero:0.8403, acc2:0.8277, f_score:0.8279
epoch:62, train_loss:1.3406, valid_mse:1.1588, valid_mae:0.7802, test_acc2:0.8336
current mae:0.7443, current corr:0.7763, acc7:0.4599, acc5:0.5343,acc2_non_zero:0.8473, f_score_non_zero:0.8474, acc2:0.8336, f_score:0.8332
epoch:63, train_loss:1.3278, valid_mse:1.1212, valid_mae:0.7785, test_acc2:0.8307
current mae:0.7624, current corr:0.7711, acc7:0.4511, acc5:0.5212,acc2_non_zero:0.8443, f_score_non_zero:0.8449, acc2:0.8307, f_score:0.8308
epoch:64, train_loss:1.3054, valid_mse:1.1713, valid_mae:0.7930, test_acc2:0.8292
current mae:0.7435, current corr:0.7735, acc7:0.4730, acc5:0.5460,acc2_non_zero:0.8443, f_score_non_zero:0.8439, acc2:0.8292, f_score:0.8284
epoch:65, train_loss:1.2930, valid_mse:1.0999, valid_mae:0.7752, test_acc2:0.8175
current mae:0.7894, current corr:0.7611, acc7:0.4482, acc5:0.5153,acc2_non_zero:0.8305, f_score_non_zero:0.8313, acc2:0.8175, f_score:0.8178
epoch:66, train_loss:1.2861, valid_mse:1.1358, valid_mae:0.7768, test_acc2:0.8292
current mae:0.7520, current corr:0.7670, acc7:0.4628, acc5:0.5372,acc2_non_zero:0.8443, f_score_non_zero:0.8445, acc2:0.8292, f_score:0.8289
epoch:67, train_loss:1.2538, valid_mse:1.0959, valid_mae:0.7685, test_acc2:0.8263
current mae:0.7820, current corr:0.7647, acc7:0.4263, acc5:0.4993,acc2_non_zero:0.8366, f_score_non_zero:0.8375, acc2:0.8263, f_score:0.8267
epoch:68, train_loss:1.2655, valid_mse:1.0726, valid_mae:0.7648, test_acc2:0.8292
current mae:0.7645, current corr:0.7684, acc7:0.4453, acc5:0.5080,acc2_non_zero:0.8443, f_score_non_zero:0.8448, acc2:0.8292, f_score:0.8292
epoch:69, train_loss:1.2448, valid_mse:1.0519, valid_mae:0.7578, test_acc2:0.8321
current mae:0.7494, current corr:0.7748, acc7:0.4467, acc5:0.5124,acc2_non_zero:0.8473, f_score_non_zero:0.8477, acc2:0.8321, f_score:0.8320
Loading best model from epoch 18 by acc2=0.8394 for analysis export.
Analysis files exported to: /data01/lyw/GLoMo/experiments/mosi_text_audio_seed5576/analysis
  predictions: /data01/lyw/GLoMo/experiments/mosi_text_audio_seed5576/analysis/predictions.csv
  repr: /data01/lyw/GLoMo/experiments/mosi_text_audio_seed5576/analysis/repr.npz
  repr meta: /data01/lyw/GLoMo/experiments/mosi_text_audio_seed5576/analysis/repr_meta.json
  cases: /data01/lyw/GLoMo/experiments/mosi_text_audio_seed5576/analysis/cases.csv
Metrics summary saved to: /data01/lyw/GLoMo/experiments/mosi_text_audio_seed5576/metrics.json
Total runtime: 345394.8051929474 ms
