Using device: cuda:0, visible GPUs: 6
GPU name: NVIDIA GeForce RTX 3090
Seed: 5576
Command script saved to: /data01/lyw/GLoMo/experiments/mosi_ours_visual_desc_seed5576/command.sh
Using modality text augmentation: audio_desc=False, visual_desc=True
train labels: n=1281 min=-3.000 max=3.000 mean=0.235 std=1.509
dev labels: n=229 min=-3.000 max=3.000 mean=0.310 std=1.649
test labels: n=685 min=-3.000 max=3.000 mean=-0.315 std=1.588
BERT load: missing=3 unexpected=10
BERT missing keys (first 5): ['linear1.weight', 'linear1.bias', 'proj_l.weight']
BERT unexpected keys (first 5): ['pooler.dense.weight', 'pooler.dense.bias', 'cls.predictions.bias', 'cls.predictions.transform.dense.weight', 'cls.predictions.transform.dense.bias']
conv audio std 0.03853662312030792
conv video std 0.048298776149749756
total parameter for the model:  111150839
epoch:0, train_loss:3.2613, valid_mse:2.7862, valid_mae:1.4308, test_acc2:0.4701
current mae:1.4189, current corr:0.0494, acc7:0.1547, acc5:0.1547,acc2_non_zero:0.4519, f_score_non_zero:0.3671, acc2:0.4701, f_score:0.3850
Saved best model at epoch 0 by acc2=0.4701 -> /data01/lyw/GLoMo/experiments/mosi_ours_visual_desc_seed5576/best_model.pt
epoch:1, train_loss:3.2441, valid_mse:2.7706, valid_mae:1.4260, test_acc2:0.5781
current mae:1.4141, current corr:0.2433, acc7:0.1547, acc5:0.1547,acc2_non_zero:0.5679, f_score_non_zero:0.5365, acc2:0.5781, f_score:0.5453
Saved best model at epoch 1 by acc2=0.5781 -> /data01/lyw/GLoMo/experiments/mosi_ours_visual_desc_seed5576/best_model.pt
epoch:2, train_loss:3.2177, valid_mse:2.7191, valid_mae:1.4127, test_acc2:0.7212
current mae:1.3962, current corr:0.5989, acc7:0.1547, acc5:0.1547,acc2_non_zero:0.7267, f_score_non_zero:0.7278, acc2:0.7212, f_score:0.7213
Saved best model at epoch 2 by acc2=0.7212 -> /data01/lyw/GLoMo/experiments/mosi_ours_visual_desc_seed5576/best_model.pt
epoch:3, train_loss:3.1972, valid_mse:2.6615, valid_mae:1.3985, test_acc2:0.7504
current mae:1.3881, current corr:0.6651, acc7:0.1547, acc5:0.1547,acc2_non_zero:0.7527, f_score_non_zero:0.7531, acc2:0.7504, f_score:0.7497
Saved best model at epoch 3 by acc2=0.7504 -> /data01/lyw/GLoMo/experiments/mosi_ours_visual_desc_seed5576/best_model.pt
epoch:4, train_loss:3.1753, valid_mse:2.6110, valid_mae:1.3772, test_acc2:0.7620
current mae:1.3809, current corr:0.6717, acc7:0.1547, acc5:0.1547,acc2_non_zero:0.7695, f_score_non_zero:0.7708, acc2:0.7620, f_score:0.7626
Saved best model at epoch 4 by acc2=0.7620 -> /data01/lyw/GLoMo/experiments/mosi_ours_visual_desc_seed5576/best_model.pt
epoch:5, train_loss:3.1638, valid_mse:2.5600, valid_mae:1.3692, test_acc2:0.7912
current mae:1.3707, current corr:0.6839, acc7:0.1547, acc5:0.1547,acc2_non_zero:0.8000, f_score_non_zero:0.8012, acc2:0.7912, f_score:0.7918
Saved best model at epoch 5 by acc2=0.7912 -> /data01/lyw/GLoMo/experiments/mosi_ours_visual_desc_seed5576/best_model.pt
epoch:6, train_loss:3.1215, valid_mse:2.4667, valid_mae:1.3386, test_acc2:0.8117
current mae:1.3493, current corr:0.7094, acc7:0.1547, acc5:0.1547,acc2_non_zero:0.8244, f_score_non_zero:0.8255, acc2:0.8117, f_score:0.8122
Saved best model at epoch 6 by acc2=0.8117 -> /data01/lyw/GLoMo/experiments/mosi_ours_visual_desc_seed5576/best_model.pt
epoch:7, train_loss:3.1053, valid_mse:2.4178, valid_mae:1.3234, test_acc2:0.8161
current mae:1.3305, current corr:0.6938, acc7:0.1547, acc5:0.1547,acc2_non_zero:0.8260, f_score_non_zero:0.8270, acc2:0.8161, f_score:0.8165
Saved best model at epoch 7 by acc2=0.8161 -> /data01/lyw/GLoMo/experiments/mosi_ours_visual_desc_seed5576/best_model.pt
epoch:8, train_loss:3.0629, valid_mse:2.3960, valid_mae:1.3192, test_acc2:0.7942
current mae:1.3162, current corr:0.6700, acc7:0.1547, acc5:0.1547,acc2_non_zero:0.8000, f_score_non_zero:0.8009, acc2:0.7942, f_score:0.7943
epoch:9, train_loss:3.0062, valid_mse:2.2789, valid_mae:1.2751, test_acc2:0.8277
current mae:1.2741, current corr:0.6885, acc7:0.1547, acc5:0.1547,acc2_non_zero:0.8382, f_score_non_zero:0.8389, acc2:0.8277, f_score:0.8280
Saved best model at epoch 9 by acc2=0.8277 -> /data01/lyw/GLoMo/experiments/mosi_ours_visual_desc_seed5576/best_model.pt
epoch:10, train_loss:2.9448, valid_mse:2.1433, valid_mae:1.2373, test_acc2:0.8292
current mae:1.2415, current corr:0.7056, acc7:0.1547, acc5:0.1547,acc2_non_zero:0.8473, f_score_non_zero:0.8478, acc2:0.8292, f_score:0.8291
Saved best model at epoch 10 by acc2=0.8292 -> /data01/lyw/GLoMo/experiments/mosi_ours_visual_desc_seed5576/best_model.pt
epoch:11, train_loss:2.8973, valid_mse:2.1022, valid_mae:1.2284, test_acc2:0.8248
current mae:1.2131, current corr:0.7043, acc7:0.1547, acc5:0.1547,acc2_non_zero:0.8489, f_score_non_zero:0.8486, acc2:0.8248, f_score:0.8238
epoch:12, train_loss:2.8736, valid_mse:2.0167, valid_mae:1.2024, test_acc2:0.8146
current mae:1.1927, current corr:0.6969, acc7:0.1577, acc5:0.1577,acc2_non_zero:0.8382, f_score_non_zero:0.8348, acc2:0.8146, f_score:0.8101
epoch:13, train_loss:2.8212, valid_mse:1.9091, valid_mae:1.1661, test_acc2:0.8088
current mae:1.1803, current corr:0.6852, acc7:0.2161, acc5:0.2161,acc2_non_zero:0.8275, f_score_non_zero:0.8284, acc2:0.8088, f_score:0.8091
epoch:14, train_loss:2.7910, valid_mse:1.9886, valid_mae:1.1918, test_acc2:0.8044
current mae:1.1483, current corr:0.6919, acc7:0.2117, acc5:0.2117,acc2_non_zero:0.8290, f_score_non_zero:0.8232, acc2:0.8044, f_score:0.7970
epoch:15, train_loss:2.7327, valid_mse:1.7856, valid_mae:1.1319, test_acc2:0.8263
current mae:1.1133, current corr:0.7186, acc7:0.2394, acc5:0.2394,acc2_non_zero:0.8489, f_score_non_zero:0.8477, acc2:0.8263, f_score:0.8243
epoch:16, train_loss:2.6903, valid_mse:1.7375, valid_mae:1.1065, test_acc2:0.8234
current mae:1.0869, current corr:0.7041, acc7:0.3255, acc5:0.3255,acc2_non_zero:0.8473, f_score_non_zero:0.8468, acc2:0.8234, f_score:0.8220
epoch:17, train_loss:2.6332, valid_mse:1.6906, valid_mae:1.0917, test_acc2:0.8292
current mae:1.0616, current corr:0.7279, acc7:0.3168, acc5:0.3168,acc2_non_zero:0.8519, f_score_non_zero:0.8519, acc2:0.8292, f_score:0.8286
epoch:18, train_loss:2.5818, valid_mse:1.6222, valid_mae:1.0742, test_acc2:0.8190
current mae:1.0467, current corr:0.7046, acc7:0.3212, acc5:0.3212,acc2_non_zero:0.8397, f_score_non_zero:0.8402, acc2:0.8190, f_score:0.8189
epoch:19, train_loss:2.5406, valid_mse:1.5999, valid_mae:1.0632, test_acc2:0.8131
current mae:1.0191, current corr:0.7163, acc7:0.3212, acc5:0.3212,acc2_non_zero:0.8397, f_score_non_zero:0.8386, acc2:0.8131, f_score:0.8109
epoch:20, train_loss:2.4928, valid_mse:1.6714, valid_mae:1.0847, test_acc2:0.8146
current mae:1.0042, current corr:0.6995, acc7:0.3255, acc5:0.3255,acc2_non_zero:0.8397, f_score_non_zero:0.8376, acc2:0.8146, f_score:0.8113
epoch:21, train_loss:2.4541, valid_mse:1.4939, valid_mae:1.0110, test_acc2:0.8058
current mae:0.9929, current corr:0.7101, acc7:0.3182, acc5:0.3182,acc2_non_zero:0.8290, f_score_non_zero:0.8292, acc2:0.8058, f_score:0.8053
epoch:22, train_loss:2.3964, valid_mse:1.4589, valid_mae:1.0086, test_acc2:0.8088
current mae:0.9616, current corr:0.7318, acc7:0.3168, acc5:0.3168,acc2_non_zero:0.8321, f_score_non_zero:0.8315, acc2:0.8088, f_score:0.8073
epoch:23, train_loss:2.3499, valid_mse:1.4982, valid_mae:1.0149, test_acc2:0.8146
current mae:0.9404, current corr:0.7142, acc7:0.3255, acc5:0.3255,acc2_non_zero:0.8412, f_score_non_zero:0.8374, acc2:0.8146, f_score:0.8093
epoch:24, train_loss:2.2856, valid_mse:1.4150, valid_mae:0.9743, test_acc2:0.8102
current mae:0.9114, current corr:0.7486, acc7:0.3212, acc5:0.3212,acc2_non_zero:0.8397, f_score_non_zero:0.8377, acc2:0.8102, f_score:0.8068
epoch:25, train_loss:2.2709, valid_mse:1.4385, valid_mae:0.9922, test_acc2:0.8131
current mae:0.9014, current corr:0.7327, acc7:0.3212, acc5:0.3212,acc2_non_zero:0.8397, f_score_non_zero:0.8370, acc2:0.8131, f_score:0.8090
epoch:26, train_loss:2.2315, valid_mse:1.2557, valid_mae:0.9068, test_acc2:0.8234
current mae:0.8882, current corr:0.7317, acc7:0.3387, acc5:0.3387,acc2_non_zero:0.8458, f_score_non_zero:0.8460, acc2:0.8234, f_score:0.8229
epoch:27, train_loss:2.1847, valid_mse:1.3470, valid_mae:0.9373, test_acc2:0.8161
current mae:0.8697, current corr:0.7366, acc7:0.3226, acc5:0.3226,acc2_non_zero:0.8397, f_score_non_zero:0.8385, acc2:0.8161, f_score:0.8139
epoch:28, train_loss:2.1430, valid_mse:1.2399, valid_mae:0.8823, test_acc2:0.8175
current mae:0.8600, current corr:0.7303, acc7:0.3255, acc5:0.3255,acc2_non_zero:0.8412, f_score_non_zero:0.8407, acc2:0.8175, f_score:0.8162
epoch:29, train_loss:2.1044, valid_mse:1.3784, valid_mae:0.9382, test_acc2:0.8044
current mae:0.8494, current corr:0.7365, acc7:0.3197, acc5:0.3197,acc2_non_zero:0.8305, f_score_non_zero:0.8268, acc2:0.8044, f_score:0.7991
epoch:30, train_loss:2.0539, valid_mse:1.3140, valid_mae:0.9058, test_acc2:0.8073
current mae:0.8273, current corr:0.7507, acc7:0.3212, acc5:0.3212,acc2_non_zero:0.8366, f_score_non_zero:0.8323, acc2:0.8073, f_score:0.8010
epoch:31, train_loss:2.0359, valid_mse:1.4300, valid_mae:0.9341, test_acc2:0.8102
current mae:0.8292, current corr:0.7361, acc7:0.3255, acc5:0.3255,acc2_non_zero:0.8382, f_score_non_zero:0.8348, acc2:0.8102, f_score:0.8053
epoch:32, train_loss:1.9937, valid_mse:1.2752, valid_mae:0.8798, test_acc2:0.8204
current mae:0.8171, current corr:0.7444, acc7:0.3314, acc5:0.3328,acc2_non_zero:0.8443, f_score_non_zero:0.8429, acc2:0.8204, f_score:0.8181
epoch:33, train_loss:1.9470, valid_mse:1.1666, valid_mae:0.8367, test_acc2:0.8219
current mae:0.8096, current corr:0.7485, acc7:0.3562, acc5:0.3825,acc2_non_zero:0.8427, f_score_non_zero:0.8426, acc2:0.8219, f_score:0.8211
epoch:34, train_loss:1.9252, valid_mse:1.1372, valid_mae:0.8256, test_acc2:0.8248
current mae:0.7959, current corr:0.7499, acc7:0.3547, acc5:0.3810,acc2_non_zero:0.8489, f_score_non_zero:0.8487, acc2:0.8248, f_score:0.8239
epoch:35, train_loss:1.9057, valid_mse:1.1355, valid_mae:0.8206, test_acc2:0.8146
current mae:0.7817, current corr:0.7623, acc7:0.4058, acc5:0.4584,acc2_non_zero:0.8382, f_score_non_zero:0.8374, acc2:0.8146, f_score:0.8130
epoch:36, train_loss:1.8710, valid_mse:1.1614, valid_mae:0.8245, test_acc2:0.8219
current mae:0.7770, current corr:0.7623, acc7:0.4423, acc5:0.5182,acc2_non_zero:0.8458, f_score_non_zero:0.8450, acc2:0.8219, f_score:0.8202
epoch:37, train_loss:1.8309, valid_mse:1.1573, valid_mae:0.8118, test_acc2:0.8190
current mae:0.7795, current corr:0.7638, acc7:0.4277, acc5:0.5051,acc2_non_zero:0.8427, f_score_non_zero:0.8425, acc2:0.8190, f_score:0.8179
epoch:38, train_loss:1.8138, valid_mse:1.1473, valid_mae:0.7933, test_acc2:0.8248
current mae:0.7650, current corr:0.7724, acc7:0.4292, acc5:0.5080,acc2_non_zero:0.8458, f_score_non_zero:0.8455, acc2:0.8248, f_score:0.8239
epoch:39, train_loss:1.7849, valid_mse:1.1924, valid_mae:0.8082, test_acc2:0.8248
current mae:0.7617, current corr:0.7703, acc7:0.4292, acc5:0.5080,acc2_non_zero:0.8489, f_score_non_zero:0.8474, acc2:0.8248, f_score:0.8224
epoch:40, train_loss:1.7577, valid_mse:1.2889, valid_mae:0.8348, test_acc2:0.8190
current mae:0.7898, current corr:0.7603, acc7:0.4146, acc5:0.4964,acc2_non_zero:0.8427, f_score_non_zero:0.8422, acc2:0.8190, f_score:0.8176
epoch:41, train_loss:1.7076, valid_mse:1.2066, valid_mae:0.8036, test_acc2:0.8263
current mae:0.7687, current corr:0.7699, acc7:0.4350, acc5:0.5095,acc2_non_zero:0.8473, f_score_non_zero:0.8473, acc2:0.8263, f_score:0.8256
epoch:42, train_loss:1.7150, valid_mse:1.1188, valid_mae:0.7885, test_acc2:0.8248
current mae:0.7580, current corr:0.7775, acc7:0.4336, acc5:0.5153,acc2_non_zero:0.8473, f_score_non_zero:0.8465, acc2:0.8248, f_score:0.8232
epoch:43, train_loss:1.6729, valid_mse:1.1693, valid_mae:0.7888, test_acc2:0.8292
current mae:0.7706, current corr:0.7737, acc7:0.4394, acc5:0.5212,acc2_non_zero:0.8473, f_score_non_zero:0.8478, acc2:0.8292, f_score:0.8292
epoch:44, train_loss:1.6694, valid_mse:1.0752, valid_mae:0.7683, test_acc2:0.8219
current mae:0.7537, current corr:0.7791, acc7:0.4380, acc5:0.5182,acc2_non_zero:0.8427, f_score_non_zero:0.8429, acc2:0.8219, f_score:0.8214
epoch:45, train_loss:1.6355, valid_mse:1.1545, valid_mae:0.8057, test_acc2:0.8161
current mae:0.7632, current corr:0.7725, acc7:0.4365, acc5:0.5124,acc2_non_zero:0.8412, f_score_non_zero:0.8409, acc2:0.8161, f_score:0.8148
epoch:46, train_loss:1.6266, valid_mse:1.1984, valid_mae:0.8131, test_acc2:0.8234
current mae:0.7719, current corr:0.7684, acc7:0.4365, acc5:0.5168,acc2_non_zero:0.8458, f_score_non_zero:0.8458, acc2:0.8234, f_score:0.8226
epoch:47, train_loss:1.5964, valid_mse:1.1179, valid_mae:0.7809, test_acc2:0.8190
current mae:0.7385, current corr:0.7844, acc7:0.4467, acc5:0.5299,acc2_non_zero:0.8443, f_score_non_zero:0.8436, acc2:0.8190, f_score:0.8173
epoch:48, train_loss:1.5769, valid_mse:1.1367, valid_mae:0.7735, test_acc2:0.8204
current mae:0.7539, current corr:0.7787, acc7:0.4380, acc5:0.5139,acc2_non_zero:0.8443, f_score_non_zero:0.8439, acc2:0.8204, f_score:0.8193
epoch:49, train_loss:1.5593, valid_mse:1.1317, valid_mae:0.7750, test_acc2:0.8175
current mae:0.7544, current corr:0.7792, acc7:0.4234, acc5:0.4993,acc2_non_zero:0.8443, f_score_non_zero:0.8428, acc2:0.8175, f_score:0.8149
epoch:50, train_loss:1.5347, valid_mse:1.1512, valid_mae:0.7740, test_acc2:0.8146
current mae:0.7526, current corr:0.7802, acc7:0.4394, acc5:0.5124,acc2_non_zero:0.8382, f_score_non_zero:0.8377, acc2:0.8146, f_score:0.8133
epoch:51, train_loss:1.5092, valid_mse:1.1895, valid_mae:0.7894, test_acc2:0.8190
current mae:0.7412, current corr:0.7810, acc7:0.4496, acc5:0.5212,acc2_non_zero:0.8412, f_score_non_zero:0.8397, acc2:0.8190, f_score:0.8166
epoch:52, train_loss:1.5231, valid_mse:1.2663, valid_mae:0.8063, test_acc2:0.8161
current mae:0.7647, current corr:0.7745, acc7:0.4438, acc5:0.5197,acc2_non_zero:0.8382, f_score_non_zero:0.8381, acc2:0.8161, f_score:0.8152
epoch:53, train_loss:1.4785, valid_mse:1.0666, valid_mae:0.7479, test_acc2:0.8219
current mae:0.7359, current corr:0.7849, acc7:0.4613, acc5:0.5299,acc2_non_zero:0.8427, f_score_non_zero:0.8420, acc2:0.8219, f_score:0.8204
epoch:54, train_loss:1.4668, valid_mse:0.9893, valid_mae:0.7287, test_acc2:0.8292
current mae:0.7295, current corr:0.7877, acc7:0.4642, acc5:0.5314,acc2_non_zero:0.8504, f_score_non_zero:0.8502, acc2:0.8292, f_score:0.8284
epoch:55, train_loss:1.4393, valid_mse:1.1152, valid_mae:0.7707, test_acc2:0.8248
current mae:0.7559, current corr:0.7778, acc7:0.4380, acc5:0.4993,acc2_non_zero:0.8473, f_score_non_zero:0.8464, acc2:0.8248, f_score:0.8231
epoch:56, train_loss:1.4303, valid_mse:1.0183, valid_mae:0.7442, test_acc2:0.8204
current mae:0.7408, current corr:0.7861, acc7:0.4555, acc5:0.5212,acc2_non_zero:0.8427, f_score_non_zero:0.8426, acc2:0.8204, f_score:0.8196
epoch:57, train_loss:1.4201, valid_mse:1.1457, valid_mae:0.7803, test_acc2:0.8321
current mae:0.7297, current corr:0.7866, acc7:0.4496, acc5:0.5182,acc2_non_zero:0.8565, f_score_non_zero:0.8549, acc2:0.8321, f_score:0.8296
Saved best model at epoch 57 by acc2=0.8321 -> /data01/lyw/GLoMo/experiments/mosi_ours_visual_desc_seed5576/best_model.pt
epoch:58, train_loss:1.4188, valid_mse:1.0502, valid_mae:0.7602, test_acc2:0.8234
current mae:0.7390, current corr:0.7868, acc7:0.4628, acc5:0.5299,acc2_non_zero:0.8458, f_score_non_zero:0.8460, acc2:0.8234, f_score:0.8229
epoch:59, train_loss:1.3908, valid_mse:1.0146, valid_mae:0.7436, test_acc2:0.8248
current mae:0.7459, current corr:0.7796, acc7:0.4540, acc5:0.5212,acc2_non_zero:0.8473, f_score_non_zero:0.8469, acc2:0.8248, f_score:0.8237
epoch:60, train_loss:1.3821, valid_mse:1.0282, valid_mae:0.7445, test_acc2:0.8292
current mae:0.7278, current corr:0.7885, acc7:0.4453, acc5:0.5124,acc2_non_zero:0.8504, f_score_non_zero:0.8502, acc2:0.8292, f_score:0.8284
epoch:61, train_loss:1.3623, valid_mse:1.1014, valid_mae:0.7644, test_acc2:0.8292
current mae:0.7396, current corr:0.7791, acc7:0.4423, acc5:0.5153,acc2_non_zero:0.8489, f_score_non_zero:0.8486, acc2:0.8292, f_score:0.8283
epoch:62, train_loss:1.3644, valid_mse:1.0324, valid_mae:0.7472, test_acc2:0.8365
current mae:0.7226, current corr:0.7896, acc7:0.4540, acc5:0.5226,acc2_non_zero:0.8580, f_score_non_zero:0.8579, acc2:0.8365, f_score:0.8358
Saved best model at epoch 62 by acc2=0.8365 -> /data01/lyw/GLoMo/experiments/mosi_ours_visual_desc_seed5576/best_model.pt
epoch:63, train_loss:1.3479, valid_mse:1.0707, valid_mae:0.7529, test_acc2:0.8321
current mae:0.7388, current corr:0.7786, acc7:0.4482, acc5:0.5197,acc2_non_zero:0.8519, f_score_non_zero:0.8514, acc2:0.8321, f_score:0.8310
epoch:64, train_loss:1.3068, valid_mse:1.0111, valid_mae:0.7351, test_acc2:0.8453
current mae:0.7211, current corr:0.7872, acc7:0.4555, acc5:0.5285,acc2_non_zero:0.8626, f_score_non_zero:0.8625, acc2:0.8453, f_score:0.8447
Saved best model at epoch 64 by acc2=0.8453 -> /data01/lyw/GLoMo/experiments/mosi_ours_visual_desc_seed5576/best_model.pt
epoch:65, train_loss:1.3163, valid_mse:1.0509, valid_mae:0.7503, test_acc2:0.8263
current mae:0.7449, current corr:0.7797, acc7:0.4628, acc5:0.5343,acc2_non_zero:0.8443, f_score_non_zero:0.8446, acc2:0.8263, f_score:0.8261
epoch:66, train_loss:1.2938, valid_mse:1.1044, valid_mae:0.7688, test_acc2:0.8263
current mae:0.7378, current corr:0.7739, acc7:0.4453, acc5:0.5168,acc2_non_zero:0.8504, f_score_non_zero:0.8490, acc2:0.8263, f_score:0.8239
epoch:67, train_loss:1.2609, valid_mse:1.0587, valid_mae:0.7600, test_acc2:0.8190
current mae:0.7382, current corr:0.7791, acc7:0.4496, acc5:0.5153,acc2_non_zero:0.8412, f_score_non_zero:0.8402, acc2:0.8190, f_score:0.8171
epoch:68, train_loss:1.2843, valid_mse:1.0253, valid_mae:0.7382, test_acc2:0.8219
current mae:0.7321, current corr:0.7823, acc7:0.4642, acc5:0.5314,acc2_non_zero:0.8458, f_score_non_zero:0.8444, acc2:0.8219, f_score:0.8195
epoch:69, train_loss:1.2649, valid_mse:0.9996, valid_mae:0.7316, test_acc2:0.8336
current mae:0.7338, current corr:0.7873, acc7:0.4584, acc5:0.5197,acc2_non_zero:0.8550, f_score_non_zero:0.8548, acc2:0.8336, f_score:0.8328
Loading best model from epoch 64 by acc2=0.8453 for analysis export.
Analysis files exported to: /data01/lyw/GLoMo/experiments/mosi_ours_visual_desc_seed5576/analysis
  predictions: /data01/lyw/GLoMo/experiments/mosi_ours_visual_desc_seed5576/analysis/predictions.csv
  repr: /data01/lyw/GLoMo/experiments/mosi_ours_visual_desc_seed5576/analysis/repr.npz
  repr meta: /data01/lyw/GLoMo/experiments/mosi_ours_visual_desc_seed5576/analysis/repr_meta.json
  cases: /data01/lyw/GLoMo/experiments/mosi_ours_visual_desc_seed5576/analysis/cases.csv
Metrics summary saved to: /data01/lyw/GLoMo/experiments/mosi_ours_visual_desc_seed5576/metrics.json
Total runtime: 434022.04275131226 ms
