Using device: cuda:0, visible GPUs: 6
GPU name: NVIDIA GeForce RTX 3090
Seed: 5576
Command script saved to: /data01/lyw/GLoMo/experiments/mosei_audio_only_seed5576/command.sh
train labels: n=16265 min=-3.000 max=3.000 mean=0.146 std=1.125
dev labels: n=1869 min=-3.000 max=3.000 mean=0.190 std=1.038
test labels: n=4643 min=-3.000 max=3.000 mean=0.141 std=1.108
BERT load: missing=3 unexpected=10
BERT missing keys (first 5): ['linear1.weight', 'linear1.bias', 'proj_l.weight']
BERT unexpected keys (first 5): ['pooler.dense.weight', 'pooler.dense.bias', 'cls.predictions.bias', 'cls.predictions.transform.dense.weight', 'cls.predictions.transform.dense.bias']
conv audio std 0.03875073790550232
conv video std 0.056293025612831116
total parameter for the model:  117281879
epoch:0, train_loss:2.4254, valid_mse:1.0844, valid_mae:0.7759, test_acc2:0.7095
current mae:0.8330, current corr:0.0907, acc7:0.4137, acc5:0.4137,acc2_non_zero:0.6285, f_score_non_zero:0.4851, acc2:0.7095, f_score:0.5896
Saved best model at epoch 0 by acc2=0.7095 -> /data01/lyw/GLoMo/experiments/mosei_audio_only_seed5576/best_model.pt
epoch:1, train_loss:2.3670, valid_mse:1.0686, valid_mae:0.7668, test_acc2:0.7095
current mae:0.8347, current corr:0.0907, acc7:0.4137, acc5:0.4137,acc2_non_zero:0.6285, f_score_non_zero:0.4851, acc2:0.7095, f_score:0.5896
epoch:2, train_loss:2.3622, valid_mse:1.0665, valid_mae:0.7645, test_acc2:0.7092
current mae:0.8318, current corr:0.0928, acc7:0.4137, acc5:0.4137,acc2_non_zero:0.6287, f_score_non_zero:0.4857, acc2:0.7092, f_score:0.5899
epoch:3, train_loss:2.3612, valid_mse:1.0699, valid_mae:0.7651, test_acc2:0.6535
current mae:0.8313, current corr:0.0969, acc7:0.4137, acc5:0.4137,acc2_non_zero:0.6191, f_score_non_zero:0.5701, acc2:0.6535, f_score:0.6230
epoch:4, train_loss:2.3603, valid_mse:1.0604, valid_mae:0.7636, test_acc2:0.6911
current mae:0.8298, current corr:0.1124, acc7:0.4137, acc5:0.4137,acc2_non_zero:0.6326, f_score_non_zero:0.5295, acc2:0.6911, f_score:0.6118
epoch:5, train_loss:2.3585, valid_mse:1.0670, valid_mae:0.7658, test_acc2:0.6425
current mae:0.8313, current corr:0.1041, acc7:0.4137, acc5:0.4137,acc2_non_zero:0.6188, f_score_non_zero:0.5831, acc2:0.6425, f_score:0.6244
epoch:6, train_loss:2.3573, valid_mse:1.0693, valid_mae:0.7655, test_acc2:0.6584
current mae:0.8297, current corr:0.1072, acc7:0.4137, acc5:0.4137,acc2_non_zero:0.6232, f_score_non_zero:0.5716, acc2:0.6584, f_score:0.6254
epoch:7, train_loss:2.3584, valid_mse:1.0697, valid_mae:0.7665, test_acc2:0.6453
current mae:0.8311, current corr:0.1164, acc7:0.4137, acc5:0.4137,acc2_non_zero:0.6188, f_score_non_zero:0.5791, acc2:0.6453, f_score:0.6236
epoch:8, train_loss:2.3552, valid_mse:1.0676, valid_mae:0.7632, test_acc2:0.6888
current mae:0.8272, current corr:0.1178, acc7:0.4137, acc5:0.4137,acc2_non_zero:0.6365, f_score_non_zero:0.5532, acc2:0.6888, f_score:0.6261
epoch:9, train_loss:2.3551, valid_mse:1.0730, valid_mae:0.7690, test_acc2:0.6983
current mae:0.8275, current corr:0.1452, acc7:0.4137, acc5:0.4137,acc2_non_zero:0.6370, f_score_non_zero:0.5356, acc2:0.6983, f_score:0.6187
epoch:10, train_loss:2.3553, valid_mse:1.0696, valid_mae:0.7670, test_acc2:0.6797
current mae:0.8278, current corr:0.1321, acc7:0.4137, acc5:0.4137,acc2_non_zero:0.6356, f_score_non_zero:0.5678, acc2:0.6797, f_score:0.6312
epoch:11, train_loss:2.3501, valid_mse:1.0644, valid_mae:0.7656, test_acc2:0.6991
current mae:0.8251, current corr:0.1472, acc7:0.4137, acc5:0.4137,acc2_non_zero:0.6390, f_score_non_zero:0.5422, acc2:0.6991, f_score:0.6233
epoch:12, train_loss:2.3512, valid_mse:1.0572, valid_mae:0.7631, test_acc2:0.7079
current mae:0.8259, current corr:0.1576, acc7:0.4137, acc5:0.4137,acc2_non_zero:0.6309, f_score_non_zero:0.4970, acc2:0.7079, f_score:0.5973
epoch:13, train_loss:2.3503, valid_mse:1.0624, valid_mae:0.7670, test_acc2:0.7097
current mae:0.8266, current corr:0.1724, acc7:0.4137, acc5:0.4137,acc2_non_zero:0.6296, f_score_non_zero:0.4891, acc2:0.7097, f_score:0.5925
Saved best model at epoch 13 by acc2=0.7097 -> /data01/lyw/GLoMo/experiments/mosei_audio_only_seed5576/best_model.pt
epoch:14, train_loss:2.3448, valid_mse:1.0556, valid_mae:0.7638, test_acc2:0.7097
current mae:0.8262, current corr:0.1827, acc7:0.4137, acc5:0.4137,acc2_non_zero:0.6298, f_score_non_zero:0.4897, acc2:0.7097, f_score:0.5928
epoch:15, train_loss:2.3427, valid_mse:1.0582, valid_mae:0.7684, test_acc2:0.7103
current mae:0.8278, current corr:0.1922, acc7:0.4131, acc5:0.4131,acc2_non_zero:0.6285, f_score_non_zero:0.4856, acc2:0.7103, f_score:0.5904
Saved best model at epoch 15 by acc2=0.7103 -> /data01/lyw/GLoMo/experiments/mosei_audio_only_seed5576/best_model.pt
epoch:16, train_loss:2.3458, valid_mse:1.0558, valid_mae:0.7654, test_acc2:0.7099
current mae:0.8243, current corr:0.1877, acc7:0.4135, acc5:0.4135,acc2_non_zero:0.6287, f_score_non_zero:0.4862, acc2:0.7099, f_score:0.5906
epoch:17, train_loss:2.3431, valid_mse:1.0581, valid_mae:0.7649, test_acc2:0.7101
current mae:0.8239, current corr:0.1966, acc7:0.4137, acc5:0.4137,acc2_non_zero:0.6285, f_score_non_zero:0.4861, acc2:0.7101, f_score:0.5907
epoch:18, train_loss:2.3428, valid_mse:1.0627, valid_mae:0.7695, test_acc2:0.7105
current mae:0.8255, current corr:0.2022, acc7:0.4137, acc5:0.4137,acc2_non_zero:0.6287, f_score_non_zero:0.4862, acc2:0.7105, f_score:0.5909
Saved best model at epoch 18 by acc2=0.7105 -> /data01/lyw/GLoMo/experiments/mosei_audio_only_seed5576/best_model.pt
epoch:19, train_loss:2.3419, valid_mse:1.0614, valid_mae:0.7693, test_acc2:0.7103
current mae:0.8271, current corr:0.1981, acc7:0.4137, acc5:0.4137,acc2_non_zero:0.6285, f_score_non_zero:0.4851, acc2:0.7103, f_score:0.5900
epoch:20, train_loss:2.3394, valid_mse:1.0501, valid_mae:0.7623, test_acc2:0.7056
current mae:0.8219, current corr:0.2019, acc7:0.4137, acc5:0.4137,acc2_non_zero:0.6414, f_score_non_zero:0.5462, acc2:0.7056, f_score:0.6293
epoch:21, train_loss:2.3403, valid_mse:1.0538, valid_mae:0.7653, test_acc2:0.7103
current mae:0.8235, current corr:0.1979, acc7:0.4137, acc5:0.4137,acc2_non_zero:0.6285, f_score_non_zero:0.4851, acc2:0.7103, f_score:0.5900
epoch:22, train_loss:2.3396, valid_mse:1.0616, valid_mae:0.7692, test_acc2:0.7103
current mae:0.8240, current corr:0.2001, acc7:0.4137, acc5:0.4137,acc2_non_zero:0.6285, f_score_non_zero:0.4851, acc2:0.7103, f_score:0.5900
epoch:23, train_loss:2.3395, valid_mse:1.0603, valid_mae:0.7679, test_acc2:0.7103
current mae:0.8235, current corr:0.2008, acc7:0.4137, acc5:0.4137,acc2_non_zero:0.6285, f_score_non_zero:0.4851, acc2:0.7103, f_score:0.5900
epoch:24, train_loss:2.3409, valid_mse:1.0696, valid_mae:0.7712, test_acc2:0.7107
current mae:0.8237, current corr:0.2065, acc7:0.4137, acc5:0.4137,acc2_non_zero:0.6290, f_score_non_zero:0.4863, acc2:0.7107, f_score:0.5910
Saved best model at epoch 24 by acc2=0.7107 -> /data01/lyw/GLoMo/experiments/mosei_audio_only_seed5576/best_model.pt
epoch:25, train_loss:2.3353, valid_mse:1.0547, valid_mae:0.7671, test_acc2:0.7103
current mae:0.8238, current corr:0.2042, acc7:0.4137, acc5:0.4137,acc2_non_zero:0.6285, f_score_non_zero:0.4851, acc2:0.7103, f_score:0.5900
epoch:26, train_loss:2.3345, valid_mse:1.0581, valid_mae:0.7659, test_acc2:0.7105
current mae:0.8216, current corr:0.2038, acc7:0.4137, acc5:0.4137,acc2_non_zero:0.6304, f_score_non_zero:0.4934, acc2:0.7105, f_score:0.5960
epoch:27, train_loss:2.3370, valid_mse:1.0602, valid_mae:0.7680, test_acc2:0.7112
current mae:0.8224, current corr:0.2072, acc7:0.4137, acc5:0.4137,acc2_non_zero:0.6307, f_score_non_zero:0.4921, acc2:0.7112, f_score:0.5952
Saved best model at epoch 27 by acc2=0.7112 -> /data01/lyw/GLoMo/experiments/mosei_audio_only_seed5576/best_model.pt
epoch:28, train_loss:2.3345, valid_mse:1.0511, valid_mae:0.7638, test_acc2:0.7092
current mae:0.8215, current corr:0.2075, acc7:0.4137, acc5:0.4137,acc2_non_zero:0.6323, f_score_non_zero:0.5082, acc2:0.7092, f_score:0.6062
epoch:29, train_loss:2.3360, valid_mse:1.0616, valid_mae:0.7659, test_acc2:0.6625
current mae:0.8198, current corr:0.2025, acc7:0.4137, acc5:0.4137,acc2_non_zero:0.6373, f_score_non_zero:0.6072, acc2:0.6625, f_score:0.6467
epoch:30, train_loss:2.3346, valid_mse:1.0606, valid_mae:0.7690, test_acc2:0.7112
current mae:0.8234, current corr:0.2046, acc7:0.4142, acc5:0.4142,acc2_non_zero:0.6304, f_score_non_zero:0.4910, acc2:0.7112, f_score:0.5944
epoch:31, train_loss:2.3342, valid_mse:1.0479, valid_mae:0.7629, test_acc2:0.7075
current mae:0.8216, current corr:0.2079, acc7:0.4137, acc5:0.4137,acc2_non_zero:0.6348, f_score_non_zero:0.5235, acc2:0.7075, f_score:0.6161
epoch:32, train_loss:2.3368, valid_mse:1.0698, valid_mae:0.7706, test_acc2:0.7090
current mae:0.8211, current corr:0.2091, acc7:0.4137, acc5:0.4137,acc2_non_zero:0.6323, f_score_non_zero:0.5065, acc2:0.7090, f_score:0.6047
epoch:33, train_loss:2.3356, valid_mse:1.0477, valid_mae:0.7641, test_acc2:0.7101
current mae:0.8218, current corr:0.2098, acc7:0.4137, acc5:0.4137,acc2_non_zero:0.6320, f_score_non_zero:0.5027, acc2:0.7101, f_score:0.6024
epoch:34, train_loss:2.3320, valid_mse:1.0550, valid_mae:0.7666, test_acc2:0.7077
current mae:0.8211, current corr:0.2111, acc7:0.4137, acc5:0.4137,acc2_non_zero:0.6320, f_score_non_zero:0.5124, acc2:0.7077, f_score:0.6088
epoch:35, train_loss:2.3300, valid_mse:1.0556, valid_mae:0.7666, test_acc2:0.7103
current mae:0.8220, current corr:0.2112, acc7:0.4137, acc5:0.4137,acc2_non_zero:0.6312, f_score_non_zero:0.4981, acc2:0.7103, f_score:0.5993
epoch:36, train_loss:2.3307, valid_mse:1.0594, valid_mae:0.7683, test_acc2:0.7077
current mae:0.8207, current corr:0.2102, acc7:0.4137, acc5:0.4137,acc2_non_zero:0.6323, f_score_non_zero:0.5117, acc2:0.7077, f_score:0.6081
epoch:37, train_loss:2.3286, valid_mse:1.0515, valid_mae:0.7630, test_acc2:0.7107
current mae:0.8220, current corr:0.2098, acc7:0.4140, acc5:0.4140,acc2_non_zero:0.6320, f_score_non_zero:0.5013, acc2:0.7107, f_score:0.6017
epoch:38, train_loss:2.3287, valid_mse:1.0545, valid_mae:0.7648, test_acc2:0.6942
current mae:0.8197, current corr:0.2111, acc7:0.4137, acc5:0.4137,acc2_non_zero:0.6378, f_score_non_zero:0.5611, acc2:0.6942, f_score:0.6350
epoch:39, train_loss:2.3299, valid_mse:1.0512, valid_mae:0.7668, test_acc2:0.7112
current mae:0.8243, current corr:0.2100, acc7:0.4137, acc5:0.4137,acc2_non_zero:0.6425, f_score_non_zero:0.5389, acc2:0.7112, f_score:0.6267
epoch:40, train_loss:2.3302, valid_mse:1.0497, valid_mae:0.7637, test_acc2:0.7082
current mae:0.8212, current corr:0.2123, acc7:0.4137, acc5:0.4137,acc2_non_zero:0.6312, f_score_non_zero:0.5063, acc2:0.7082, f_score:0.6046
epoch:41, train_loss:2.3302, valid_mse:1.0562, valid_mae:0.7674, test_acc2:0.7011
current mae:0.8211, current corr:0.2143, acc7:0.4133, acc5:0.4133,acc2_non_zero:0.6401, f_score_non_zero:0.5593, acc2:0.7011, f_score:0.6371
epoch:42, train_loss:2.3306, valid_mse:1.0588, valid_mae:0.7671, test_acc2:0.7082
current mae:0.8209, current corr:0.2149, acc7:0.4137, acc5:0.4137,acc2_non_zero:0.6326, f_score_non_zero:0.5110, acc2:0.7082, f_score:0.6077
epoch:43, train_loss:2.3293, valid_mse:1.0660, valid_mae:0.7719, test_acc2:0.7082
current mae:0.8207, current corr:0.2146, acc7:0.4133, acc5:0.4133,acc2_non_zero:0.6326, f_score_non_zero:0.5114, acc2:0.7082, f_score:0.6080
epoch:44, train_loss:2.3280, valid_mse:1.0610, valid_mae:0.7715, test_acc2:0.7097
current mae:0.8242, current corr:0.2140, acc7:0.4140, acc5:0.4140,acc2_non_zero:0.6285, f_score_non_zero:0.4890, acc2:0.7097, f_score:0.5928
epoch:45, train_loss:2.3242, valid_mse:1.0528, valid_mae:0.7662, test_acc2:0.7095
current mae:0.8228, current corr:0.2142, acc7:0.4137, acc5:0.4137,acc2_non_zero:0.6282, f_score_non_zero:0.4884, acc2:0.7095, f_score:0.5924
epoch:46, train_loss:2.3273, valid_mse:1.0455, valid_mae:0.7632, test_acc2:0.7090
current mae:0.8220, current corr:0.2122, acc7:0.4137, acc5:0.4137,acc2_non_zero:0.6298, f_score_non_zero:0.4979, acc2:0.7090, f_score:0.5990
epoch:47, train_loss:2.3238, valid_mse:1.0537, valid_mae:0.7668, test_acc2:0.7092
current mae:0.8236, current corr:0.2130, acc7:0.4137, acc5:0.4137,acc2_non_zero:0.6293, f_score_non_zero:0.4929, acc2:0.7092, f_score:0.5953
epoch:48, train_loss:2.3244, valid_mse:1.0516, valid_mae:0.7673, test_acc2:0.7099
current mae:0.8227, current corr:0.2123, acc7:0.4137, acc5:0.4137,acc2_non_zero:0.6326, f_score_non_zero:0.5053, acc2:0.7099, f_score:0.6041
epoch:49, train_loss:2.3262, valid_mse:1.0582, valid_mae:0.7672, test_acc2:0.7092
current mae:0.8203, current corr:0.2140, acc7:0.4137, acc5:0.4137,acc2_non_zero:0.6326, f_score_non_zero:0.5079, acc2:0.7092, f_score:0.6059
epoch:50, train_loss:2.3263, valid_mse:1.0506, valid_mae:0.7659, test_acc2:0.7077
current mae:0.8212, current corr:0.2153, acc7:0.4135, acc5:0.4135,acc2_non_zero:0.6312, f_score_non_zero:0.5076, acc2:0.7077, f_score:0.6054
epoch:51, train_loss:2.3281, valid_mse:1.0487, valid_mae:0.7611, test_acc2:0.6937
current mae:0.8191, current corr:0.2149, acc7:0.4137, acc5:0.4137,acc2_non_zero:0.6381, f_score_non_zero:0.5648, acc2:0.6937, f_score:0.6373
epoch:52, train_loss:2.3249, valid_mse:1.0446, valid_mae:0.7628, test_acc2:0.7073
current mae:0.8208, current corr:0.2157, acc7:0.4140, acc5:0.4140,acc2_non_zero:0.6315, f_score_non_zero:0.5117, acc2:0.7073, f_score:0.6082
epoch:53, train_loss:2.3246, valid_mse:1.0586, valid_mae:0.7677, test_acc2:0.7008
current mae:0.8190, current corr:0.2149, acc7:0.4137, acc5:0.4137,acc2_non_zero:0.6354, f_score_non_zero:0.5454, acc2:0.7008, f_score:0.6286
epoch:54, train_loss:2.3214, valid_mse:1.0487, valid_mae:0.7651, test_acc2:0.7088
current mae:0.8201, current corr:0.2168, acc7:0.4133, acc5:0.4133,acc2_non_zero:0.6320, f_score_non_zero:0.5081, acc2:0.7088, f_score:0.6060
epoch:55, train_loss:2.3235, valid_mse:1.0543, valid_mae:0.7648, test_acc2:0.6998
current mae:0.8192, current corr:0.2160, acc7:0.4135, acc5:0.4135,acc2_non_zero:0.6401, f_score_non_zero:0.5578, acc2:0.6998, f_score:0.6351
epoch:56, train_loss:2.3215, valid_mse:1.0458, valid_mae:0.7614, test_acc2:0.7021
current mae:0.8194, current corr:0.2137, acc7:0.4135, acc5:0.4135,acc2_non_zero:0.6287, f_score_non_zero:0.5176, acc2:0.7021, f_score:0.6110
epoch:57, train_loss:2.3219, valid_mse:1.0566, valid_mae:0.7695, test_acc2:0.7095
current mae:0.8237, current corr:0.2140, acc7:0.4140, acc5:0.4140,acc2_non_zero:0.6282, f_score_non_zero:0.4874, acc2:0.7095, f_score:0.5916
epoch:58, train_loss:2.3227, valid_mse:1.0533, valid_mae:0.7655, test_acc2:0.7088
current mae:0.8205, current corr:0.2161, acc7:0.4135, acc5:0.4135,acc2_non_zero:0.6304, f_score_non_zero:0.5009, acc2:0.7088, f_score:0.6010
epoch:59, train_loss:2.3173, valid_mse:1.0569, valid_mae:0.7669, test_acc2:0.7116
current mae:0.8214, current corr:0.2147, acc7:0.4135, acc5:0.4135,acc2_non_zero:0.6370, f_score_non_zero:0.5182, acc2:0.7116, f_score:0.6133
Saved best model at epoch 59 by acc2=0.7116 -> /data01/lyw/GLoMo/experiments/mosei_audio_only_seed5576/best_model.pt
epoch:60, train_loss:2.3209, valid_mse:1.0500, valid_mae:0.7651, test_acc2:0.7064
current mae:0.8200, current corr:0.2167, acc7:0.4135, acc5:0.4135,acc2_non_zero:0.6326, f_score_non_zero:0.5202, acc2:0.7064, f_score:0.6139
epoch:61, train_loss:2.3203, valid_mse:1.0498, valid_mae:0.7630, test_acc2:0.6924
current mae:0.8182, current corr:0.2144, acc7:0.4137, acc5:0.4137,acc2_non_zero:0.6378, f_score_non_zero:0.5638, acc2:0.6924, f_score:0.6358
epoch:62, train_loss:2.3224, valid_mse:1.0486, valid_mae:0.7657, test_acc2:0.7075
current mae:0.8209, current corr:0.2151, acc7:0.4137, acc5:0.4137,acc2_non_zero:0.6296, f_score_non_zero:0.5009, acc2:0.7075, f_score:0.6007
epoch:63, train_loss:2.3168, valid_mse:1.0399, valid_mae:0.7605, test_acc2:0.6927
current mae:0.8197, current corr:0.2169, acc7:0.4140, acc5:0.4140,acc2_non_zero:0.6417, f_score_non_zero:0.5709, acc2:0.6927, f_score:0.6393
epoch:64, train_loss:2.3206, valid_mse:1.0506, valid_mae:0.7657, test_acc2:0.6993
current mae:0.8200, current corr:0.2216, acc7:0.4137, acc5:0.4137,acc2_non_zero:0.6412, f_score_non_zero:0.5607, acc2:0.6993, f_score:0.6364
epoch:65, train_loss:2.3187, valid_mse:1.0412, valid_mae:0.7614, test_acc2:0.6901
current mae:0.8203, current corr:0.2184, acc7:0.4135, acc5:0.4135,acc2_non_zero:0.6403, f_score_non_zero:0.5737, acc2:0.6901, f_score:0.6404
epoch:66, train_loss:2.3175, valid_mse:1.0425, valid_mae:0.7622, test_acc2:0.6974
current mae:0.8192, current corr:0.2217, acc7:0.4137, acc5:0.4137,acc2_non_zero:0.6425, f_score_non_zero:0.5661, acc2:0.6974, f_score:0.6385
epoch:67, train_loss:2.3184, valid_mse:1.0481, valid_mae:0.7635, test_acc2:0.6705
current mae:0.8182, current corr:0.2205, acc7:0.4137, acc5:0.4137,acc2_non_zero:0.6420, f_score_non_zero:0.6077, acc2:0.6705, f_score:0.6504
epoch:68, train_loss:2.3219, valid_mse:1.0468, valid_mae:0.7644, test_acc2:0.7030
current mae:0.8222, current corr:0.2198, acc7:0.4127, acc5:0.4127,acc2_non_zero:0.6442, f_score_non_zero:0.5606, acc2:0.7030, f_score:0.6372
epoch:69, train_loss:2.3167, valid_mse:1.0415, valid_mae:0.7626, test_acc2:0.6866
current mae:0.8202, current corr:0.2205, acc7:0.4137, acc5:0.4137,acc2_non_zero:0.6414, f_score_non_zero:0.5799, acc2:0.6866, f_score:0.6420
epoch:70, train_loss:2.3156, valid_mse:1.0573, valid_mae:0.7686, test_acc2:0.6890
current mae:0.8209, current corr:0.2217, acc7:0.4124, acc5:0.4124,acc2_non_zero:0.6439, f_score_non_zero:0.5822, acc2:0.6890, f_score:0.6440
epoch:71, train_loss:2.3165, valid_mse:1.0511, valid_mae:0.7665, test_acc2:0.6871
current mae:0.8189, current corr:0.2203, acc7:0.4127, acc5:0.4127,acc2_non_zero:0.6434, f_score_non_zero:0.5855, acc2:0.6871, f_score:0.6454
epoch:72, train_loss:2.3174, valid_mse:1.0447, valid_mae:0.7647, test_acc2:0.6795
current mae:0.8191, current corr:0.2222, acc7:0.4118, acc5:0.4118,acc2_non_zero:0.6436, f_score_non_zero:0.5990, acc2:0.6795, f_score:0.6498
epoch:73, train_loss:2.3191, valid_mse:1.0426, valid_mae:0.7643, test_acc2:0.7041
current mae:0.8216, current corr:0.2231, acc7:0.4133, acc5:0.4133,acc2_non_zero:0.6431, f_score_non_zero:0.5540, acc2:0.7041, f_score:0.6335
epoch:74, train_loss:2.3187, valid_mse:1.0490, valid_mae:0.7633, test_acc2:0.6961
current mae:0.8189, current corr:0.2204, acc7:0.4127, acc5:0.4127,acc2_non_zero:0.6456, f_score_non_zero:0.5766, acc2:0.6961, f_score:0.6440
epoch:75, train_loss:2.3155, valid_mse:1.0496, valid_mae:0.7643, test_acc2:0.6855
current mae:0.8189, current corr:0.2213, acc7:0.4131, acc5:0.4131,acc2_non_zero:0.6423, f_score_non_zero:0.5839, acc2:0.6855, f_score:0.6437
epoch:76, train_loss:2.3150, valid_mse:1.0571, valid_mae:0.7734, test_acc2:0.6894
current mae:0.8240, current corr:0.2211, acc7:0.4096, acc5:0.4096,acc2_non_zero:0.6464, f_score_non_zero:0.5874, acc2:0.6894, f_score:0.6469
epoch:77, train_loss:2.3178, valid_mse:1.0441, valid_mae:0.7627, test_acc2:0.6806
current mae:0.8181, current corr:0.2241, acc7:0.4131, acc5:0.4131,acc2_non_zero:0.6420, f_score_non_zero:0.5895, acc2:0.6806, f_score:0.6444
epoch:78, train_loss:2.3136, valid_mse:1.0514, valid_mae:0.7640, test_acc2:0.6851
current mae:0.8177, current corr:0.2213, acc7:0.4127, acc5:0.4127,acc2_non_zero:0.6428, f_score_non_zero:0.5885, acc2:0.6851, f_score:0.6466
epoch:79, train_loss:2.3128, valid_mse:1.0497, valid_mae:0.7630, test_acc2:0.6836
current mae:0.8178, current corr:0.2224, acc7:0.4120, acc5:0.4120,acc2_non_zero:0.6467, f_score_non_zero:0.5974, acc2:0.6836, f_score:0.6499
epoch:80, train_loss:2.3158, valid_mse:1.0454, valid_mae:0.7624, test_acc2:0.6894
current mae:0.8187, current corr:0.2229, acc7:0.4129, acc5:0.4129,acc2_non_zero:0.6439, f_score_non_zero:0.5827, acc2:0.6894, f_score:0.6447
epoch:81, train_loss:2.3095, valid_mse:1.0494, valid_mae:0.7658, test_acc2:0.6937
current mae:0.8195, current corr:0.2230, acc7:0.4135, acc5:0.4135,acc2_non_zero:0.6450, f_score_non_zero:0.5802, acc2:0.6937, f_score:0.6453
epoch:82, train_loss:2.3097, valid_mse:1.0525, valid_mae:0.7659, test_acc2:0.6946
current mae:0.8194, current corr:0.2236, acc7:0.4144, acc5:0.4144,acc2_non_zero:0.6456, f_score_non_zero:0.5796, acc2:0.6946, f_score:0.6451
epoch:83, train_loss:2.3102, valid_mse:1.0404, valid_mae:0.7620, test_acc2:0.6873
current mae:0.8189, current corr:0.2241, acc7:0.4131, acc5:0.4131,acc2_non_zero:0.6450, f_score_non_zero:0.5879, acc2:0.6873, f_score:0.6464
epoch:84, train_loss:2.3084, valid_mse:1.0439, valid_mae:0.7630, test_acc2:0.6823
current mae:0.8188, current corr:0.2242, acc7:0.4127, acc5:0.4127,acc2_non_zero:0.6428, f_score_non_zero:0.5903, acc2:0.6823, f_score:0.6459
epoch:85, train_loss:2.3105, valid_mse:1.0413, valid_mae:0.7611, test_acc2:0.6804
current mae:0.8183, current corr:0.2240, acc7:0.4129, acc5:0.4129,acc2_non_zero:0.6423, f_score_non_zero:0.5919, acc2:0.6804, f_score:0.6459
epoch:86, train_loss:2.3119, valid_mse:1.0375, valid_mae:0.7606, test_acc2:0.6817
current mae:0.8188, current corr:0.2238, acc7:0.4133, acc5:0.4133,acc2_non_zero:0.6417, f_score_non_zero:0.5868, acc2:0.6817, f_score:0.6434
epoch:87, train_loss:2.3150, valid_mse:1.0479, valid_mae:0.7645, test_acc2:0.6815
current mae:0.8186, current corr:0.2245, acc7:0.4131, acc5:0.4131,acc2_non_zero:0.6417, f_score_non_zero:0.5873, acc2:0.6815, f_score:0.6436
epoch:88, train_loss:2.3094, valid_mse:1.0469, valid_mae:0.7656, test_acc2:0.6888
current mae:0.8193, current corr:0.2244, acc7:0.4140, acc5:0.4140,acc2_non_zero:0.6428, f_score_non_zero:0.5821, acc2:0.6888, f_score:0.6444
epoch:89, train_loss:2.3088, valid_mse:1.0521, valid_mae:0.7675, test_acc2:0.6939
current mae:0.8197, current corr:0.2243, acc7:0.4135, acc5:0.4135,acc2_non_zero:0.6450, f_score_non_zero:0.5792, acc2:0.6939, f_score:0.6447
epoch:90, train_loss:2.3143, valid_mse:1.0486, valid_mae:0.7635, test_acc2:0.6810
current mae:0.8186, current corr:0.2247, acc7:0.4135, acc5:0.4135,acc2_non_zero:0.6420, f_score_non_zero:0.5891, acc2:0.6810, f_score:0.6444
epoch:91, train_loss:2.3091, valid_mse:1.0468, valid_mae:0.7644, test_acc2:0.6793
current mae:0.8184, current corr:0.2250, acc7:0.4127, acc5:0.4127,acc2_non_zero:0.6425, f_score_non_zero:0.5947, acc2:0.6793, f_score:0.6470
epoch:92, train_loss:2.3056, valid_mse:1.0437, valid_mae:0.7627, test_acc2:0.6810
current mae:0.8189, current corr:0.2249, acc7:0.4135, acc5:0.4135,acc2_non_zero:0.6420, f_score_non_zero:0.5895, acc2:0.6810, f_score:0.6448
epoch:93, train_loss:2.3131, valid_mse:1.0482, valid_mae:0.7634, test_acc2:0.6806
current mae:0.8184, current corr:0.2244, acc7:0.4135, acc5:0.4135,acc2_non_zero:0.6412, f_score_non_zero:0.5878, acc2:0.6806, f_score:0.6436
epoch:94, train_loss:2.3096, valid_mse:1.0440, valid_mae:0.7628, test_acc2:0.6832
current mae:0.8184, current corr:0.2244, acc7:0.4131, acc5:0.4131,acc2_non_zero:0.6425, f_score_non_zero:0.5879, acc2:0.6832, f_score:0.6448
epoch:95, train_loss:2.3133, valid_mse:1.0458, valid_mae:0.7630, test_acc2:0.6804
current mae:0.8182, current corr:0.2244, acc7:0.4131, acc5:0.4131,acc2_non_zero:0.6448, f_score_non_zero:0.5974, acc2:0.6804, f_score:0.6486
epoch:96, train_loss:2.3084, valid_mse:1.0450, valid_mae:0.7641, test_acc2:0.6942
current mae:0.8195, current corr:0.2244, acc7:0.4131, acc5:0.4131,acc2_non_zero:0.6450, f_score_non_zero:0.5794, acc2:0.6942, f_score:0.6450
epoch:97, train_loss:2.3100, valid_mse:1.0434, valid_mae:0.7636, test_acc2:0.6821
current mae:0.8189, current corr:0.2246, acc7:0.4124, acc5:0.4124,acc2_non_zero:0.6423, f_score_non_zero:0.5872, acc2:0.6821, f_score:0.6437
epoch:98, train_loss:2.3123, valid_mse:1.0440, valid_mae:0.7630, test_acc2:0.6995
current mae:0.8191, current corr:0.2248, acc7:0.4131, acc5:0.4131,acc2_non_zero:0.6461, f_score_non_zero:0.5692, acc2:0.6995, f_score:0.6404
epoch:99, train_loss:2.3125, valid_mse:1.0423, valid_mae:0.7635, test_acc2:0.6905
current mae:0.8192, current corr:0.2246, acc7:0.4131, acc5:0.4131,acc2_non_zero:0.6436, f_score_non_zero:0.5820, acc2:0.6905, f_score:0.6451
Loading best model from epoch 59 by acc2=0.7116 for analysis export.
Analysis files exported to: /data01/lyw/GLoMo/experiments/mosei_audio_only_seed5576/analysis
  predictions: /data01/lyw/GLoMo/experiments/mosei_audio_only_seed5576/analysis/predictions.csv
  repr: /data01/lyw/GLoMo/experiments/mosei_audio_only_seed5576/analysis/repr.npz
  repr meta: /data01/lyw/GLoMo/experiments/mosei_audio_only_seed5576/analysis/repr_meta.json
  cases: /data01/lyw/GLoMo/experiments/mosei_audio_only_seed5576/analysis/cases.csv
Metrics summary saved to: /data01/lyw/GLoMo/experiments/mosei_audio_only_seed5576/metrics.json
Total runtime: 5467806.758403778 ms
