Seed: 5576
Command script saved to: /data01/lyw/GLoMo/experiments/urfunny_only_moe_weak_seed5576/command.sh
total parameter for the model:  113169537
epoch:0, train_loss:0.6789, valid_loss:0.6617, test_acc:0.6529
current acc2:0.6529, f_weighted:0.6530, f_average:0.6529
Saved best model at epoch 0 by acc2=0.6529 -> /data01/lyw/GLoMo/experiments/urfunny_only_moe_weak_seed5576/best_model.pt
epoch:1, train_loss:0.6278, valid_loss:0.6137, test_acc:0.7032
current acc2:0.7032, f_weighted:0.7032, f_average:0.7032
Saved best model at epoch 1 by acc2=0.7032 -> /data01/lyw/GLoMo/experiments/urfunny_only_moe_weak_seed5576/best_model.pt
epoch:2, train_loss:0.5541, valid_loss:0.6024, test_acc:0.7082
current acc2:0.7082, f_weighted:0.7084, f_average:0.7082
Saved best model at epoch 2 by acc2=0.7082 -> /data01/lyw/GLoMo/experiments/urfunny_only_moe_weak_seed5576/best_model.pt
epoch:3, train_loss:0.4924, valid_loss:0.6092, test_acc:0.7203
current acc2:0.7203, f_weighted:0.7203, f_average:0.7203
Saved best model at epoch 3 by acc2=0.7203 -> /data01/lyw/GLoMo/experiments/urfunny_only_moe_weak_seed5576/best_model.pt
epoch:4, train_loss:0.4331, valid_loss:0.6380, test_acc:0.7153
current acc2:0.7153, f_weighted:0.7153, f_average:0.7153
epoch:5, train_loss:0.3830, valid_loss:0.6699, test_acc:0.7203
current acc2:0.7203, f_weighted:0.7205, f_average:0.7203
epoch:6, train_loss:0.3493, valid_loss:0.6827, test_acc:0.7113
current acc2:0.7113, f_weighted:0.7131, f_average:0.7113
epoch:7, train_loss:0.3043, valid_loss:0.7360, test_acc:0.7072
current acc2:0.7072, f_weighted:0.7073, f_average:0.7072
epoch:8, train_loss:0.2539, valid_loss:0.7573, test_acc:0.7032
current acc2:0.7032, f_weighted:0.7060, f_average:0.7032
epoch:9, train_loss:0.2240, valid_loss:0.8125, test_acc:0.7143
current acc2:0.7143, f_weighted:0.7143, f_average:0.7143
epoch:10, train_loss:0.1960, valid_loss:0.8475, test_acc:0.7233
current acc2:0.7233, f_weighted:0.7236, f_average:0.7233
Saved best model at epoch 10 by acc2=0.7233 -> /data01/lyw/GLoMo/experiments/urfunny_only_moe_weak_seed5576/best_model.pt
epoch:11, train_loss:0.1733, valid_loss:0.9122, test_acc:0.7213
current acc2:0.7213, f_weighted:0.7218, f_average:0.7213
epoch:12, train_loss:0.1533, valid_loss:0.9502, test_acc:0.7113
current acc2:0.7113, f_weighted:0.7120, f_average:0.7113
epoch:13, train_loss:0.1376, valid_loss:0.9631, test_acc:0.7173
current acc2:0.7173, f_weighted:0.7177, f_average:0.7173
epoch:14, train_loss:0.1135, valid_loss:0.9694, test_acc:0.7203
current acc2:0.7203, f_weighted:0.7214, f_average:0.7203
epoch:15, train_loss:0.1039, valid_loss:1.0549, test_acc:0.7163
current acc2:0.7163, f_weighted:0.7164, f_average:0.7163
epoch:16, train_loss:0.0937, valid_loss:1.0166, test_acc:0.7153
current acc2:0.7153, f_weighted:0.7154, f_average:0.7153
epoch:17, train_loss:0.0793, valid_loss:1.1174, test_acc:0.7173
current acc2:0.7173, f_weighted:0.7183, f_average:0.7173
epoch:18, train_loss:0.0705, valid_loss:1.1668, test_acc:0.7133
current acc2:0.7133, f_weighted:0.7142, f_average:0.7133
epoch:19, train_loss:0.0657, valid_loss:1.1510, test_acc:0.7223
current acc2:0.7223, f_weighted:0.7233, f_average:0.7223
Metrics summary saved to: /data01/lyw/GLoMo/experiments/urfunny_only_moe_weak_seed5576/metrics.json
