Using device: cuda:0, visible GPUs: 6
GPU name: NVIDIA GeForce RTX 3090
Seed: 5576
Command script saved to: /data01/lyw/GLoMo/experiments/mosi_ours_audio_desc_seed5576/command.sh
Using modality text augmentation: audio_desc=True, visual_desc=False
train labels: n=1281 min=-3.000 max=3.000 mean=0.235 std=1.509
dev labels: n=229 min=-3.000 max=3.000 mean=0.310 std=1.649
test labels: n=685 min=-3.000 max=3.000 mean=-0.315 std=1.588
BERT load: missing=3 unexpected=10
BERT missing keys (first 5): ['linear1.weight', 'linear1.bias', 'proj_l.weight']
BERT unexpected keys (first 5): ['pooler.dense.weight', 'pooler.dense.bias', 'cls.predictions.bias', 'cls.predictions.transform.dense.weight', 'cls.predictions.transform.dense.bias']
conv audio std 0.03853662312030792
conv video std 0.048298776149749756
total parameter for the model:  111150839
epoch:0, train_loss:3.2617, valid_mse:2.7871, valid_mae:1.4308, test_acc2:0.4759
current mae:1.4181, current corr:0.0808, acc7:0.1547, acc5:0.1547,acc2_non_zero:0.4611, f_score_non_zero:0.4016, acc2:0.4759, f_score:0.4159
Saved best model at epoch 0 by acc2=0.4759 -> /data01/lyw/GLoMo/experiments/mosi_ours_audio_desc_seed5576/best_model.pt
epoch:1, train_loss:3.2451, valid_mse:2.7753, valid_mae:1.4272, test_acc2:0.5854
current mae:1.4137, current corr:0.2474, acc7:0.1547, acc5:0.1547,acc2_non_zero:0.5771, f_score_non_zero:0.5529, acc2:0.5854, f_score:0.5598
Saved best model at epoch 1 by acc2=0.5854 -> /data01/lyw/GLoMo/experiments/mosi_ours_audio_desc_seed5576/best_model.pt
epoch:2, train_loss:3.2195, valid_mse:2.7395, valid_mae:1.4195, test_acc2:0.6511
current mae:1.4015, current corr:0.5145, acc7:0.1547, acc5:0.1547,acc2_non_zero:0.6473, f_score_non_zero:0.6414, acc2:0.6511, f_score:0.6437
Saved best model at epoch 2 by acc2=0.6511 -> /data01/lyw/GLoMo/experiments/mosi_ours_audio_desc_seed5576/best_model.pt
epoch:3, train_loss:3.1964, valid_mse:2.6673, valid_mae:1.4004, test_acc2:0.7489
current mae:1.3885, current corr:0.6502, acc7:0.1547, acc5:0.1547,acc2_non_zero:0.7573, f_score_non_zero:0.7582, acc2:0.7489, f_score:0.7490
Saved best model at epoch 3 by acc2=0.7489 -> /data01/lyw/GLoMo/experiments/mosi_ours_audio_desc_seed5576/best_model.pt
epoch:4, train_loss:3.1708, valid_mse:2.6086, valid_mae:1.3779, test_acc2:0.6978
current mae:1.3847, current corr:0.6532, acc7:0.1547, acc5:0.1547,acc2_non_zero:0.6977, f_score_non_zero:0.6907, acc2:0.6978, f_score:0.6896
epoch:5, train_loss:3.1582, valid_mse:2.5468, valid_mae:1.3661, test_acc2:0.8088
current mae:1.3659, current corr:0.6892, acc7:0.1547, acc5:0.1547,acc2_non_zero:0.8214, f_score_non_zero:0.8224, acc2:0.8088, f_score:0.8092
Saved best model at epoch 5 by acc2=0.8088 -> /data01/lyw/GLoMo/experiments/mosi_ours_audio_desc_seed5576/best_model.pt
epoch:6, train_loss:3.1173, valid_mse:2.4733, valid_mae:1.3427, test_acc2:0.8204
current mae:1.3465, current corr:0.6861, acc7:0.1547, acc5:0.1547,acc2_non_zero:0.8351, f_score_non_zero:0.8354, acc2:0.8204, f_score:0.8202
Saved best model at epoch 6 by acc2=0.8204 -> /data01/lyw/GLoMo/experiments/mosi_ours_audio_desc_seed5576/best_model.pt
epoch:7, train_loss:3.0949, valid_mse:2.4053, valid_mae:1.3235, test_acc2:0.8190
current mae:1.3226, current corr:0.6817, acc7:0.1547, acc5:0.1547,acc2_non_zero:0.8336, f_score_non_zero:0.8343, acc2:0.8190, f_score:0.8192
epoch:8, train_loss:3.0555, valid_mse:2.3418, valid_mae:1.3025, test_acc2:0.8161
current mae:1.2943, current corr:0.6754, acc7:0.1547, acc5:0.1547,acc2_non_zero:0.8382, f_score_non_zero:0.8381, acc2:0.8161, f_score:0.8152
epoch:9, train_loss:3.0006, valid_mse:2.2602, valid_mae:1.2757, test_acc2:0.8029
current mae:1.2805, current corr:0.6575, acc7:0.1547, acc5:0.1547,acc2_non_zero:0.8153, f_score_non_zero:0.8163, acc2:0.8029, f_score:0.8034
epoch:10, train_loss:2.9349, valid_mse:2.1426, valid_mae:1.2461, test_acc2:0.8044
current mae:1.2562, current corr:0.6535, acc7:0.1547, acc5:0.1547,acc2_non_zero:0.8183, f_score_non_zero:0.8192, acc2:0.8044, f_score:0.8047
epoch:11, train_loss:2.8914, valid_mse:2.1086, valid_mae:1.2381, test_acc2:0.7854
current mae:1.2588, current corr:0.6403, acc7:0.1547, acc5:0.1547,acc2_non_zero:0.7863, f_score_non_zero:0.7867, acc2:0.7854, f_score:0.7849
epoch:12, train_loss:2.8721, valid_mse:2.0156, valid_mae:1.2038, test_acc2:0.8234
current mae:1.1883, current corr:0.6897, acc7:0.1650, acc5:0.1650,acc2_non_zero:0.8458, f_score_non_zero:0.8453, acc2:0.8234, f_score:0.8221
Saved best model at epoch 12 by acc2=0.8234 -> /data01/lyw/GLoMo/experiments/mosi_ours_audio_desc_seed5576/best_model.pt
epoch:13, train_loss:2.8339, valid_mse:1.9686, valid_mae:1.1866, test_acc2:0.8161
current mae:1.1750, current corr:0.6831, acc7:0.2117, acc5:0.2117,acc2_non_zero:0.8290, f_score_non_zero:0.8298, acc2:0.8161, f_score:0.8163
epoch:14, train_loss:2.7995, valid_mse:1.8986, valid_mae:1.1670, test_acc2:0.8000
current mae:1.1841, current corr:0.6586, acc7:0.2058, acc5:0.2058,acc2_non_zero:0.8046, f_score_non_zero:0.8056, acc2:0.8000, f_score:0.8003
epoch:15, train_loss:2.7450, valid_mse:1.8726, valid_mae:1.1548, test_acc2:0.8204
current mae:1.1220, current corr:0.6888, acc7:0.2438, acc5:0.2438,acc2_non_zero:0.8397, f_score_non_zero:0.8397, acc2:0.8204, f_score:0.8198
epoch:16, train_loss:2.6856, valid_mse:1.7811, valid_mae:1.1290, test_acc2:0.8190
current mae:1.1111, current corr:0.6876, acc7:0.2861, acc5:0.2861,acc2_non_zero:0.8305, f_score_non_zero:0.8313, acc2:0.8190, f_score:0.8193
epoch:17, train_loss:2.6390, valid_mse:1.8037, valid_mae:1.1354, test_acc2:0.7854
current mae:1.1157, current corr:0.6865, acc7:0.2774, acc5:0.2774,acc2_non_zero:0.7985, f_score_non_zero:0.7996, acc2:0.7854, f_score:0.7859
epoch:18, train_loss:2.5872, valid_mse:1.7594, valid_mae:1.1049, test_acc2:0.8263
current mae:1.0382, current corr:0.7077, acc7:0.3270, acc5:0.3270,acc2_non_zero:0.8489, f_score_non_zero:0.8472, acc2:0.8263, f_score:0.8238
Saved best model at epoch 18 by acc2=0.8263 -> /data01/lyw/GLoMo/experiments/mosi_ours_audio_desc_seed5576/best_model.pt
epoch:19, train_loss:2.5480, valid_mse:1.6524, valid_mae:1.0771, test_acc2:0.8234
current mae:1.0151, current corr:0.7103, acc7:0.3285, acc5:0.3285,acc2_non_zero:0.8473, f_score_non_zero:0.8461, acc2:0.8234, f_score:0.8212
epoch:20, train_loss:2.4964, valid_mse:1.6490, valid_mae:1.0728, test_acc2:0.8175
current mae:0.9948, current corr:0.7149, acc7:0.3270, acc5:0.3270,acc2_non_zero:0.8427, f_score_non_zero:0.8402, acc2:0.8175, f_score:0.8138
epoch:21, train_loss:2.4346, valid_mse:1.5490, valid_mae:1.0313, test_acc2:0.8204
current mae:0.9785, current corr:0.7182, acc7:0.3285, acc5:0.3285,acc2_non_zero:0.8427, f_score_non_zero:0.8421, acc2:0.8204, f_score:0.8190
epoch:22, train_loss:2.3931, valid_mse:1.4587, valid_mae:0.9976, test_acc2:0.8175
current mae:0.9563, current corr:0.7158, acc7:0.3372, acc5:0.3372,acc2_non_zero:0.8397, f_score_non_zero:0.8394, acc2:0.8175, f_score:0.8165
epoch:23, train_loss:2.3518, valid_mse:1.4817, valid_mae:1.0081, test_acc2:0.8234
current mae:0.9330, current corr:0.7393, acc7:0.3299, acc5:0.3299,acc2_non_zero:0.8458, f_score_non_zero:0.8435, acc2:0.8234, f_score:0.8201
epoch:24, train_loss:2.2976, valid_mse:1.4364, valid_mae:0.9828, test_acc2:0.8102
current mae:0.9176, current corr:0.7418, acc7:0.3431, acc5:0.3431,acc2_non_zero:0.8397, f_score_non_zero:0.8356, acc2:0.8102, f_score:0.8042
epoch:25, train_loss:2.2587, valid_mse:1.4206, valid_mae:0.9729, test_acc2:0.8263
current mae:0.8978, current corr:0.7337, acc7:0.3328, acc5:0.3328,acc2_non_zero:0.8489, f_score_non_zero:0.8470, acc2:0.8263, f_score:0.8235
epoch:26, train_loss:2.2316, valid_mse:1.3314, valid_mae:0.9333, test_acc2:0.8307
current mae:0.8683, current corr:0.7389, acc7:0.3416, acc5:0.3416,acc2_non_zero:0.8550, f_score_non_zero:0.8536, acc2:0.8307, f_score:0.8284
Saved best model at epoch 26 by acc2=0.8307 -> /data01/lyw/GLoMo/experiments/mosi_ours_audio_desc_seed5576/best_model.pt
epoch:27, train_loss:2.1733, valid_mse:1.3666, valid_mae:0.9407, test_acc2:0.8015
current mae:0.9257, current corr:0.7007, acc7:0.3109, acc5:0.3109,acc2_non_zero:0.8198, f_score_non_zero:0.8208, acc2:0.8015, f_score:0.8018
epoch:28, train_loss:2.1182, valid_mse:1.2890, valid_mae:0.9087, test_acc2:0.8175
current mae:0.8614, current corr:0.7307, acc7:0.3314, acc5:0.3314,acc2_non_zero:0.8412, f_score_non_zero:0.8401, acc2:0.8175, f_score:0.8154
epoch:29, train_loss:2.0926, valid_mse:1.2531, valid_mae:0.8863, test_acc2:0.8029
current mae:0.8689, current corr:0.7303, acc7:0.3241, acc5:0.3241,acc2_non_zero:0.8244, f_score_non_zero:0.8245, acc2:0.8029, f_score:0.8022
epoch:30, train_loss:2.0342, valid_mse:1.2882, valid_mae:0.8876, test_acc2:0.8248
current mae:0.8166, current corr:0.7479, acc7:0.3372, acc5:0.3372,acc2_non_zero:0.8489, f_score_non_zero:0.8483, acc2:0.8248, f_score:0.8235
epoch:31, train_loss:2.0188, valid_mse:1.1988, valid_mae:0.8524, test_acc2:0.8307
current mae:0.8157, current corr:0.7546, acc7:0.3431, acc5:0.3431,acc2_non_zero:0.8550, f_score_non_zero:0.8541, acc2:0.8307, f_score:0.8289
epoch:32, train_loss:1.9761, valid_mse:1.2592, valid_mae:0.8634, test_acc2:0.8292
current mae:0.7894, current corr:0.7585, acc7:0.3489, acc5:0.3518,acc2_non_zero:0.8519, f_score_non_zero:0.8513, acc2:0.8292, f_score:0.8278
epoch:33, train_loss:1.9305, valid_mse:1.2740, valid_mae:0.8645, test_acc2:0.8219
current mae:0.7983, current corr:0.7448, acc7:0.3737, acc5:0.3985,acc2_non_zero:0.8427, f_score_non_zero:0.8423, acc2:0.8219, f_score:0.8207
epoch:34, train_loss:1.8984, valid_mse:1.1718, valid_mae:0.8224, test_acc2:0.8204
current mae:0.7991, current corr:0.7455, acc7:0.3752, acc5:0.4000,acc2_non_zero:0.8443, f_score_non_zero:0.8430, acc2:0.8204, f_score:0.8183
epoch:35, train_loss:1.8680, valid_mse:1.1775, valid_mae:0.8207, test_acc2:0.8146
current mae:0.8134, current corr:0.7431, acc7:0.4234, acc5:0.4715,acc2_non_zero:0.8336, f_score_non_zero:0.8340, acc2:0.8146, f_score:0.8144
epoch:36, train_loss:1.8388, valid_mse:1.1525, valid_mae:0.8122, test_acc2:0.8131
current mae:0.7985, current corr:0.7468, acc7:0.4277, acc5:0.4905,acc2_non_zero:0.8351, f_score_non_zero:0.8337, acc2:0.8131, f_score:0.8108
epoch:37, train_loss:1.8071, valid_mse:1.1572, valid_mae:0.8105, test_acc2:0.8190
current mae:0.8114, current corr:0.7408, acc7:0.4190, acc5:0.4788,acc2_non_zero:0.8412, f_score_non_zero:0.8410, acc2:0.8190, f_score:0.8180
epoch:38, train_loss:1.8040, valid_mse:1.1573, valid_mae:0.8013, test_acc2:0.8146
current mae:0.8057, current corr:0.7502, acc7:0.4380, acc5:0.5051,acc2_non_zero:0.8321, f_score_non_zero:0.8324, acc2:0.8146, f_score:0.8144
epoch:39, train_loss:1.7672, valid_mse:1.1466, valid_mae:0.7847, test_acc2:0.8102
current mae:0.8140, current corr:0.7461, acc7:0.4263, acc5:0.4949,acc2_non_zero:0.8229, f_score_non_zero:0.8238, acc2:0.8102, f_score:0.8105
epoch:40, train_loss:1.7495, valid_mse:1.1606, valid_mae:0.7913, test_acc2:0.8190
current mae:0.7679, current corr:0.7636, acc7:0.4496, acc5:0.5182,acc2_non_zero:0.8397, f_score_non_zero:0.8397, acc2:0.8190, f_score:0.8183
epoch:41, train_loss:1.7235, valid_mse:1.1855, valid_mae:0.8065, test_acc2:0.8219
current mae:0.7903, current corr:0.7451, acc7:0.4365, acc5:0.5022,acc2_non_zero:0.8458, f_score_non_zero:0.8441, acc2:0.8219, f_score:0.8192
epoch:42, train_loss:1.7052, valid_mse:1.1981, valid_mae:0.8042, test_acc2:0.8204
current mae:0.7945, current corr:0.7491, acc7:0.4350, acc5:0.5080,acc2_non_zero:0.8397, f_score_non_zero:0.8400, acc2:0.8204, f_score:0.8202
epoch:43, train_loss:1.6858, valid_mse:1.3240, valid_mae:0.8516, test_acc2:0.8234
current mae:0.7955, current corr:0.7467, acc7:0.4350, acc5:0.5197,acc2_non_zero:0.8443, f_score_non_zero:0.8436, acc2:0.8234, f_score:0.8219
epoch:44, train_loss:1.6557, valid_mse:1.1721, valid_mae:0.7952, test_acc2:0.8248
current mae:0.7688, current corr:0.7562, acc7:0.4526, acc5:0.5299,acc2_non_zero:0.8458, f_score_non_zero:0.8451, acc2:0.8248, f_score:0.8233
epoch:45, train_loss:1.6250, valid_mse:1.1618, valid_mae:0.7790, test_acc2:0.8146
current mae:0.7935, current corr:0.7508, acc7:0.4321, acc5:0.5095,acc2_non_zero:0.8336, f_score_non_zero:0.8337, acc2:0.8146, f_score:0.8141
epoch:46, train_loss:1.6258, valid_mse:1.2222, valid_mae:0.8071, test_acc2:0.8248
current mae:0.7810, current corr:0.7536, acc7:0.4438, acc5:0.5197,acc2_non_zero:0.8458, f_score_non_zero:0.8450, acc2:0.8248, f_score:0.8232
epoch:47, train_loss:1.5835, valid_mse:1.1147, valid_mae:0.7606, test_acc2:0.8219
current mae:0.7486, current corr:0.7676, acc7:0.4511, acc5:0.5270,acc2_non_zero:0.8443, f_score_non_zero:0.8440, acc2:0.8219, f_score:0.8209
epoch:48, train_loss:1.5778, valid_mse:1.1168, valid_mae:0.7512, test_acc2:0.8234
current mae:0.7598, current corr:0.7607, acc7:0.4540, acc5:0.5285,acc2_non_zero:0.8458, f_score_non_zero:0.8456, acc2:0.8234, f_score:0.8224
epoch:49, train_loss:1.5463, valid_mse:1.0691, valid_mae:0.7494, test_acc2:0.8131
current mae:0.7679, current corr:0.7593, acc7:0.4453, acc5:0.5153,acc2_non_zero:0.8305, f_score_non_zero:0.8309, acc2:0.8131, f_score:0.8130
epoch:50, train_loss:1.5235, valid_mse:1.0938, valid_mae:0.7449, test_acc2:0.8146
current mae:0.7780, current corr:0.7539, acc7:0.4438, acc5:0.5197,acc2_non_zero:0.8336, f_score_non_zero:0.8338, acc2:0.8146, f_score:0.8142
epoch:51, train_loss:1.5137, valid_mse:1.1685, valid_mae:0.7806, test_acc2:0.8102
current mae:0.7878, current corr:0.7505, acc7:0.4409, acc5:0.5051,acc2_non_zero:0.8290, f_score_non_zero:0.8292, acc2:0.8102, f_score:0.8097
epoch:52, train_loss:1.5053, valid_mse:1.2330, valid_mae:0.8111, test_acc2:0.8161
current mae:0.7996, current corr:0.7499, acc7:0.4307, acc5:0.4978,acc2_non_zero:0.8321, f_score_non_zero:0.8324, acc2:0.8161, f_score:0.8158
epoch:53, train_loss:1.4677, valid_mse:1.2154, valid_mae:0.8000, test_acc2:0.8204
current mae:0.7656, current corr:0.7557, acc7:0.4380, acc5:0.5153,acc2_non_zero:0.8412, f_score_non_zero:0.8402, acc2:0.8204, f_score:0.8186
epoch:54, train_loss:1.4598, valid_mse:1.1659, valid_mae:0.7922, test_acc2:0.8161
current mae:0.7719, current corr:0.7537, acc7:0.4467, acc5:0.5109,acc2_non_zero:0.8366, f_score_non_zero:0.8360, acc2:0.8161, f_score:0.8146
epoch:55, train_loss:1.4332, valid_mse:1.2241, valid_mae:0.7963, test_acc2:0.8175
current mae:0.7730, current corr:0.7562, acc7:0.4423, acc5:0.5153,acc2_non_zero:0.8351, f_score_non_zero:0.8349, acc2:0.8175, f_score:0.8168
epoch:56, train_loss:1.4265, valid_mse:1.1915, valid_mae:0.7814, test_acc2:0.8219
current mae:0.7872, current corr:0.7461, acc7:0.4234, acc5:0.5022,acc2_non_zero:0.8382, f_score_non_zero:0.8384, acc2:0.8219, f_score:0.8216
epoch:57, train_loss:1.4218, valid_mse:1.2371, valid_mae:0.7942, test_acc2:0.8219
current mae:0.7695, current corr:0.7550, acc7:0.4438, acc5:0.5226,acc2_non_zero:0.8412, f_score_non_zero:0.8410, acc2:0.8219, f_score:0.8210
epoch:58, train_loss:1.3932, valid_mse:1.2415, valid_mae:0.7857, test_acc2:0.8073
current mae:0.7904, current corr:0.7459, acc7:0.4307, acc5:0.5109,acc2_non_zero:0.8214, f_score_non_zero:0.8221, acc2:0.8073, f_score:0.8075
epoch:59, train_loss:1.3975, valid_mse:1.1441, valid_mae:0.7609, test_acc2:0.8161
current mae:0.7718, current corr:0.7555, acc7:0.4423, acc5:0.5168,acc2_non_zero:0.8336, f_score_non_zero:0.8336, acc2:0.8161, f_score:0.8155
epoch:60, train_loss:1.3698, valid_mse:1.2030, valid_mae:0.7834, test_acc2:0.8161
current mae:0.7640, current corr:0.7587, acc7:0.4365, acc5:0.5095,acc2_non_zero:0.8351, f_score_non_zero:0.8348, acc2:0.8161, f_score:0.8150
epoch:61, train_loss:1.3527, valid_mse:1.2572, valid_mae:0.7974, test_acc2:0.8204
current mae:0.7883, current corr:0.7573, acc7:0.4321, acc5:0.5109,acc2_non_zero:0.8382, f_score_non_zero:0.8385, acc2:0.8204, f_score:0.8202
epoch:62, train_loss:1.3395, valid_mse:1.1829, valid_mae:0.7828, test_acc2:0.8146
current mae:0.7591, current corr:0.7662, acc7:0.4438, acc5:0.5139,acc2_non_zero:0.8382, f_score_non_zero:0.8366, acc2:0.8146, f_score:0.8121
epoch:63, train_loss:1.3303, valid_mse:1.1183, valid_mae:0.7645, test_acc2:0.8190
current mae:0.7725, current corr:0.7587, acc7:0.4482, acc5:0.5168,acc2_non_zero:0.8397, f_score_non_zero:0.8395, acc2:0.8190, f_score:0.8181
epoch:64, train_loss:1.3131, valid_mse:1.1968, valid_mae:0.7731, test_acc2:0.8146
current mae:0.7827, current corr:0.7592, acc7:0.4511, acc5:0.5212,acc2_non_zero:0.8290, f_score_non_zero:0.8295, acc2:0.8146, f_score:0.8146
epoch:65, train_loss:1.3066, valid_mse:1.1268, valid_mae:0.7674, test_acc2:0.8219
current mae:0.7603, current corr:0.7628, acc7:0.4467, acc5:0.5168,acc2_non_zero:0.8443, f_score_non_zero:0.8438, acc2:0.8219, f_score:0.8206
epoch:66, train_loss:1.2844, valid_mse:1.1748, valid_mae:0.7756, test_acc2:0.8204
current mae:0.7652, current corr:0.7593, acc7:0.4409, acc5:0.5066,acc2_non_zero:0.8427, f_score_non_zero:0.8414, acc2:0.8204, f_score:0.8183
epoch:67, train_loss:1.2633, valid_mse:1.2175, valid_mae:0.7939, test_acc2:0.8131
current mae:0.7988, current corr:0.7379, acc7:0.4350, acc5:0.5109,acc2_non_zero:0.8321, f_score_non_zero:0.8321, acc2:0.8131, f_score:0.8126
epoch:68, train_loss:1.2784, valid_mse:1.1752, valid_mae:0.7735, test_acc2:0.8117
current mae:0.7800, current corr:0.7487, acc7:0.4438, acc5:0.5212,acc2_non_zero:0.8305, f_score_non_zero:0.8305, acc2:0.8117, f_score:0.8110
epoch:69, train_loss:1.2444, valid_mse:1.1914, valid_mae:0.7853, test_acc2:0.8190
current mae:0.7677, current corr:0.7511, acc7:0.4467, acc5:0.5197,acc2_non_zero:0.8382, f_score_non_zero:0.8372, acc2:0.8190, f_score:0.8173
Loading best model from epoch 26 by acc2=0.8307 for analysis export.
Analysis files exported to: /data01/lyw/GLoMo/experiments/mosi_ours_audio_desc_seed5576/analysis
  predictions: /data01/lyw/GLoMo/experiments/mosi_ours_audio_desc_seed5576/analysis/predictions.csv
  repr: /data01/lyw/GLoMo/experiments/mosi_ours_audio_desc_seed5576/analysis/repr.npz
  repr meta: /data01/lyw/GLoMo/experiments/mosi_ours_audio_desc_seed5576/analysis/repr_meta.json
  cases: /data01/lyw/GLoMo/experiments/mosi_ours_audio_desc_seed5576/analysis/cases.csv
Metrics summary saved to: /data01/lyw/GLoMo/experiments/mosi_ours_audio_desc_seed5576/metrics.json
Total runtime: 422502.774477005 ms
