Using device: cuda:0, visible GPUs: 6
GPU name: NVIDIA GeForce RTX 3090
Seed: 5576
Command script saved to: /data01/lyw/GLoMo/experiments/mosi_ours_visual_desc_v2_seed5576/command.sh
Using modality text augmentation: audio_desc=False, visual_desc=True, visual_desc_version=v2
train labels: n=1281 min=-3.000 max=3.000 mean=0.235 std=1.509
dev labels: n=229 min=-3.000 max=3.000 mean=0.310 std=1.649
test labels: n=685 min=-3.000 max=3.000 mean=-0.315 std=1.588
BERT load: missing=3 unexpected=10
BERT missing keys (first 5): ['linear1.weight', 'linear1.bias', 'proj_l.weight']
BERT unexpected keys (first 5): ['pooler.dense.weight', 'pooler.dense.bias', 'cls.predictions.bias', 'cls.predictions.transform.dense.weight', 'cls.predictions.transform.dense.bias']
conv audio std 0.03853662312030792
conv video std 0.048298776149749756
total parameter for the model:  111150839
epoch:0, train_loss:3.2623, valid_mse:2.7863, valid_mae:1.4307, test_acc2:0.4847
current mae:1.4183, current corr:0.0672, acc7:0.1547, acc5:0.1547,acc2_non_zero:0.4687, f_score_non_zero:0.4082, acc2:0.4847, f_score:0.4233
Saved best model at epoch 0 by acc2=0.4847 -> /data01/lyw/GLoMo/experiments/mosi_ours_visual_desc_v2_seed5576/best_model.pt
epoch:1, train_loss:3.2448, valid_mse:2.7728, valid_mae:1.4264, test_acc2:0.5766
current mae:1.4136, current corr:0.2409, acc7:0.1547, acc5:0.1547,acc2_non_zero:0.5679, f_score_non_zero:0.5425, acc2:0.5766, f_score:0.5499
Saved best model at epoch 1 by acc2=0.5766 -> /data01/lyw/GLoMo/experiments/mosi_ours_visual_desc_v2_seed5576/best_model.pt
epoch:2, train_loss:3.2183, valid_mse:2.7297, valid_mae:1.4168, test_acc2:0.6934
current mae:1.3993, current corr:0.5325, acc7:0.1547, acc5:0.1547,acc2_non_zero:0.6931, f_score_non_zero:0.6920, acc2:0.6934, f_score:0.6910
Saved best model at epoch 2 by acc2=0.6934 -> /data01/lyw/GLoMo/experiments/mosi_ours_visual_desc_v2_seed5576/best_model.pt
epoch:3, train_loss:3.1955, valid_mse:2.6605, valid_mae:1.3977, test_acc2:0.7650
current mae:1.3869, current corr:0.6880, acc7:0.1547, acc5:0.1547,acc2_non_zero:0.7679, f_score_non_zero:0.7684, acc2:0.7650, f_score:0.7645
Saved best model at epoch 3 by acc2=0.7650 -> /data01/lyw/GLoMo/experiments/mosi_ours_visual_desc_v2_seed5576/best_model.pt
epoch:4, train_loss:3.1727, valid_mse:2.5998, valid_mae:1.3742, test_acc2:0.7796
current mae:1.3777, current corr:0.6939, acc7:0.1547, acc5:0.1547,acc2_non_zero:0.7863, f_score_non_zero:0.7873, acc2:0.7796, f_score:0.7798
Saved best model at epoch 4 by acc2=0.7796 -> /data01/lyw/GLoMo/experiments/mosi_ours_visual_desc_v2_seed5576/best_model.pt
epoch:5, train_loss:3.1606, valid_mse:2.5484, valid_mae:1.3657, test_acc2:0.7839
current mae:1.3666, current corr:0.7156, acc7:0.1547, acc5:0.1547,acc2_non_zero:0.7878, f_score_non_zero:0.7882, acc2:0.7839, f_score:0.7835
Saved best model at epoch 5 by acc2=0.7839 -> /data01/lyw/GLoMo/experiments/mosi_ours_visual_desc_v2_seed5576/best_model.pt
epoch:6, train_loss:3.1163, valid_mse:2.4580, valid_mae:1.3349, test_acc2:0.8204
current mae:1.3421, current corr:0.7083, acc7:0.1547, acc5:0.1547,acc2_non_zero:0.8458, f_score_non_zero:0.8456, acc2:0.8204, f_score:0.8194
Saved best model at epoch 6 by acc2=0.8204 -> /data01/lyw/GLoMo/experiments/mosi_ours_visual_desc_v2_seed5576/best_model.pt
epoch:7, train_loss:3.0929, valid_mse:2.4128, valid_mae:1.3244, test_acc2:0.8117
current mae:1.3177, current corr:0.6964, acc7:0.1547, acc5:0.1547,acc2_non_zero:0.8382, f_score_non_zero:0.8356, acc2:0.8117, f_score:0.8078
epoch:8, train_loss:3.0586, valid_mse:2.3545, valid_mae:1.3035, test_acc2:0.8277
current mae:1.2870, current corr:0.7114, acc7:0.1547, acc5:0.1547,acc2_non_zero:0.8534, f_score_non_zero:0.8510, acc2:0.8277, f_score:0.8241
Saved best model at epoch 8 by acc2=0.8277 -> /data01/lyw/GLoMo/experiments/mosi_ours_visual_desc_v2_seed5576/best_model.pt
epoch:9, train_loss:2.9997, valid_mse:2.2990, valid_mae:1.2904, test_acc2:0.8190
current mae:1.2642, current corr:0.6956, acc7:0.1547, acc5:0.1547,acc2_non_zero:0.8412, f_score_non_zero:0.8403, acc2:0.8190, f_score:0.8172
epoch:10, train_loss:2.9327, valid_mse:2.1532, valid_mae:1.2473, test_acc2:0.8234
current mae:1.2374, current corr:0.6955, acc7:0.1547, acc5:0.1547,acc2_non_zero:0.8443, f_score_non_zero:0.8443, acc2:0.8234, f_score:0.8228
epoch:11, train_loss:2.8866, valid_mse:2.1221, valid_mae:1.2426, test_acc2:0.7912
current mae:1.2380, current corr:0.6588, acc7:0.1547, acc5:0.1547,acc2_non_zero:0.8061, f_score_non_zero:0.8073, acc2:0.7912, f_score:0.7918
epoch:12, train_loss:2.8663, valid_mse:1.9710, valid_mae:1.1812, test_acc2:0.8073
current mae:1.2077, current corr:0.6633, acc7:0.1635, acc5:0.1635,acc2_non_zero:0.8183, f_score_non_zero:0.8193, acc2:0.8073, f_score:0.8077
epoch:13, train_loss:2.8147, valid_mse:1.9251, valid_mae:1.1687, test_acc2:0.8190
current mae:1.1631, current corr:0.7019, acc7:0.2350, acc5:0.2350,acc2_non_zero:0.8427, f_score_non_zero:0.8426, acc2:0.8190, f_score:0.8181
epoch:14, train_loss:2.7808, valid_mse:1.9489, valid_mae:1.1915, test_acc2:0.8204
current mae:1.1398, current corr:0.6935, acc7:0.2350, acc5:0.2350,acc2_non_zero:0.8412, f_score_non_zero:0.8406, acc2:0.8204, f_score:0.8191
epoch:15, train_loss:2.7296, valid_mse:1.8843, valid_mae:1.1671, test_acc2:0.8219
current mae:1.1077, current corr:0.7071, acc7:0.2569, acc5:0.2569,acc2_non_zero:0.8473, f_score_non_zero:0.8462, acc2:0.8219, f_score:0.8198
epoch:16, train_loss:2.6773, valid_mse:1.7858, valid_mae:1.1283, test_acc2:0.8175
current mae:1.0873, current corr:0.6980, acc7:0.3139, acc5:0.3139,acc2_non_zero:0.8412, f_score_non_zero:0.8407, acc2:0.8175, f_score:0.8162
epoch:17, train_loss:2.6314, valid_mse:1.7009, valid_mae:1.1055, test_acc2:0.8088
current mae:1.0789, current corr:0.7045, acc7:0.3080, acc5:0.3080,acc2_non_zero:0.8321, f_score_non_zero:0.8324, acc2:0.8088, f_score:0.8083
epoch:18, train_loss:2.5706, valid_mse:1.6813, valid_mae:1.0928, test_acc2:0.8190
current mae:1.0407, current corr:0.7214, acc7:0.3153, acc5:0.3153,acc2_non_zero:0.8427, f_score_non_zero:0.8425, acc2:0.8190, f_score:0.8180
epoch:19, train_loss:2.5335, valid_mse:1.6329, valid_mae:1.0735, test_acc2:0.8190
current mae:1.0207, current corr:0.6984, acc7:0.3241, acc5:0.3241,acc2_non_zero:0.8382, f_score_non_zero:0.8381, acc2:0.8190, f_score:0.8183
epoch:20, train_loss:2.4836, valid_mse:1.5940, valid_mae:1.0646, test_acc2:0.8161
current mae:0.9979, current corr:0.7209, acc7:0.3241, acc5:0.3241,acc2_non_zero:0.8382, f_score_non_zero:0.8382, acc2:0.8161, f_score:0.8154
epoch:21, train_loss:2.4254, valid_mse:1.5342, valid_mae:1.0330, test_acc2:0.8161
current mae:0.9717, current corr:0.7234, acc7:0.3212, acc5:0.3212,acc2_non_zero:0.8412, f_score_non_zero:0.8393, acc2:0.8161, f_score:0.8130
epoch:22, train_loss:2.3821, valid_mse:1.5558, valid_mae:1.0418, test_acc2:0.8131
current mae:0.9511, current corr:0.7179, acc7:0.3255, acc5:0.3255,acc2_non_zero:0.8397, f_score_non_zero:0.8361, acc2:0.8131, f_score:0.8081
epoch:23, train_loss:2.3474, valid_mse:1.5255, valid_mae:1.0239, test_acc2:0.8190
current mae:0.9275, current corr:0.7368, acc7:0.3314, acc5:0.3314,acc2_non_zero:0.8504, f_score_non_zero:0.8473, acc2:0.8190, f_score:0.8141
epoch:24, train_loss:2.2874, valid_mse:1.4199, valid_mae:0.9708, test_acc2:0.8219
current mae:0.9045, current corr:0.7299, acc7:0.3401, acc5:0.3401,acc2_non_zero:0.8473, f_score_non_zero:0.8464, acc2:0.8219, f_score:0.8200
epoch:25, train_loss:2.2574, valid_mse:1.3234, valid_mae:0.9450, test_acc2:0.8161
current mae:0.9387, current corr:0.6915, acc7:0.3182, acc5:0.3182,acc2_non_zero:0.8336, f_score_non_zero:0.8345, acc2:0.8161, f_score:0.8164
epoch:26, train_loss:2.2162, valid_mse:1.3737, valid_mae:0.9560, test_acc2:0.8015
current mae:0.9193, current corr:0.7110, acc7:0.3255, acc5:0.3255,acc2_non_zero:0.8214, f_score_non_zero:0.8220, acc2:0.8015, f_score:0.8014
epoch:27, train_loss:2.1643, valid_mse:1.3243, valid_mae:0.9241, test_acc2:0.8117
current mae:0.8859, current corr:0.7366, acc7:0.3182, acc5:0.3182,acc2_non_zero:0.8275, f_score_non_zero:0.8284, acc2:0.8117, f_score:0.8121
epoch:28, train_loss:2.1262, valid_mse:1.3712, valid_mae:0.9404, test_acc2:0.7927
current mae:0.9339, current corr:0.6918, acc7:0.3124, acc5:0.3124,acc2_non_zero:0.8076, f_score_non_zero:0.8088, acc2:0.7927, f_score:0.7932
epoch:29, train_loss:2.0972, valid_mse:1.3787, valid_mae:0.9388, test_acc2:0.8117
current mae:0.8704, current corr:0.7280, acc7:0.3314, acc5:0.3314,acc2_non_zero:0.8321, f_score_non_zero:0.8327, acc2:0.8117, f_score:0.8116
epoch:30, train_loss:2.0432, valid_mse:1.3389, valid_mae:0.9028, test_acc2:0.8029
current mae:0.8563, current corr:0.7234, acc7:0.3328, acc5:0.3328,acc2_non_zero:0.8260, f_score_non_zero:0.8265, acc2:0.8029, f_score:0.8027
epoch:31, train_loss:2.0291, valid_mse:1.3071, valid_mae:0.8960, test_acc2:0.8058
current mae:0.8449, current corr:0.7248, acc7:0.3182, acc5:0.3182,acc2_non_zero:0.8305, f_score_non_zero:0.8298, acc2:0.8058, f_score:0.8041
epoch:32, train_loss:1.9780, valid_mse:1.3621, valid_mae:0.9066, test_acc2:0.8234
current mae:0.8437, current corr:0.7272, acc7:0.3372, acc5:0.3401,acc2_non_zero:0.8412, f_score_non_zero:0.8419, acc2:0.8234, f_score:0.8235
epoch:33, train_loss:1.9295, valid_mse:1.2500, valid_mae:0.8599, test_acc2:0.8131
current mae:0.7961, current corr:0.7532, acc7:0.3650, acc5:0.3883,acc2_non_zero:0.8366, f_score_non_zero:0.8356, acc2:0.8131, f_score:0.8112
epoch:34, train_loss:1.9208, valid_mse:1.2732, valid_mae:0.8836, test_acc2:0.8175
current mae:0.8172, current corr:0.7449, acc7:0.3606, acc5:0.3839,acc2_non_zero:0.8458, f_score_non_zero:0.8446, acc2:0.8175, f_score:0.8152
epoch:35, train_loss:1.8850, valid_mse:1.2198, valid_mae:0.8544, test_acc2:0.8073
current mae:0.8114, current corr:0.7406, acc7:0.4248, acc5:0.4759,acc2_non_zero:0.8351, f_score_non_zero:0.8353, acc2:0.8073, f_score:0.8065
epoch:36, train_loss:1.8641, valid_mse:1.1354, valid_mae:0.8112, test_acc2:0.8190
current mae:0.7703, current corr:0.7639, acc7:0.4467, acc5:0.5109,acc2_non_zero:0.8412, f_score_non_zero:0.8408, acc2:0.8190, f_score:0.8178
epoch:37, train_loss:1.8197, valid_mse:1.1535, valid_mae:0.8159, test_acc2:0.8248
current mae:0.7615, current corr:0.7715, acc7:0.4423, acc5:0.5124,acc2_non_zero:0.8534, f_score_non_zero:0.8525, acc2:0.8248, f_score:0.8227
epoch:38, train_loss:1.7967, valid_mse:1.2823, valid_mae:0.8477, test_acc2:0.8263
current mae:0.7680, current corr:0.7647, acc7:0.4409, acc5:0.5168,acc2_non_zero:0.8519, f_score_non_zero:0.8511, acc2:0.8263, f_score:0.8245
epoch:39, train_loss:1.7603, valid_mse:1.1766, valid_mae:0.8044, test_acc2:0.8277
current mae:0.7745, current corr:0.7684, acc7:0.4526, acc5:0.5285,acc2_non_zero:0.8443, f_score_non_zero:0.8447, acc2:0.8277, f_score:0.8277
epoch:40, train_loss:1.7679, valid_mse:1.2096, valid_mae:0.8201, test_acc2:0.8131
current mae:0.7964, current corr:0.7578, acc7:0.4511, acc5:0.5197,acc2_non_zero:0.8305, f_score_non_zero:0.8313, acc2:0.8131, f_score:0.8134
epoch:41, train_loss:1.7191, valid_mse:1.2380, valid_mae:0.8219, test_acc2:0.8204
current mae:0.7793, current corr:0.7608, acc7:0.4482, acc5:0.5299,acc2_non_zero:0.8382, f_score_non_zero:0.8382, acc2:0.8204, f_score:0.8199
epoch:42, train_loss:1.7086, valid_mse:1.1867, valid_mae:0.8062, test_acc2:0.8117
current mae:0.8009, current corr:0.7530, acc7:0.4511, acc5:0.5343,acc2_non_zero:0.8275, f_score_non_zero:0.8282, acc2:0.8117, f_score:0.8118
epoch:43, train_loss:1.6595, valid_mse:1.1022, valid_mae:0.7815, test_acc2:0.8263
current mae:0.7411, current corr:0.7783, acc7:0.4657, acc5:0.5387,acc2_non_zero:0.8489, f_score_non_zero:0.8486, acc2:0.8263, f_score:0.8253
epoch:44, train_loss:1.6546, valid_mse:1.1749, valid_mae:0.7962, test_acc2:0.8307
current mae:0.7445, current corr:0.7779, acc7:0.4701, acc5:0.5460,acc2_non_zero:0.8519, f_score_non_zero:0.8516, acc2:0.8307, f_score:0.8296
Saved best model at epoch 44 by acc2=0.8307 -> /data01/lyw/GLoMo/experiments/mosi_ours_visual_desc_v2_seed5576/best_model.pt
epoch:45, train_loss:1.6145, valid_mse:1.1427, valid_mae:0.7921, test_acc2:0.8175
current mae:0.7444, current corr:0.7735, acc7:0.4715, acc5:0.5372,acc2_non_zero:0.8458, f_score_non_zero:0.8445, acc2:0.8175, f_score:0.8150
epoch:46, train_loss:1.6224, valid_mse:1.2104, valid_mae:0.7996, test_acc2:0.8219
current mae:0.7442, current corr:0.7684, acc7:0.4584, acc5:0.5285,acc2_non_zero:0.8504, f_score_non_zero:0.8480, acc2:0.8219, f_score:0.8182
epoch:47, train_loss:1.5907, valid_mse:1.0907, valid_mae:0.7535, test_acc2:0.8263
current mae:0.7611, current corr:0.7707, acc7:0.4438, acc5:0.5080,acc2_non_zero:0.8458, f_score_non_zero:0.8458, acc2:0.8263, f_score:0.8257
epoch:48, train_loss:1.5675, valid_mse:1.0957, valid_mae:0.7608, test_acc2:0.8263
current mae:0.7603, current corr:0.7684, acc7:0.4613, acc5:0.5212,acc2_non_zero:0.8473, f_score_non_zero:0.8474, acc2:0.8263, f_score:0.8257
epoch:49, train_loss:1.5665, valid_mse:1.0939, valid_mae:0.7754, test_acc2:0.8161
current mae:0.7968, current corr:0.7606, acc7:0.4526, acc5:0.5095,acc2_non_zero:0.8351, f_score_non_zero:0.8359, acc2:0.8161, f_score:0.8163
epoch:50, train_loss:1.5267, valid_mse:1.1125, valid_mae:0.7679, test_acc2:0.8248
current mae:0.7441, current corr:0.7719, acc7:0.4599, acc5:0.5270,acc2_non_zero:0.8473, f_score_non_zero:0.8460, acc2:0.8248, f_score:0.8226
epoch:51, train_loss:1.5065, valid_mse:1.1772, valid_mae:0.7854, test_acc2:0.8175
current mae:0.7638, current corr:0.7629, acc7:0.4511, acc5:0.5124,acc2_non_zero:0.8397, f_score_non_zero:0.8399, acc2:0.8175, f_score:0.8171
epoch:52, train_loss:1.5214, valid_mse:1.2002, valid_mae:0.7944, test_acc2:0.8394
current mae:0.7253, current corr:0.7795, acc7:0.4628, acc5:0.5372,acc2_non_zero:0.8611, f_score_non_zero:0.8596, acc2:0.8394, f_score:0.8372
Saved best model at epoch 52 by acc2=0.8394 -> /data01/lyw/GLoMo/experiments/mosi_ours_visual_desc_v2_seed5576/best_model.pt
epoch:53, train_loss:1.4796, valid_mse:1.1647, valid_mae:0.7828, test_acc2:0.8350
current mae:0.7436, current corr:0.7756, acc7:0.4453, acc5:0.5182,acc2_non_zero:0.8565, f_score_non_zero:0.8558, acc2:0.8350, f_score:0.8337
epoch:54, train_loss:1.4882, valid_mse:1.2343, valid_mae:0.8112, test_acc2:0.8277
current mae:0.7525, current corr:0.7696, acc7:0.4467, acc5:0.5241,acc2_non_zero:0.8550, f_score_non_zero:0.8530, acc2:0.8277, f_score:0.8246
epoch:55, train_loss:1.4386, valid_mse:1.2283, valid_mae:0.8030, test_acc2:0.8307
current mae:0.7444, current corr:0.7758, acc7:0.4526, acc5:0.5285,acc2_non_zero:0.8550, f_score_non_zero:0.8534, acc2:0.8307, f_score:0.8281
epoch:56, train_loss:1.4238, valid_mse:1.2107, valid_mae:0.7956, test_acc2:0.8263
current mae:0.7637, current corr:0.7648, acc7:0.4628, acc5:0.5401,acc2_non_zero:0.8458, f_score_non_zero:0.8459, acc2:0.8263, f_score:0.8258
epoch:57, train_loss:1.4190, valid_mse:1.2652, valid_mae:0.8152, test_acc2:0.8409
current mae:0.7430, current corr:0.7823, acc7:0.4628, acc5:0.5431,acc2_non_zero:0.8595, f_score_non_zero:0.8591, acc2:0.8409, f_score:0.8399
Saved best model at epoch 57 by acc2=0.8409 -> /data01/lyw/GLoMo/experiments/mosi_ours_visual_desc_v2_seed5576/best_model.pt
epoch:58, train_loss:1.4199, valid_mse:1.2738, valid_mae:0.8236, test_acc2:0.8423
current mae:0.7432, current corr:0.7772, acc7:0.4584, acc5:0.5387,acc2_non_zero:0.8626, f_score_non_zero:0.8614, acc2:0.8423, f_score:0.8405
Saved best model at epoch 58 by acc2=0.8423 -> /data01/lyw/GLoMo/experiments/mosi_ours_visual_desc_v2_seed5576/best_model.pt
epoch:59, train_loss:1.3975, valid_mse:1.1401, valid_mae:0.7734, test_acc2:0.8336
current mae:0.7577, current corr:0.7700, acc7:0.4672, acc5:0.5431,acc2_non_zero:0.8504, f_score_non_zero:0.8506, acc2:0.8336, f_score:0.8333
epoch:60, train_loss:1.3870, valid_mse:1.2039, valid_mae:0.7809, test_acc2:0.8409
current mae:0.7439, current corr:0.7768, acc7:0.4613, acc5:0.5372,acc2_non_zero:0.8611, f_score_non_zero:0.8609, acc2:0.8409, f_score:0.8401
epoch:61, train_loss:1.3452, valid_mse:1.1460, valid_mae:0.7759, test_acc2:0.8380
current mae:0.7512, current corr:0.7754, acc7:0.4569, acc5:0.5212,acc2_non_zero:0.8580, f_score_non_zero:0.8581, acc2:0.8380, f_score:0.8375
epoch:62, train_loss:1.3535, valid_mse:1.1401, valid_mae:0.7742, test_acc2:0.8307
current mae:0.7440, current corr:0.7753, acc7:0.4613, acc5:0.5285,acc2_non_zero:0.8504, f_score_non_zero:0.8492, acc2:0.8307, f_score:0.8288
epoch:63, train_loss:1.3276, valid_mse:1.2844, valid_mae:0.7962, test_acc2:0.7942
current mae:0.8141, current corr:0.7359, acc7:0.4511, acc5:0.5153,acc2_non_zero:0.8076, f_score_non_zero:0.8088, acc2:0.7942, f_score:0.7947
epoch:64, train_loss:1.3071, valid_mse:1.1082, valid_mae:0.7697, test_acc2:0.8394
current mae:0.7335, current corr:0.7778, acc7:0.4672, acc5:0.5328,acc2_non_zero:0.8595, f_score_non_zero:0.8585, acc2:0.8394, f_score:0.8377
epoch:65, train_loss:1.2988, valid_mse:1.0686, valid_mae:0.7543, test_acc2:0.8409
current mae:0.7373, current corr:0.7810, acc7:0.4599, acc5:0.5226,acc2_non_zero:0.8611, f_score_non_zero:0.8606, acc2:0.8409, f_score:0.8398
epoch:66, train_loss:1.2891, valid_mse:1.0706, valid_mae:0.7499, test_acc2:0.8380
current mae:0.7441, current corr:0.7799, acc7:0.4511, acc5:0.5139,acc2_non_zero:0.8595, f_score_non_zero:0.8592, acc2:0.8380, f_score:0.8369
epoch:67, train_loss:1.2637, valid_mse:1.1238, valid_mae:0.7719, test_acc2:0.8350
current mae:0.7634, current corr:0.7727, acc7:0.4540, acc5:0.5197,acc2_non_zero:0.8550, f_score_non_zero:0.8551, acc2:0.8350, f_score:0.8346
epoch:68, train_loss:1.2796, valid_mse:1.0819, valid_mae:0.7587, test_acc2:0.8292
current mae:0.7368, current corr:0.7750, acc7:0.4642, acc5:0.5314,acc2_non_zero:0.8489, f_score_non_zero:0.8486, acc2:0.8292, f_score:0.8283
epoch:69, train_loss:1.2483, valid_mse:1.1193, valid_mae:0.7730, test_acc2:0.8263
current mae:0.7543, current corr:0.7724, acc7:0.4584, acc5:0.5314,acc2_non_zero:0.8382, f_score_non_zero:0.8386, acc2:0.8263, f_score:0.8263
Loading best model from epoch 58 by acc2=0.8423 for analysis export.
Analysis files exported to: /data01/lyw/GLoMo/experiments/mosi_ours_visual_desc_v2_seed5576/analysis
  predictions: /data01/lyw/GLoMo/experiments/mosi_ours_visual_desc_v2_seed5576/analysis/predictions.csv
  repr: /data01/lyw/GLoMo/experiments/mosi_ours_visual_desc_v2_seed5576/analysis/repr.npz
  repr meta: /data01/lyw/GLoMo/experiments/mosi_ours_visual_desc_v2_seed5576/analysis/repr_meta.json
  cases: /data01/lyw/GLoMo/experiments/mosi_ours_visual_desc_v2_seed5576/analysis/cases.csv
Metrics summary saved to: /data01/lyw/GLoMo/experiments/mosi_ours_visual_desc_v2_seed5576/metrics.json
Total runtime: 425132.9221725464 ms
