Using device: cuda:0, visible GPUs: 7
GPU name: NVIDIA GeForce RTX 3090
Seed: 5576
Command script saved to: /data01/lyw/GLoMo/experiments/mosi_text_visual_seed5576/command.sh
train labels: n=1281 min=-3.000 max=3.000 mean=0.235 std=1.509
dev labels: n=229 min=-3.000 max=3.000 mean=0.310 std=1.649
test labels: n=685 min=-3.000 max=3.000 mean=-0.315 std=1.588
BERT load: missing=3 unexpected=10
BERT missing keys (first 5): ['linear1.weight', 'linear1.bias', 'proj_l.weight']
BERT unexpected keys (first 5): ['pooler.dense.weight', 'pooler.dense.bias', 'cls.predictions.bias', 'cls.predictions.transform.dense.weight', 'cls.predictions.transform.dense.bias']
conv audio std 0.03853662312030792
conv video std 0.048298776149749756
total parameter for the model:  111150839
epoch:0, train_loss:3.2696, valid_mse:2.7959, valid_mae:1.4323, test_acc2:0.5781
current mae:1.4145, current corr:0.1155, acc7:0.1547, acc5:0.1547,acc2_non_zero:0.5878, f_score_non_zero:0.5774, acc2:0.5781, f_score:0.5665
Saved best model at epoch 0 by acc2=0.5781 -> /data01/lyw/GLoMo/experiments/mosi_text_visual_seed5576/best_model.pt
epoch:1, train_loss:3.2449, valid_mse:2.7746, valid_mae:1.4260, test_acc2:0.6175
current mae:1.4093, current corr:0.2938, acc7:0.1547, acc5:0.1547,acc2_non_zero:0.6153, f_score_non_zero:0.6090, acc2:0.6175, f_score:0.6099
Saved best model at epoch 1 by acc2=0.6175 -> /data01/lyw/GLoMo/experiments/mosi_text_visual_seed5576/best_model.pt
epoch:2, train_loss:3.2125, valid_mse:2.7044, valid_mae:1.4087, test_acc2:0.7927
current mae:1.3913, current corr:0.6583, acc7:0.1547, acc5:0.1547,acc2_non_zero:0.8061, f_score_non_zero:0.8062, acc2:0.7927, f_score:0.7923
Saved best model at epoch 2 by acc2=0.7927 -> /data01/lyw/GLoMo/experiments/mosi_text_visual_seed5576/best_model.pt
epoch:3, train_loss:3.1875, valid_mse:2.6457, valid_mae:1.3928, test_acc2:0.7985
current mae:1.3819, current corr:0.6794, acc7:0.1547, acc5:0.1547,acc2_non_zero:0.8122, f_score_non_zero:0.8129, acc2:0.7985, f_score:0.7987
Saved best model at epoch 3 by acc2=0.7985 -> /data01/lyw/GLoMo/experiments/mosi_text_visual_seed5576/best_model.pt
epoch:4, train_loss:3.1621, valid_mse:2.5682, valid_mae:1.3650, test_acc2:0.8190
current mae:1.3665, current corr:0.6948, acc7:0.1547, acc5:0.1547,acc2_non_zero:0.8427, f_score_non_zero:0.8422, acc2:0.8190, f_score:0.8176
Saved best model at epoch 4 by acc2=0.8190 -> /data01/lyw/GLoMo/experiments/mosi_text_visual_seed5576/best_model.pt
epoch:5, train_loss:3.1507, valid_mse:2.4916, valid_mae:1.3482, test_acc2:0.8073
current mae:1.3523, current corr:0.6891, acc7:0.1547, acc5:0.1547,acc2_non_zero:0.8198, f_score_non_zero:0.8209, acc2:0.8073, f_score:0.8078
epoch:6, train_loss:3.1010, valid_mse:2.4214, valid_mae:1.3273, test_acc2:0.8058
current mae:1.3212, current corr:0.6905, acc7:0.1547, acc5:0.1547,acc2_non_zero:0.8366, f_score_non_zero:0.8323, acc2:0.8058, f_score:0.7994
epoch:7, train_loss:3.0755, valid_mse:2.3566, valid_mae:1.3068, test_acc2:0.8073
current mae:1.2969, current corr:0.6881, acc7:0.1547, acc5:0.1547,acc2_non_zero:0.8351, f_score_non_zero:0.8317, acc2:0.8073, f_score:0.8023
epoch:8, train_loss:3.0321, valid_mse:2.3113, valid_mae:1.2884, test_acc2:0.8175
current mae:1.2778, current corr:0.6879, acc7:0.1547, acc5:0.1547,acc2_non_zero:0.8382, f_score_non_zero:0.8384, acc2:0.8175, f_score:0.8171
epoch:9, train_loss:2.9695, valid_mse:2.2815, valid_mae:1.2854, test_acc2:0.8044
current mae:1.2548, current corr:0.6719, acc7:0.1547, acc5:0.1547,acc2_non_zero:0.8305, f_score_non_zero:0.8268, acc2:0.8044, f_score:0.7991
epoch:10, train_loss:2.9111, valid_mse:2.1865, valid_mae:1.2605, test_acc2:0.8102
current mae:1.2360, current corr:0.6831, acc7:0.1547, acc5:0.1547,acc2_non_zero:0.8305, f_score_non_zero:0.8298, acc2:0.8102, f_score:0.8087
epoch:11, train_loss:2.8662, valid_mse:2.0896, valid_mae:1.2211, test_acc2:0.8175
current mae:1.2160, current corr:0.6857, acc7:0.1547, acc5:0.1547,acc2_non_zero:0.8366, f_score_non_zero:0.8372, acc2:0.8175, f_score:0.8175
epoch:12, train_loss:2.8525, valid_mse:2.0016, valid_mae:1.1937, test_acc2:0.8161
current mae:1.1954, current corr:0.6797, acc7:0.1547, acc5:0.1547,acc2_non_zero:0.8351, f_score_non_zero:0.8357, acc2:0.8161, f_score:0.8161
epoch:13, train_loss:2.7984, valid_mse:1.9110, valid_mae:1.1621, test_acc2:0.8161
current mae:1.1684, current corr:0.7008, acc7:0.2131, acc5:0.2131,acc2_non_zero:0.8366, f_score_non_zero:0.8370, acc2:0.8161, f_score:0.8157
epoch:14, train_loss:2.7617, valid_mse:1.9300, valid_mae:1.1734, test_acc2:0.7971
current mae:1.1602, current corr:0.6844, acc7:0.2190, acc5:0.2190,acc2_non_zero:0.8198, f_score_non_zero:0.8205, acc2:0.7971, f_score:0.7970
epoch:15, train_loss:2.7147, valid_mse:1.8305, valid_mae:1.1394, test_acc2:0.8073
current mae:1.1359, current corr:0.6941, acc7:0.2248, acc5:0.2248,acc2_non_zero:0.8290, f_score_non_zero:0.8294, acc2:0.8073, f_score:0.8070
epoch:16, train_loss:2.6654, valid_mse:1.8152, valid_mae:1.1312, test_acc2:0.8073
current mae:1.1036, current corr:0.7031, acc7:0.3109, acc5:0.3109,acc2_non_zero:0.8305, f_score_non_zero:0.8305, acc2:0.8073, f_score:0.8064
epoch:17, train_loss:2.6142, valid_mse:1.8181, valid_mae:1.1342, test_acc2:0.7956
current mae:1.1018, current corr:0.6840, acc7:0.3241, acc5:0.3241,acc2_non_zero:0.8168, f_score_non_zero:0.8177, acc2:0.7956, f_score:0.7959
epoch:18, train_loss:2.5697, valid_mse:1.7555, valid_mae:1.1152, test_acc2:0.8161
current mae:1.0512, current corr:0.7157, acc7:0.3285, acc5:0.3285,acc2_non_zero:0.8443, f_score_non_zero:0.8415, acc2:0.8161, f_score:0.8118
epoch:19, train_loss:2.5258, valid_mse:1.6681, valid_mae:1.0857, test_acc2:0.8190
current mae:1.0260, current corr:0.7283, acc7:0.3226, acc5:0.3226,acc2_non_zero:0.8473, f_score_non_zero:0.8455, acc2:0.8190, f_score:0.8158
epoch:20, train_loss:2.4703, valid_mse:1.7110, valid_mae:1.0950, test_acc2:0.8161
current mae:1.0127, current corr:0.7175, acc7:0.3212, acc5:0.3212,acc2_non_zero:0.8443, f_score_non_zero:0.8418, acc2:0.8161, f_score:0.8122
epoch:21, train_loss:2.4098, valid_mse:1.5629, valid_mae:1.0259, test_acc2:0.8263
current mae:0.9860, current corr:0.7350, acc7:0.3387, acc5:0.3387,acc2_non_zero:0.8504, f_score_non_zero:0.8504, acc2:0.8263, f_score:0.8255
Saved best model at epoch 21 by acc2=0.8263 -> /data01/lyw/GLoMo/experiments/mosi_text_visual_seed5576/best_model.pt
epoch:22, train_loss:2.3605, valid_mse:1.5389, valid_mae:1.0217, test_acc2:0.8088
current mae:0.9956, current corr:0.7224, acc7:0.3226, acc5:0.3226,acc2_non_zero:0.8305, f_score_non_zero:0.8313, acc2:0.8088, f_score:0.8088
epoch:23, train_loss:2.3233, valid_mse:1.4922, valid_mae:1.0094, test_acc2:0.8248
current mae:0.9488, current corr:0.7450, acc7:0.3372, acc5:0.3372,acc2_non_zero:0.8458, f_score_non_zero:0.8458, acc2:0.8248, f_score:0.8241
epoch:24, train_loss:2.2647, valid_mse:1.5195, valid_mae:1.0155, test_acc2:0.8044
current mae:0.9533, current corr:0.6952, acc7:0.3168, acc5:0.3168,acc2_non_zero:0.8336, f_score_non_zero:0.8328, acc2:0.8044, f_score:0.8023
epoch:25, train_loss:2.2271, valid_mse:1.3656, valid_mae:0.9539, test_acc2:0.8044
current mae:0.9441, current corr:0.7010, acc7:0.3401, acc5:0.3401,acc2_non_zero:0.8275, f_score_non_zero:0.8283, acc2:0.8044, f_score:0.8045
epoch:26, train_loss:2.1928, valid_mse:1.3915, valid_mae:0.9497, test_acc2:0.7971
current mae:0.9477, current corr:0.7013, acc7:0.3226, acc5:0.3226,acc2_non_zero:0.8122, f_score_non_zero:0.8133, acc2:0.7971, f_score:0.7976
epoch:27, train_loss:2.1525, valid_mse:1.4577, valid_mae:0.9771, test_acc2:0.7796
current mae:0.9734, current corr:0.6907, acc7:0.3212, acc5:0.3212,acc2_non_zero:0.7878, f_score_non_zero:0.7888, acc2:0.7796, f_score:0.7798
epoch:28, train_loss:2.1061, valid_mse:1.3541, valid_mae:0.9336, test_acc2:0.8219
current mae:0.8699, current corr:0.7392, acc7:0.3314, acc5:0.3314,acc2_non_zero:0.8489, f_score_non_zero:0.8476, acc2:0.8219, f_score:0.8195
epoch:29, train_loss:2.0748, valid_mse:1.2928, valid_mae:0.9007, test_acc2:0.8234
current mae:0.8673, current corr:0.7354, acc7:0.3328, acc5:0.3328,acc2_non_zero:0.8473, f_score_non_zero:0.8475, acc2:0.8234, f_score:0.8228
epoch:30, train_loss:2.0259, valid_mse:1.2744, valid_mae:0.8802, test_acc2:0.8029
current mae:0.8873, current corr:0.7134, acc7:0.3226, acc5:0.3226,acc2_non_zero:0.8260, f_score_non_zero:0.8260, acc2:0.8029, f_score:0.8022
epoch:31, train_loss:1.9980, valid_mse:1.2805, valid_mae:0.8924, test_acc2:0.8073
current mae:0.8553, current corr:0.7225, acc7:0.3241, acc5:0.3241,acc2_non_zero:0.8321, f_score_non_zero:0.8288, acc2:0.8073, f_score:0.8027
epoch:32, train_loss:1.9611, valid_mse:1.2086, valid_mae:0.8563, test_acc2:0.8029
current mae:0.8572, current corr:0.7320, acc7:0.3168, acc5:0.3168,acc2_non_zero:0.8275, f_score_non_zero:0.8264, acc2:0.8029, f_score:0.8008
epoch:33, train_loss:1.9139, valid_mse:1.2132, valid_mae:0.8388, test_acc2:0.8117
current mae:0.8286, current corr:0.7382, acc7:0.3343, acc5:0.3401,acc2_non_zero:0.8336, f_score_non_zero:0.8328, acc2:0.8117, f_score:0.8100
epoch:34, train_loss:1.8882, valid_mse:1.1836, valid_mae:0.8263, test_acc2:0.8161
current mae:0.8042, current corr:0.7453, acc7:0.3693, acc5:0.3942,acc2_non_zero:0.8412, f_score_non_zero:0.8394, acc2:0.8161, f_score:0.8132
epoch:35, train_loss:1.8497, valid_mse:1.1898, valid_mae:0.8322, test_acc2:0.8190
current mae:0.8163, current corr:0.7454, acc7:0.3708, acc5:0.3956,acc2_non_zero:0.8412, f_score_non_zero:0.8413, acc2:0.8190, f_score:0.8183
epoch:36, train_loss:1.8331, valid_mse:1.2062, valid_mae:0.8262, test_acc2:0.8131
current mae:0.8090, current corr:0.7405, acc7:0.3708, acc5:0.3971,acc2_non_zero:0.8366, f_score_non_zero:0.8364, acc2:0.8131, f_score:0.8121
epoch:37, train_loss:1.7985, valid_mse:1.1685, valid_mae:0.8200, test_acc2:0.8175
current mae:0.8107, current corr:0.7432, acc7:0.4102, acc5:0.4540,acc2_non_zero:0.8397, f_score_non_zero:0.8392, acc2:0.8175, f_score:0.8163
epoch:38, train_loss:1.7792, valid_mse:1.1872, valid_mae:0.8201, test_acc2:0.8204
current mae:0.7879, current corr:0.7425, acc7:0.4423, acc5:0.5153,acc2_non_zero:0.8443, f_score_non_zero:0.8429, acc2:0.8204, f_score:0.8181
epoch:39, train_loss:1.7486, valid_mse:1.1976, valid_mae:0.8168, test_acc2:0.8175
current mae:0.7928, current corr:0.7454, acc7:0.4496, acc5:0.5153,acc2_non_zero:0.8397, f_score_non_zero:0.8390, acc2:0.8175, f_score:0.8160
epoch:40, train_loss:1.7345, valid_mse:1.2346, valid_mae:0.8257, test_acc2:0.8234
current mae:0.7885, current corr:0.7441, acc7:0.4496, acc5:0.5241,acc2_non_zero:0.8458, f_score_non_zero:0.8452, acc2:0.8234, f_score:0.8219
epoch:41, train_loss:1.6925, valid_mse:1.2132, valid_mae:0.8214, test_acc2:0.8219
current mae:0.8011, current corr:0.7417, acc7:0.4496, acc5:0.5226,acc2_non_zero:0.8427, f_score_non_zero:0.8425, acc2:0.8219, f_score:0.8210
epoch:42, train_loss:1.6761, valid_mse:1.1957, valid_mae:0.8177, test_acc2:0.8219
current mae:0.7791, current corr:0.7491, acc7:0.4555, acc5:0.5343,acc2_non_zero:0.8443, f_score_non_zero:0.8425, acc2:0.8219, f_score:0.8192
epoch:43, train_loss:1.6480, valid_mse:1.1889, valid_mae:0.8075, test_acc2:0.8204
current mae:0.7865, current corr:0.7512, acc7:0.4555, acc5:0.5285,acc2_non_zero:0.8427, f_score_non_zero:0.8419, acc2:0.8204, f_score:0.8188
epoch:44, train_loss:1.6480, valid_mse:1.2004, valid_mae:0.8113, test_acc2:0.8219
current mae:0.7895, current corr:0.7511, acc7:0.4380, acc5:0.5168,acc2_non_zero:0.8427, f_score_non_zero:0.8427, acc2:0.8219, f_score:0.8212
epoch:45, train_loss:1.6240, valid_mse:1.2661, valid_mae:0.8466, test_acc2:0.8263
current mae:0.7811, current corr:0.7532, acc7:0.4467, acc5:0.5212,acc2_non_zero:0.8504, f_score_non_zero:0.8493, acc2:0.8263, f_score:0.8243
epoch:46, train_loss:1.6096, valid_mse:1.2234, valid_mae:0.8029, test_acc2:0.8102
current mae:0.7900, current corr:0.7527, acc7:0.4657, acc5:0.5431,acc2_non_zero:0.8305, f_score_non_zero:0.8309, acc2:0.8102, f_score:0.8100
epoch:47, train_loss:1.5868, valid_mse:1.2648, valid_mae:0.8216, test_acc2:0.8190
current mae:0.7890, current corr:0.7511, acc7:0.4453, acc5:0.5270,acc2_non_zero:0.8412, f_score_non_zero:0.8402, acc2:0.8190, f_score:0.8171
epoch:48, train_loss:1.5686, valid_mse:1.2086, valid_mae:0.7931, test_acc2:0.8204
current mae:0.7656, current corr:0.7639, acc7:0.4409, acc5:0.5182,acc2_non_zero:0.8427, f_score_non_zero:0.8424, acc2:0.8204, f_score:0.8193
epoch:49, train_loss:1.5483, valid_mse:1.1597, valid_mae:0.7770, test_acc2:0.8161
current mae:0.7859, current corr:0.7559, acc7:0.4438, acc5:0.5212,acc2_non_zero:0.8290, f_score_non_zero:0.8298, acc2:0.8161, f_score:0.8163
epoch:50, train_loss:1.5216, valid_mse:1.1471, valid_mae:0.7731, test_acc2:0.8175
current mae:0.7715, current corr:0.7577, acc7:0.4496, acc5:0.5212,acc2_non_zero:0.8397, f_score_non_zero:0.8396, acc2:0.8175, f_score:0.8167
epoch:51, train_loss:1.5023, valid_mse:1.2068, valid_mae:0.8014, test_acc2:0.8175
current mae:0.7727, current corr:0.7595, acc7:0.4336, acc5:0.4920,acc2_non_zero:0.8427, f_score_non_zero:0.8424, acc2:0.8175, f_score:0.8163
epoch:52, train_loss:1.4831, valid_mse:1.2710, valid_mae:0.8284, test_acc2:0.8219
current mae:0.7815, current corr:0.7526, acc7:0.4526, acc5:0.5285,acc2_non_zero:0.8473, f_score_non_zero:0.8466, acc2:0.8219, f_score:0.8203
epoch:53, train_loss:1.4580, valid_mse:1.1393, valid_mae:0.7885, test_acc2:0.8015
current mae:0.8033, current corr:0.7452, acc7:0.4409, acc5:0.5022,acc2_non_zero:0.8153, f_score_non_zero:0.8163, acc2:0.8015, f_score:0.8019
epoch:54, train_loss:1.4640, valid_mse:1.1499, valid_mae:0.7905, test_acc2:0.8175
current mae:0.7807, current corr:0.7629, acc7:0.4409, acc5:0.4993,acc2_non_zero:0.8336, f_score_non_zero:0.8341, acc2:0.8175, f_score:0.8175
epoch:55, train_loss:1.4217, valid_mse:1.1206, valid_mae:0.7775, test_acc2:0.8131
current mae:0.7658, current corr:0.7628, acc7:0.4526, acc5:0.5139,acc2_non_zero:0.8351, f_score_non_zero:0.8343, acc2:0.8131, f_score:0.8114
epoch:56, train_loss:1.4144, valid_mse:1.1354, valid_mae:0.7827, test_acc2:0.8190
current mae:0.7667, current corr:0.7589, acc7:0.4599, acc5:0.5285,acc2_non_zero:0.8382, f_score_non_zero:0.8377, acc2:0.8190, f_score:0.8179
epoch:57, train_loss:1.3857, valid_mse:1.2709, valid_mae:0.8231, test_acc2:0.8161
current mae:0.7685, current corr:0.7552, acc7:0.4569, acc5:0.5299,acc2_non_zero:0.8427, f_score_non_zero:0.8405, acc2:0.8161, f_score:0.8125
epoch:58, train_loss:1.3973, valid_mse:1.2397, valid_mae:0.8144, test_acc2:0.8146
current mae:0.7923, current corr:0.7525, acc7:0.4380, acc5:0.5080,acc2_non_zero:0.8321, f_score_non_zero:0.8326, acc2:0.8146, f_score:0.8146
epoch:59, train_loss:1.3797, valid_mse:1.0886, valid_mae:0.7706, test_acc2:0.8204
current mae:0.7632, current corr:0.7671, acc7:0.4467, acc5:0.5109,acc2_non_zero:0.8427, f_score_non_zero:0.8422, acc2:0.8204, f_score:0.8191
epoch:60, train_loss:1.3458, valid_mse:1.1571, valid_mae:0.7842, test_acc2:0.8204
current mae:0.7750, current corr:0.7636, acc7:0.4409, acc5:0.5124,acc2_non_zero:0.8427, f_score_non_zero:0.8429, acc2:0.8204, f_score:0.8199
epoch:61, train_loss:1.3323, valid_mse:1.1482, valid_mae:0.7869, test_acc2:0.8190
current mae:0.7626, current corr:0.7652, acc7:0.4350, acc5:0.4993,acc2_non_zero:0.8427, f_score_non_zero:0.8424, acc2:0.8190, f_score:0.8178
epoch:62, train_loss:1.3330, valid_mse:1.1251, valid_mae:0.7722, test_acc2:0.8190
current mae:0.7699, current corr:0.7609, acc7:0.4365, acc5:0.5051,acc2_non_zero:0.8443, f_score_non_zero:0.8435, acc2:0.8190, f_score:0.8172
epoch:63, train_loss:1.3215, valid_mse:1.1304, valid_mae:0.7758, test_acc2:0.8161
current mae:0.7696, current corr:0.7633, acc7:0.4511, acc5:0.5182,acc2_non_zero:0.8382, f_score_non_zero:0.8379, acc2:0.8161, f_score:0.8150
epoch:64, train_loss:1.2847, valid_mse:1.1598, valid_mae:0.7893, test_acc2:0.8161
current mae:0.7656, current corr:0.7608, acc7:0.4438, acc5:0.5168,acc2_non_zero:0.8382, f_score_non_zero:0.8374, acc2:0.8161, f_score:0.8145
epoch:65, train_loss:1.2864, valid_mse:1.1176, valid_mae:0.7798, test_acc2:0.8234
current mae:0.7574, current corr:0.7715, acc7:0.4584, acc5:0.5299,acc2_non_zero:0.8458, f_score_non_zero:0.8458, acc2:0.8234, f_score:0.8226
epoch:66, train_loss:1.2708, valid_mse:1.1034, valid_mae:0.7683, test_acc2:0.8175
current mae:0.7465, current corr:0.7740, acc7:0.4599, acc5:0.5299,acc2_non_zero:0.8397, f_score_non_zero:0.8390, acc2:0.8175, f_score:0.8160
epoch:67, train_loss:1.2567, valid_mse:1.1109, valid_mae:0.7704, test_acc2:0.8131
current mae:0.7537, current corr:0.7697, acc7:0.4540, acc5:0.5241,acc2_non_zero:0.8351, f_score_non_zero:0.8339, acc2:0.8131, f_score:0.8111
epoch:68, train_loss:1.2514, valid_mse:1.1415, valid_mae:0.7794, test_acc2:0.8190
current mae:0.7572, current corr:0.7656, acc7:0.4657, acc5:0.5372,acc2_non_zero:0.8397, f_score_non_zero:0.8393, acc2:0.8190, f_score:0.8179
epoch:69, train_loss:1.2310, valid_mse:1.1580, valid_mae:0.7908, test_acc2:0.8102
current mae:0.7544, current corr:0.7661, acc7:0.4511, acc5:0.5226,acc2_non_zero:0.8336, f_score_non_zero:0.8329, acc2:0.8102, f_score:0.8086
Loading best model from epoch 21 by acc2=0.8263 for analysis export.
Analysis files exported to: /data01/lyw/GLoMo/experiments/mosi_text_visual_seed5576/analysis
  predictions: /data01/lyw/GLoMo/experiments/mosi_text_visual_seed5576/analysis/predictions.csv
  repr: /data01/lyw/GLoMo/experiments/mosi_text_visual_seed5576/analysis/repr.npz
  repr meta: /data01/lyw/GLoMo/experiments/mosi_text_visual_seed5576/analysis/repr_meta.json
  cases: /data01/lyw/GLoMo/experiments/mosi_text_visual_seed5576/analysis/cases.csv
Metrics summary saved to: /data01/lyw/GLoMo/experiments/mosi_text_visual_seed5576/metrics.json
Total runtime: 329256.6363811493 ms
