Using device: cuda:0, visible GPUs: 7
GPU name: NVIDIA GeForce RTX 3090
Seed: 5576
Command script saved to: /data01/lyw/GLoMo/experiments/mosei_visual_only_seed5576/command.sh
train labels: n=16265 min=-3.000 max=3.000 mean=0.146 std=1.125
dev labels: n=1869 min=-3.000 max=3.000 mean=0.190 std=1.038
test labels: n=4643 min=-3.000 max=3.000 mean=0.141 std=1.108
BERT load: missing=3 unexpected=10
BERT missing keys (first 5): ['linear1.weight', 'linear1.bias', 'proj_l.weight']
BERT unexpected keys (first 5): ['pooler.dense.weight', 'pooler.dense.bias', 'cls.predictions.bias', 'cls.predictions.transform.dense.weight', 'cls.predictions.transform.dense.bias']
conv audio std 0.03875073790550232
conv video std 0.056293025612831116
total parameter for the model:  117281879
epoch:0, train_loss:2.4252, valid_mse:1.0579, valid_mae:0.7683, test_acc2:0.6873
current mae:0.8237, current corr:0.1850, acc7:0.4137, acc5:0.4137,acc2_non_zero:0.6265, f_score_non_zero:0.5302, acc2:0.6873, f_score:0.6127
Saved best model at epoch 0 by acc2=0.6873 -> /data01/lyw/GLoMo/experiments/mosei_visual_only_seed5576/best_model.pt
epoch:1, train_loss:2.3386, valid_mse:1.0132, valid_mae:0.7508, test_acc2:0.6713
current mae:0.8145, current corr:0.2211, acc7:0.4224, acc5:0.4224,acc2_non_zero:0.6290, f_score_non_zero:0.5700, acc2:0.6713, f_score:0.6304
epoch:2, train_loss:2.3150, valid_mse:1.0215, valid_mae:0.7538, test_acc2:0.7011
current mae:0.8189, current corr:0.2283, acc7:0.4243, acc5:0.4243,acc2_non_zero:0.6301, f_score_non_zero:0.5066, acc2:0.7011, f_score:0.6013
Saved best model at epoch 2 by acc2=0.7011 -> /data01/lyw/GLoMo/experiments/mosei_visual_only_seed5576/best_model.pt
epoch:3, train_loss:2.3021, valid_mse:1.0171, valid_mae:0.7508, test_acc2:0.6668
current mae:0.8114, current corr:0.2336, acc7:0.4252, acc5:0.4252,acc2_non_zero:0.6348, f_score_non_zero:0.5850, acc2:0.6668, f_score:0.6350
epoch:4, train_loss:2.2939, valid_mse:1.0184, valid_mae:0.7530, test_acc2:0.6985
current mae:0.8175, current corr:0.2364, acc7:0.4243, acc5:0.4243,acc2_non_zero:0.6296, f_score_non_zero:0.5172, acc2:0.6985, f_score:0.6083
epoch:5, train_loss:2.2844, valid_mse:1.0125, valid_mae:0.7498, test_acc2:0.6743
current mae:0.8106, current corr:0.2413, acc7:0.4267, acc5:0.4267,acc2_non_zero:0.6367, f_score_non_zero:0.5804, acc2:0.6743, f_score:0.6360
epoch:6, train_loss:2.2788, valid_mse:1.0173, valid_mae:0.7536, test_acc2:0.6709
current mae:0.8132, current corr:0.2438, acc7:0.4215, acc5:0.4215,acc2_non_zero:0.6345, f_score_non_zero:0.5804, acc2:0.6709, f_score:0.6348
epoch:7, train_loss:2.2732, valid_mse:1.0188, valid_mae:0.7521, test_acc2:0.6860
current mae:0.8150, current corr:0.2416, acc7:0.4215, acc5:0.4215,acc2_non_zero:0.6378, f_score_non_zero:0.5666, acc2:0.6860, f_score:0.6335
epoch:8, train_loss:2.2662, valid_mse:1.0322, valid_mae:0.7576, test_acc2:0.6967
current mae:0.8204, current corr:0.2402, acc7:0.4172, acc5:0.4172,acc2_non_zero:0.6359, f_score_non_zero:0.5385, acc2:0.6967, f_score:0.6205
epoch:9, train_loss:2.2585, valid_mse:1.0390, valid_mae:0.7614, test_acc2:0.6976
current mae:0.8194, current corr:0.2383, acc7:0.4187, acc5:0.4187,acc2_non_zero:0.6343, f_score_non_zero:0.5350, acc2:0.6976, f_score:0.6191
epoch:10, train_loss:2.2581, valid_mse:1.0312, valid_mae:0.7584, test_acc2:0.6931
current mae:0.8173, current corr:0.2387, acc7:0.4206, acc5:0.4206,acc2_non_zero:0.6401, f_score_non_zero:0.5572, acc2:0.6931, f_score:0.6301
epoch:11, train_loss:2.2485, valid_mse:1.0337, valid_mae:0.7602, test_acc2:0.6942
current mae:0.8179, current corr:0.2355, acc7:0.4206, acc5:0.4206,acc2_non_zero:0.6351, f_score_non_zero:0.5449, acc2:0.6942, f_score:0.6241
epoch:12, train_loss:2.2464, valid_mse:1.0308, valid_mae:0.7597, test_acc2:0.7028
current mae:0.8215, current corr:0.2368, acc7:0.4142, acc5:0.4142,acc2_non_zero:0.6392, f_score_non_zero:0.5438, acc2:0.7028, f_score:0.6267
Saved best model at epoch 12 by acc2=0.7028 -> /data01/lyw/GLoMo/experiments/mosei_visual_only_seed5576/best_model.pt
epoch:13, train_loss:2.2452, valid_mse:1.0347, valid_mae:0.7597, test_acc2:0.6937
current mae:0.8221, current corr:0.2326, acc7:0.4155, acc5:0.4155,acc2_non_zero:0.6359, f_score_non_zero:0.5503, acc2:0.6937, f_score:0.6275
epoch:14, train_loss:2.2355, valid_mse:1.0334, valid_mae:0.7590, test_acc2:0.6950
current mae:0.8233, current corr:0.2309, acc7:0.4159, acc5:0.4159,acc2_non_zero:0.6365, f_score_non_zero:0.5468, acc2:0.6950, f_score:0.6254
epoch:15, train_loss:2.2302, valid_mse:1.0345, valid_mae:0.7597, test_acc2:0.7041
current mae:0.8223, current corr:0.2357, acc7:0.4142, acc5:0.4142,acc2_non_zero:0.6442, f_score_non_zero:0.5551, acc2:0.7041, f_score:0.6338
Saved best model at epoch 15 by acc2=0.7041 -> /data01/lyw/GLoMo/experiments/mosei_visual_only_seed5576/best_model.pt
epoch:16, train_loss:2.2309, valid_mse:1.0332, valid_mae:0.7599, test_acc2:0.7004
current mae:0.8224, current corr:0.2334, acc7:0.4140, acc5:0.4140,acc2_non_zero:0.6431, f_score_non_zero:0.5614, acc2:0.7004, f_score:0.6367
epoch:17, train_loss:2.2263, valid_mse:1.0287, valid_mae:0.7581, test_acc2:0.6967
current mae:0.8214, current corr:0.2338, acc7:0.4159, acc5:0.4159,acc2_non_zero:0.6448, f_score_non_zero:0.5719, acc2:0.6967, f_score:0.6413
epoch:18, train_loss:2.2256, valid_mse:1.0354, valid_mae:0.7610, test_acc2:0.6933
current mae:0.8249, current corr:0.2276, acc7:0.4131, acc5:0.4131,acc2_non_zero:0.6401, f_score_non_zero:0.5615, acc2:0.6933, f_score:0.6335
epoch:19, train_loss:2.2232, valid_mse:1.0456, valid_mae:0.7667, test_acc2:0.7051
current mae:0.8301, current corr:0.2295, acc7:0.4101, acc5:0.4101,acc2_non_zero:0.6373, f_score_non_zero:0.5342, acc2:0.7051, f_score:0.6218
Saved best model at epoch 19 by acc2=0.7051 -> /data01/lyw/GLoMo/experiments/mosei_visual_only_seed5576/best_model.pt
epoch:20, train_loss:2.2193, valid_mse:1.0228, valid_mae:0.7544, test_acc2:0.6948
current mae:0.8175, current corr:0.2297, acc7:0.4189, acc5:0.4189,acc2_non_zero:0.6428, f_score_non_zero:0.5744, acc2:0.6948, f_score:0.6429
epoch:21, train_loss:2.2155, valid_mse:1.0237, valid_mae:0.7546, test_acc2:0.6957
current mae:0.8201, current corr:0.2284, acc7:0.4168, acc5:0.4168,acc2_non_zero:0.6439, f_score_non_zero:0.5733, acc2:0.6957, f_score:0.6420
epoch:22, train_loss:2.2133, valid_mse:1.0387, valid_mae:0.7641, test_acc2:0.6946
current mae:0.8246, current corr:0.2324, acc7:0.4131, acc5:0.4131,acc2_non_zero:0.6425, f_score_non_zero:0.5721, acc2:0.6946, f_score:0.6411
epoch:23, train_loss:2.2096, valid_mse:1.0392, valid_mae:0.7628, test_acc2:0.6948
current mae:0.8245, current corr:0.2298, acc7:0.4120, acc5:0.4120,acc2_non_zero:0.6423, f_score_non_zero:0.5727, acc2:0.6948, f_score:0.6418
epoch:24, train_loss:2.2143, valid_mse:1.0424, valid_mae:0.7623, test_acc2:0.6894
current mae:0.8244, current corr:0.2232, acc7:0.4155, acc5:0.4155,acc2_non_zero:0.6378, f_score_non_zero:0.5629, acc2:0.6894, f_score:0.6331
epoch:25, train_loss:2.2003, valid_mse:1.0280, valid_mae:0.7614, test_acc2:0.6909
current mae:0.8247, current corr:0.2299, acc7:0.4122, acc5:0.4122,acc2_non_zero:0.6436, f_score_non_zero:0.5871, acc2:0.6909, f_score:0.6492
epoch:26, train_loss:2.1970, valid_mse:1.0353, valid_mae:0.7607, test_acc2:0.6931
current mae:0.8252, current corr:0.2305, acc7:0.4124, acc5:0.4124,acc2_non_zero:0.6439, f_score_non_zero:0.5804, acc2:0.6931, f_score:0.6456
epoch:27, train_loss:2.1963, valid_mse:1.0508, valid_mae:0.7678, test_acc2:0.6985
current mae:0.8265, current corr:0.2217, acc7:0.4101, acc5:0.4101,acc2_non_zero:0.6428, f_score_non_zero:0.5648, acc2:0.6985, f_score:0.6381
epoch:28, train_loss:2.1905, valid_mse:1.0306, valid_mae:0.7606, test_acc2:0.6905
current mae:0.8267, current corr:0.2339, acc7:0.4099, acc5:0.4099,acc2_non_zero:0.6456, f_score_non_zero:0.5906, acc2:0.6905, f_score:0.6505
epoch:29, train_loss:2.1919, valid_mse:1.0342, valid_mae:0.7589, test_acc2:0.6793
current mae:0.8227, current corr:0.2243, acc7:0.4122, acc5:0.4122,acc2_non_zero:0.6406, f_score_non_zero:0.5874, acc2:0.6793, f_score:0.6427
epoch:30, train_loss:2.1878, valid_mse:1.0366, valid_mae:0.7614, test_acc2:0.6905
current mae:0.8220, current corr:0.2247, acc7:0.4170, acc5:0.4170,acc2_non_zero:0.6439, f_score_non_zero:0.5809, acc2:0.6905, f_score:0.6441
epoch:31, train_loss:2.1799, valid_mse:1.0285, valid_mae:0.7584, test_acc2:0.6903
current mae:0.8251, current corr:0.2290, acc7:0.4109, acc5:0.4109,acc2_non_zero:0.6439, f_score_non_zero:0.5825, acc2:0.6903, f_score:0.6451
epoch:32, train_loss:2.1807, valid_mse:1.0455, valid_mae:0.7633, test_acc2:0.6834
current mae:0.8228, current corr:0.2275, acc7:0.4116, acc5:0.4116,acc2_non_zero:0.6412, f_score_non_zero:0.5898, acc2:0.6834, f_score:0.6472
epoch:33, train_loss:2.1783, valid_mse:1.0437, valid_mae:0.7665, test_acc2:0.6976
current mae:0.8332, current corr:0.2265, acc7:0.4058, acc5:0.4058,acc2_non_zero:0.6475, f_score_non_zero:0.5786, acc2:0.6976, f_score:0.6454
epoch:34, train_loss:2.1784, valid_mse:1.0302, valid_mae:0.7587, test_acc2:0.6858
current mae:0.8233, current corr:0.2188, acc7:0.4146, acc5:0.4146,acc2_non_zero:0.6445, f_score_non_zero:0.5931, acc2:0.6858, f_score:0.6495
epoch:35, train_loss:2.1692, valid_mse:1.0273, valid_mae:0.7584, test_acc2:0.6784
current mae:0.8228, current corr:0.2254, acc7:0.4157, acc5:0.4157,acc2_non_zero:0.6403, f_score_non_zero:0.5946, acc2:0.6784, f_score:0.6476
epoch:36, train_loss:2.1700, valid_mse:1.0512, valid_mae:0.7691, test_acc2:0.6955
current mae:0.8300, current corr:0.2298, acc7:0.4077, acc5:0.4077,acc2_non_zero:0.6506, f_score_non_zero:0.5929, acc2:0.6955, f_score:0.6530
epoch:37, train_loss:2.1646, valid_mse:1.0444, valid_mae:0.7651, test_acc2:0.6967
current mae:0.8327, current corr:0.2228, acc7:0.4058, acc5:0.4058,acc2_non_zero:0.6464, f_score_non_zero:0.5780, acc2:0.6967, f_score:0.6450
epoch:38, train_loss:2.1603, valid_mse:1.0482, valid_mae:0.7678, test_acc2:0.6937
current mae:0.8295, current corr:0.2164, acc7:0.4084, acc5:0.4084,acc2_non_zero:0.6494, f_score_non_zero:0.5906, acc2:0.6937, f_score:0.6507
epoch:39, train_loss:2.1569, valid_mse:1.0408, valid_mae:0.7671, test_acc2:0.6957
current mae:0.8332, current corr:0.2284, acc7:0.4008, acc5:0.4008,acc2_non_zero:0.6511, f_score_non_zero:0.5923, acc2:0.6957, f_score:0.6525
epoch:40, train_loss:2.1544, valid_mse:1.0346, valid_mae:0.7621, test_acc2:0.6918
current mae:0.8270, current corr:0.2179, acc7:0.4079, acc5:0.4079,acc2_non_zero:0.6467, f_score_non_zero:0.5864, acc2:0.6918, f_score:0.6477
epoch:41, train_loss:2.1548, valid_mse:1.0442, valid_mae:0.7672, test_acc2:0.6914
current mae:0.8289, current corr:0.2229, acc7:0.4049, acc5:0.4049,acc2_non_zero:0.6508, f_score_non_zero:0.5990, acc2:0.6914, f_score:0.6545
epoch:42, train_loss:2.1492, valid_mse:1.0623, valid_mae:0.7740, test_acc2:0.6955
current mae:0.8348, current corr:0.2173, acc7:0.3989, acc5:0.3989,acc2_non_zero:0.6492, f_score_non_zero:0.5857, acc2:0.6955, f_score:0.6484
epoch:43, train_loss:2.1465, valid_mse:1.0712, valid_mae:0.7810, test_acc2:0.6942
current mae:0.8380, current corr:0.2206, acc7:0.3972, acc5:0.3972,acc2_non_zero:0.6517, f_score_non_zero:0.5958, acc2:0.6942, f_score:0.6537
epoch:44, train_loss:2.1409, valid_mse:1.0515, valid_mae:0.7711, test_acc2:0.6927
current mae:0.8328, current corr:0.2201, acc7:0.3997, acc5:0.3997,acc2_non_zero:0.6481, f_score_non_zero:0.5894, acc2:0.6927, f_score:0.6498
epoch:45, train_loss:2.1309, valid_mse:1.0534, valid_mae:0.7730, test_acc2:0.6939
current mae:0.8354, current corr:0.2193, acc7:0.3978, acc5:0.3978,acc2_non_zero:0.6517, f_score_non_zero:0.5962, acc2:0.6939, f_score:0.6539
epoch:46, train_loss:2.1361, valid_mse:1.0491, valid_mae:0.7716, test_acc2:0.6845
current mae:0.8376, current corr:0.2199, acc7:0.3931, acc5:0.3931,acc2_non_zero:0.6472, f_score_non_zero:0.6039, acc2:0.6845, f_score:0.6551
epoch:47, train_loss:2.1273, valid_mse:1.0617, valid_mae:0.7773, test_acc2:0.6929
current mae:0.8416, current corr:0.2255, acc7:0.3939, acc5:0.3939,acc2_non_zero:0.6519, f_score_non_zero:0.5962, acc2:0.6929, f_score:0.6529
epoch:48, train_loss:2.1301, valid_mse:1.0653, valid_mae:0.7794, test_acc2:0.6972
current mae:0.8404, current corr:0.2212, acc7:0.3941, acc5:0.3941,acc2_non_zero:0.6497, f_score_non_zero:0.5833, acc2:0.6972, f_score:0.6475
epoch:49, train_loss:2.1262, valid_mse:1.0563, valid_mae:0.7735, test_acc2:0.6959
current mae:0.8337, current corr:0.2148, acc7:0.4015, acc5:0.4015,acc2_non_zero:0.6547, f_score_non_zero:0.6008, acc2:0.6959, f_score:0.6570
epoch:50, train_loss:2.1223, valid_mse:1.0499, valid_mae:0.7713, test_acc2:0.6883
current mae:0.8332, current corr:0.2130, acc7:0.4004, acc5:0.4004,acc2_non_zero:0.6508, f_score_non_zero:0.6034, acc2:0.6883, f_score:0.6556
epoch:51, train_loss:2.1179, valid_mse:1.0428, valid_mae:0.7671, test_acc2:0.6640
current mae:0.8325, current corr:0.2178, acc7:0.4051, acc5:0.4051,acc2_non_zero:0.6434, f_score_non_zero:0.6173, acc2:0.6640, f_score:0.6517
epoch:52, train_loss:2.1175, valid_mse:1.0625, valid_mae:0.7771, test_acc2:0.6907
current mae:0.8374, current corr:0.2087, acc7:0.3982, acc5:0.3982,acc2_non_zero:0.6511, f_score_non_zero:0.6005, acc2:0.6907, f_score:0.6550
epoch:53, train_loss:2.1150, valid_mse:1.0880, valid_mae:0.7904, test_acc2:0.7002
current mae:0.8440, current corr:0.2139, acc7:0.3894, acc5:0.3894,acc2_non_zero:0.6541, f_score_non_zero:0.5929, acc2:0.7002, f_score:0.6545
epoch:54, train_loss:2.1043, valid_mse:1.0784, valid_mae:0.7832, test_acc2:0.6907
current mae:0.8408, current corr:0.2046, acc7:0.3974, acc5:0.3974,acc2_non_zero:0.6492, f_score_non_zero:0.5953, acc2:0.6907, f_score:0.6522
epoch:55, train_loss:2.1035, valid_mse:1.0649, valid_mae:0.7773, test_acc2:0.6823
current mae:0.8375, current corr:0.2048, acc7:0.3997, acc5:0.3997,acc2_non_zero:0.6439, f_score_non_zero:0.5984, acc2:0.6823, f_score:0.6513
epoch:56, train_loss:2.1026, valid_mse:1.0620, valid_mae:0.7770, test_acc2:0.6823
current mae:0.8374, current corr:0.1963, acc7:0.3984, acc5:0.3984,acc2_non_zero:0.6431, f_score_non_zero:0.5974, acc2:0.6823, f_score:0.6510
epoch:57, train_loss:2.0970, valid_mse:1.1046, valid_mae:0.7964, test_acc2:0.6883
current mae:0.8509, current corr:0.1993, acc7:0.3896, acc5:0.3896,acc2_non_zero:0.6442, f_score_non_zero:0.5882, acc2:0.6883, f_score:0.6479
epoch:58, train_loss:2.0924, valid_mse:1.0776, valid_mae:0.7837, test_acc2:0.6812
current mae:0.8396, current corr:0.1994, acc7:0.3972, acc5:0.3972,acc2_non_zero:0.6448, f_score_non_zero:0.6035, acc2:0.6812, f_score:0.6538
epoch:59, train_loss:2.0901, valid_mse:1.0700, valid_mae:0.7807, test_acc2:0.6703
current mae:0.8383, current corr:0.2123, acc7:0.3982, acc5:0.3982,acc2_non_zero:0.6387, f_score_non_zero:0.6025, acc2:0.6703, f_score:0.6483
epoch:60, train_loss:2.0884, valid_mse:1.0828, valid_mae:0.7863, test_acc2:0.6804
current mae:0.8436, current corr:0.1905, acc7:0.3911, acc5:0.3911,acc2_non_zero:0.6431, f_score_non_zero:0.6013, acc2:0.6804, f_score:0.6525
epoch:61, train_loss:2.0878, valid_mse:1.0524, valid_mae:0.7767, test_acc2:0.6481
current mae:0.8361, current corr:0.2003, acc7:0.4004, acc5:0.4004,acc2_non_zero:0.6273, f_score_non_zero:0.6070, acc2:0.6481, f_score:0.6411
epoch:62, train_loss:2.0762, valid_mse:1.0686, valid_mae:0.7847, test_acc2:0.6741
current mae:0.8430, current corr:0.2032, acc7:0.3918, acc5:0.3918,acc2_non_zero:0.6392, f_score_non_zero:0.6043, acc2:0.6741, f_score:0.6523
epoch:63, train_loss:2.0691, valid_mse:1.0758, valid_mae:0.7865, test_acc2:0.6821
current mae:0.8449, current corr:0.1968, acc7:0.3935, acc5:0.3935,acc2_non_zero:0.6423, f_score_non_zero:0.5979, acc2:0.6821, f_score:0.6517
epoch:64, train_loss:2.0688, valid_mse:1.1048, valid_mae:0.7964, test_acc2:0.6827
current mae:0.8483, current corr:0.1885, acc7:0.3931, acc5:0.3931,acc2_non_zero:0.6442, f_score_non_zero:0.5974, acc2:0.6827, f_score:0.6507
epoch:65, train_loss:2.0636, valid_mse:1.0843, valid_mae:0.7901, test_acc2:0.6843
current mae:0.8480, current corr:0.2022, acc7:0.3922, acc5:0.3922,acc2_non_zero:0.6461, f_score_non_zero:0.6005, acc2:0.6843, f_score:0.6530
epoch:66, train_loss:2.0599, valid_mse:1.0715, valid_mae:0.7849, test_acc2:0.6728
current mae:0.8430, current corr:0.1846, acc7:0.3928, acc5:0.3928,acc2_non_zero:0.6376, f_score_non_zero:0.6005, acc2:0.6728, f_score:0.6494
epoch:67, train_loss:2.0593, valid_mse:1.0719, valid_mae:0.7831, test_acc2:0.6509
current mae:0.8413, current corr:0.1923, acc7:0.4002, acc5:0.4002,acc2_non_zero:0.6276, f_score_non_zero:0.6045, acc2:0.6509, f_score:0.6413
epoch:68, train_loss:2.0508, valid_mse:1.0965, valid_mae:0.7954, test_acc2:0.6797
current mae:0.8527, current corr:0.1969, acc7:0.3894, acc5:0.3894,acc2_non_zero:0.6420, f_score_non_zero:0.5985, acc2:0.6797, f_score:0.6505
epoch:69, train_loss:2.0497, valid_mse:1.0838, valid_mae:0.7922, test_acc2:0.6623
current mae:0.8512, current corr:0.1937, acc7:0.3900, acc5:0.3900,acc2_non_zero:0.6318, f_score_non_zero:0.6019, acc2:0.6623, f_score:0.6458
epoch:70, train_loss:2.0477, valid_mse:1.0845, valid_mae:0.7898, test_acc2:0.6623
current mae:0.8451, current corr:0.1934, acc7:0.3956, acc5:0.3956,acc2_non_zero:0.6334, f_score_non_zero:0.6038, acc2:0.6623, f_score:0.6463
epoch:71, train_loss:2.0398, valid_mse:1.0784, valid_mae:0.7890, test_acc2:0.6558
current mae:0.8454, current corr:0.1861, acc7:0.3894, acc5:0.3894,acc2_non_zero:0.6326, f_score_non_zero:0.6087, acc2:0.6558, f_score:0.6453
epoch:72, train_loss:2.0379, valid_mse:1.0916, valid_mae:0.7937, test_acc2:0.6692
current mae:0.8526, current corr:0.1770, acc7:0.3875, acc5:0.3875,acc2_non_zero:0.6307, f_score_non_zero:0.5946, acc2:0.6692, f_score:0.6462
epoch:73, train_loss:2.0376, valid_mse:1.1168, valid_mae:0.8073, test_acc2:0.6797
current mae:0.8605, current corr:0.1793, acc7:0.3799, acc5:0.3799,acc2_non_zero:0.6398, f_score_non_zero:0.5958, acc2:0.6797, f_score:0.6498
epoch:74, train_loss:2.0288, valid_mse:1.1028, valid_mae:0.7994, test_acc2:0.6659
current mae:0.8570, current corr:0.1808, acc7:0.3864, acc5:0.3864,acc2_non_zero:0.6287, f_score_non_zero:0.5919, acc2:0.6659, f_score:0.6429
epoch:75, train_loss:2.0256, valid_mse:1.1440, valid_mae:0.8178, test_acc2:0.6580
current mae:0.8652, current corr:0.1677, acc7:0.3786, acc5:0.3786,acc2_non_zero:0.6215, f_score_non_zero:0.5911, acc2:0.6580, f_score:0.6404
epoch:76, train_loss:2.0242, valid_mse:1.1354, valid_mae:0.8154, test_acc2:0.6726
current mae:0.8662, current corr:0.1805, acc7:0.3756, acc5:0.3756,acc2_non_zero:0.6348, f_score_non_zero:0.5980, acc2:0.6726, f_score:0.6490
epoch:77, train_loss:2.0138, valid_mse:1.0986, valid_mae:0.7971, test_acc2:0.6494
current mae:0.8512, current corr:0.1758, acc7:0.3885, acc5:0.3885,acc2_non_zero:0.6260, f_score_non_zero:0.6036, acc2:0.6494, f_score:0.6404
epoch:78, train_loss:2.0116, valid_mse:1.1050, valid_mae:0.8014, test_acc2:0.6599
current mae:0.8517, current corr:0.1773, acc7:0.3872, acc5:0.3872,acc2_non_zero:0.6287, f_score_non_zero:0.6010, acc2:0.6599, f_score:0.6451
epoch:79, train_loss:1.9984, valid_mse:1.1194, valid_mae:0.8078, test_acc2:0.6565
current mae:0.8618, current corr:0.1713, acc7:0.3786, acc5:0.3786,acc2_non_zero:0.6271, f_score_non_zero:0.6039, acc2:0.6565, f_score:0.6456
epoch:80, train_loss:1.9952, valid_mse:1.1224, valid_mae:0.8081, test_acc2:0.6668
current mae:0.8625, current corr:0.1704, acc7:0.3782, acc5:0.3782,acc2_non_zero:0.6271, f_score_non_zero:0.5906, acc2:0.6668, f_score:0.6435
epoch:81, train_loss:1.9815, valid_mse:1.1165, valid_mae:0.8070, test_acc2:0.6642
current mae:0.8613, current corr:0.1742, acc7:0.3797, acc5:0.3797,acc2_non_zero:0.6268, f_score_non_zero:0.5930, acc2:0.6642, f_score:0.6435
epoch:82, train_loss:1.9765, valid_mse:1.1319, valid_mae:0.8111, test_acc2:0.6683
current mae:0.8630, current corr:0.1701, acc7:0.3808, acc5:0.3808,acc2_non_zero:0.6279, f_score_non_zero:0.5885, acc2:0.6683, f_score:0.6426
epoch:83, train_loss:1.9835, valid_mse:1.1088, valid_mae:0.8044, test_acc2:0.6675
current mae:0.8615, current corr:0.1729, acc7:0.3812, acc5:0.3812,acc2_non_zero:0.6285, f_score_non_zero:0.5917, acc2:0.6675, f_score:0.6440
epoch:84, train_loss:1.9835, valid_mse:1.1199, valid_mae:0.8075, test_acc2:0.6623
current mae:0.8615, current corr:0.1720, acc7:0.3810, acc5:0.3810,acc2_non_zero:0.6251, f_score_non_zero:0.5912, acc2:0.6623, f_score:0.6417
epoch:85, train_loss:1.9821, valid_mse:1.1081, valid_mae:0.8034, test_acc2:0.6634
current mae:0.8593, current corr:0.1726, acc7:0.3814, acc5:0.3814,acc2_non_zero:0.6296, f_score_non_zero:0.5995, acc2:0.6634, f_score:0.6461
epoch:86, train_loss:1.9846, valid_mse:1.1084, valid_mae:0.8029, test_acc2:0.6595
current mae:0.8602, current corr:0.1706, acc7:0.3797, acc5:0.3797,acc2_non_zero:0.6251, f_score_non_zero:0.5957, acc2:0.6595, f_score:0.6429
epoch:87, train_loss:1.9835, valid_mse:1.1201, valid_mae:0.8083, test_acc2:0.6642
current mae:0.8613, current corr:0.1711, acc7:0.3816, acc5:0.3816,acc2_non_zero:0.6287, f_score_non_zero:0.5952, acc2:0.6642, f_score:0.6441
epoch:88, train_loss:1.9823, valid_mse:1.1232, valid_mae:0.8094, test_acc2:0.6638
current mae:0.8626, current corr:0.1682, acc7:0.3804, acc5:0.3804,acc2_non_zero:0.6260, f_score_non_zero:0.5924, acc2:0.6638, f_score:0.6432
epoch:89, train_loss:1.9742, valid_mse:1.1292, valid_mae:0.8118, test_acc2:0.6649
current mae:0.8629, current corr:0.1728, acc7:0.3806, acc5:0.3806,acc2_non_zero:0.6279, f_score_non_zero:0.5942, acc2:0.6649, f_score:0.6443
epoch:90, train_loss:1.9798, valid_mse:1.1232, valid_mae:0.8070, test_acc2:0.6603
current mae:0.8604, current corr:0.1682, acc7:0.3801, acc5:0.3801,acc2_non_zero:0.6260, f_score_non_zero:0.5962, acc2:0.6603, f_score:0.6434
epoch:91, train_loss:1.9749, valid_mse:1.1245, valid_mae:0.8097, test_acc2:0.6621
current mae:0.8618, current corr:0.1664, acc7:0.3821, acc5:0.3821,acc2_non_zero:0.6265, f_score_non_zero:0.5943, acc2:0.6621, f_score:0.6430
epoch:92, train_loss:1.9682, valid_mse:1.1234, valid_mae:0.8075, test_acc2:0.6558
current mae:0.8616, current corr:0.1655, acc7:0.3797, acc5:0.3797,acc2_non_zero:0.6238, f_score_non_zero:0.5971, acc2:0.6558, f_score:0.6419
epoch:93, train_loss:1.9796, valid_mse:1.1337, valid_mae:0.8123, test_acc2:0.6621
current mae:0.8637, current corr:0.1643, acc7:0.3806, acc5:0.3806,acc2_non_zero:0.6260, f_score_non_zero:0.5939, acc2:0.6621, f_score:0.6430
epoch:94, train_loss:1.9758, valid_mse:1.1253, valid_mae:0.8098, test_acc2:0.6591
current mae:0.8640, current corr:0.1634, acc7:0.3788, acc5:0.3788,acc2_non_zero:0.6229, f_score_non_zero:0.5925, acc2:0.6591, f_score:0.6415
epoch:95, train_loss:1.9787, valid_mse:1.1263, valid_mae:0.8094, test_acc2:0.6543
current mae:0.8625, current corr:0.1597, acc7:0.3804, acc5:0.3804,acc2_non_zero:0.6213, f_score_non_zero:0.5948, acc2:0.6543, f_score:0.6405
epoch:96, train_loss:1.9778, valid_mse:1.1293, valid_mae:0.8115, test_acc2:0.6631
current mae:0.8649, current corr:0.1674, acc7:0.3806, acc5:0.3806,acc2_non_zero:0.6265, f_score_non_zero:0.5935, acc2:0.6631, f_score:0.6432
epoch:97, train_loss:1.9708, valid_mse:1.1299, valid_mae:0.8126, test_acc2:0.6582
current mae:0.8648, current corr:0.1642, acc7:0.3786, acc5:0.3786,acc2_non_zero:0.6229, f_score_non_zero:0.5917, acc2:0.6582, f_score:0.6402
epoch:98, train_loss:1.9724, valid_mse:1.1225, valid_mae:0.8091, test_acc2:0.6603
current mae:0.8650, current corr:0.1648, acc7:0.3791, acc5:0.3791,acc2_non_zero:0.6238, f_score_non_zero:0.5910, acc2:0.6603, f_score:0.6408
epoch:99, train_loss:1.9739, valid_mse:1.1262, valid_mae:0.8104, test_acc2:0.6599
current mae:0.8655, current corr:0.1676, acc7:0.3788, acc5:0.3788,acc2_non_zero:0.6246, f_score_non_zero:0.5921, acc2:0.6599, f_score:0.6409
Loading best model from epoch 19 by acc2=0.7051 for analysis export.
Analysis files exported to: /data01/lyw/GLoMo/experiments/mosei_visual_only_seed5576/analysis
  predictions: /data01/lyw/GLoMo/experiments/mosei_visual_only_seed5576/analysis/predictions.csv
  repr: /data01/lyw/GLoMo/experiments/mosei_visual_only_seed5576/analysis/repr.npz
  repr meta: /data01/lyw/GLoMo/experiments/mosei_visual_only_seed5576/analysis/repr_meta.json
  cases: /data01/lyw/GLoMo/experiments/mosei_visual_only_seed5576/analysis/cases.csv
Metrics summary saved to: /data01/lyw/GLoMo/experiments/mosei_visual_only_seed5576/metrics.json
Total runtime: 8522260.44869423 ms
