Seed: 5576
Command script saved to: /data01/lyw/GLoMo/experiments/urfunny_only_fusion_weak_seed5576/command.sh
total parameter for the model:  113169528
epoch:0, train_loss:0.6785, valid_loss:0.6618, test_acc:0.6539
current acc2:0.6539, f_weighted:0.6539, f_average:0.6539
Saved best model at epoch 0 by acc2=0.6539 -> /data01/lyw/GLoMo/experiments/urfunny_only_fusion_weak_seed5576/best_model.pt
epoch:1, train_loss:0.6284, valid_loss:0.6139, test_acc:0.6922
current acc2:0.6922, f_weighted:0.6952, f_average:0.6922
Saved best model at epoch 1 by acc2=0.6922 -> /data01/lyw/GLoMo/experiments/urfunny_only_fusion_weak_seed5576/best_model.pt
epoch:2, train_loss:0.5565, valid_loss:0.5954, test_acc:0.7133
current acc2:0.7133, f_weighted:0.7137, f_average:0.7133
Saved best model at epoch 2 by acc2=0.7133 -> /data01/lyw/GLoMo/experiments/urfunny_only_fusion_weak_seed5576/best_model.pt
epoch:3, train_loss:0.4885, valid_loss:0.6278, test_acc:0.7052
current acc2:0.7052, f_weighted:0.7052, f_average:0.7052
epoch:4, train_loss:0.4488, valid_loss:0.6332, test_acc:0.7163
current acc2:0.7163, f_weighted:0.7228, f_average:0.7163
Saved best model at epoch 4 by acc2=0.7163 -> /data01/lyw/GLoMo/experiments/urfunny_only_fusion_weak_seed5576/best_model.pt
epoch:5, train_loss:0.3968, valid_loss:0.6620, test_acc:0.7133
current acc2:0.7133, f_weighted:0.7133, f_average:0.7133
epoch:6, train_loss:0.3475, valid_loss:0.7010, test_acc:0.7133
current acc2:0.7133, f_weighted:0.7135, f_average:0.7133
epoch:7, train_loss:0.2960, valid_loss:0.7446, test_acc:0.7123
current acc2:0.7123, f_weighted:0.7126, f_average:0.7123
epoch:8, train_loss:0.2495, valid_loss:0.7633, test_acc:0.7062
current acc2:0.7062, f_weighted:0.7069, f_average:0.7062
epoch:9, train_loss:0.2145, valid_loss:0.8292, test_acc:0.7113
current acc2:0.7113, f_weighted:0.7114, f_average:0.7113
epoch:10, train_loss:0.1898, valid_loss:0.8384, test_acc:0.7163
current acc2:0.7163, f_weighted:0.7164, f_average:0.7163
epoch:11, train_loss:0.1636, valid_loss:0.9092, test_acc:0.7233
current acc2:0.7233, f_weighted:0.7236, f_average:0.7233
Saved best model at epoch 11 by acc2=0.7233 -> /data01/lyw/GLoMo/experiments/urfunny_only_fusion_weak_seed5576/best_model.pt
epoch:12, train_loss:0.1461, valid_loss:0.9674, test_acc:0.7173
current acc2:0.7173, f_weighted:0.7177, f_average:0.7173
epoch:13, train_loss:0.1226, valid_loss:1.0452, test_acc:0.7072
current acc2:0.7072, f_weighted:0.7077, f_average:0.7072
epoch:14, train_loss:0.1247, valid_loss:0.9367, test_acc:0.7153
current acc2:0.7153, f_weighted:0.7162, f_average:0.7153
epoch:15, train_loss:0.1075, valid_loss:1.0264, test_acc:0.7223
current acc2:0.7223, f_weighted:0.7223, f_average:0.7223
epoch:16, train_loss:0.0947, valid_loss:1.1356, test_acc:0.7052
current acc2:0.7052, f_weighted:0.7062, f_average:0.7052
epoch:17, train_loss:0.0867, valid_loss:1.1368, test_acc:0.7203
current acc2:0.7203, f_weighted:0.7205, f_average:0.7203
epoch:18, train_loss:0.0736, valid_loss:1.1590, test_acc:0.7213
current acc2:0.7213, f_weighted:0.7218, f_average:0.7213
epoch:19, train_loss:0.0673, valid_loss:1.2798, test_acc:0.7183
current acc2:0.7183, f_weighted:0.7210, f_average:0.7183
Metrics summary saved to: /data01/lyw/GLoMo/experiments/urfunny_only_fusion_weak_seed5576/metrics.json
