Using device: cuda:0, visible GPUs: 6
GPU name: NVIDIA GeForce RTX 3090
Seed: 5576
Command script saved to: /data01/lyw/GLoMo/experiments/mosi_audio_visual_seed5576/command.sh
train labels: n=1281 min=-3.000 max=3.000 mean=0.235 std=1.509
dev labels: n=229 min=-3.000 max=3.000 mean=0.310 std=1.649
test labels: n=685 min=-3.000 max=3.000 mean=-0.315 std=1.588
BERT load: missing=3 unexpected=10
BERT missing keys (first 5): ['linear1.weight', 'linear1.bias', 'proj_l.weight']
BERT unexpected keys (first 5): ['pooler.dense.weight', 'pooler.dense.bias', 'cls.predictions.bias', 'cls.predictions.transform.dense.weight', 'cls.predictions.transform.dense.bias']
conv audio std 0.03853662312030792
conv video std 0.048298776149749756
total parameter for the model:  111150839
epoch:0, train_loss:3.2641, valid_mse:2.7973, valid_mae:1.4331, test_acc2:0.4818
current mae:1.4177, current corr:-0.0220, acc7:0.1547, acc5:0.1547,acc2_non_zero:0.4809, f_score_non_zero:0.4794, acc2:0.4818, f_score:0.4790
Saved best model at epoch 0 by acc2=0.4818 -> /data01/lyw/GLoMo/experiments/mosi_audio_visual_seed5576/best_model.pt
epoch:1, train_loss:3.2563, valid_mse:2.7901, valid_mae:1.4314, test_acc2:0.4482
current mae:1.4210, current corr:-0.0134, acc7:0.1547, acc5:0.1547,acc2_non_zero:0.4260, f_score_non_zero:0.2874, acc2:0.4482, f_score:0.3105
epoch:2, train_loss:3.2387, valid_mse:2.7974, valid_mae:1.4372, test_acc2:0.4482
current mae:1.4245, current corr:-0.0098, acc7:0.1547, acc5:0.1547,acc2_non_zero:0.4229, f_score_non_zero:0.2514, acc2:0.4482, f_score:0.2774
epoch:3, train_loss:3.2325, valid_mse:2.7863, valid_mae:1.4360, test_acc2:0.4482
current mae:1.4279, current corr:-0.0039, acc7:0.1547, acc5:0.1547,acc2_non_zero:0.4229, f_score_non_zero:0.2514, acc2:0.4482, f_score:0.2774
epoch:4, train_loss:3.2244, valid_mse:2.7587, valid_mae:1.4229, test_acc2:0.4482
current mae:1.4319, current corr:0.0036, acc7:0.1547, acc5:0.1547,acc2_non_zero:0.4229, f_score_non_zero:0.2514, acc2:0.4482, f_score:0.2774
epoch:5, train_loss:3.2259, valid_mse:2.7524, valid_mae:1.4285, test_acc2:0.4482
current mae:1.4350, current corr:0.0156, acc7:0.1547, acc5:0.1547,acc2_non_zero:0.4229, f_score_non_zero:0.2514, acc2:0.4482, f_score:0.2774
epoch:6, train_loss:3.2035, valid_mse:2.7327, valid_mae:1.4198, test_acc2:0.4482
current mae:1.4385, current corr:0.0214, acc7:0.1547, acc5:0.1547,acc2_non_zero:0.4229, f_score_non_zero:0.2514, acc2:0.4482, f_score:0.2774
epoch:7, train_loss:3.2081, valid_mse:2.7499, valid_mae:1.4261, test_acc2:0.4482
current mae:1.4404, current corr:0.0286, acc7:0.1547, acc5:0.1547,acc2_non_zero:0.4229, f_score_non_zero:0.2514, acc2:0.4482, f_score:0.2774
epoch:8, train_loss:3.1994, valid_mse:2.7810, valid_mae:1.4341, test_acc2:0.4482
current mae:1.4448, current corr:0.0368, acc7:0.1547, acc5:0.1547,acc2_non_zero:0.4229, f_score_non_zero:0.2514, acc2:0.4482, f_score:0.2774
epoch:9, train_loss:3.1786, valid_mse:2.7674, valid_mae:1.4303, test_acc2:0.4482
current mae:1.4492, current corr:0.0468, acc7:0.1547, acc5:0.1547,acc2_non_zero:0.4229, f_score_non_zero:0.2514, acc2:0.4482, f_score:0.2774
epoch:10, train_loss:3.1488, valid_mse:2.7371, valid_mae:1.4245, test_acc2:0.4482
current mae:1.4509, current corr:0.0477, acc7:0.1547, acc5:0.1547,acc2_non_zero:0.4229, f_score_non_zero:0.2514, acc2:0.4482, f_score:0.2774
epoch:11, train_loss:3.1466, valid_mse:2.7508, valid_mae:1.4262, test_acc2:0.4482
current mae:1.4547, current corr:0.0520, acc7:0.1547, acc5:0.1547,acc2_non_zero:0.4229, f_score_non_zero:0.2514, acc2:0.4482, f_score:0.2774
epoch:12, train_loss:3.1569, valid_mse:2.6935, valid_mae:1.4064, test_acc2:0.4482
current mae:1.4544, current corr:0.0561, acc7:0.1547, acc5:0.1547,acc2_non_zero:0.4229, f_score_non_zero:0.2514, acc2:0.4482, f_score:0.2774
epoch:13, train_loss:3.1467, valid_mse:2.6909, valid_mae:1.4026, test_acc2:0.4482
current mae:1.4565, current corr:0.0586, acc7:0.1547, acc5:0.1547,acc2_non_zero:0.4229, f_score_non_zero:0.2514, acc2:0.4482, f_score:0.2774
epoch:14, train_loss:3.1459, valid_mse:2.7216, valid_mae:1.4149, test_acc2:0.4482
current mae:1.4551, current corr:0.0648, acc7:0.1547, acc5:0.1547,acc2_non_zero:0.4229, f_score_non_zero:0.2514, acc2:0.4482, f_score:0.2774
epoch:15, train_loss:3.1471, valid_mse:2.7203, valid_mae:1.4158, test_acc2:0.4482
current mae:1.4554, current corr:0.0692, acc7:0.1547, acc5:0.1547,acc2_non_zero:0.4229, f_score_non_zero:0.2514, acc2:0.4482, f_score:0.2774
epoch:16, train_loss:3.1238, valid_mse:2.7484, valid_mae:1.4215, test_acc2:0.4482
current mae:1.4555, current corr:0.0724, acc7:0.1547, acc5:0.1547,acc2_non_zero:0.4229, f_score_non_zero:0.2514, acc2:0.4482, f_score:0.2774
epoch:17, train_loss:3.1247, valid_mse:2.7217, valid_mae:1.4171, test_acc2:0.4482
current mae:1.4552, current corr:0.0742, acc7:0.1547, acc5:0.1547,acc2_non_zero:0.4229, f_score_non_zero:0.2514, acc2:0.4482, f_score:0.2774
epoch:18, train_loss:3.1118, valid_mse:2.7448, valid_mae:1.4255, test_acc2:0.4482
current mae:1.4586, current corr:0.0786, acc7:0.1547, acc5:0.1547,acc2_non_zero:0.4229, f_score_non_zero:0.2514, acc2:0.4482, f_score:0.2774
epoch:19, train_loss:3.1262, valid_mse:2.7256, valid_mae:1.4172, test_acc2:0.4482
current mae:1.4540, current corr:0.0787, acc7:0.1547, acc5:0.1547,acc2_non_zero:0.4229, f_score_non_zero:0.2514, acc2:0.4482, f_score:0.2774
epoch:20, train_loss:3.1256, valid_mse:2.7425, valid_mae:1.4237, test_acc2:0.4482
current mae:1.4532, current corr:0.0739, acc7:0.1547, acc5:0.1547,acc2_non_zero:0.4229, f_score_non_zero:0.2514, acc2:0.4482, f_score:0.2774
epoch:21, train_loss:3.1010, valid_mse:2.7093, valid_mae:1.4086, test_acc2:0.4482
current mae:1.4572, current corr:0.0769, acc7:0.1547, acc5:0.1547,acc2_non_zero:0.4229, f_score_non_zero:0.2514, acc2:0.4482, f_score:0.2774
epoch:22, train_loss:3.1037, valid_mse:2.7249, valid_mae:1.4158, test_acc2:0.4482
current mae:1.4592, current corr:0.0805, acc7:0.1547, acc5:0.1547,acc2_non_zero:0.4229, f_score_non_zero:0.2514, acc2:0.4482, f_score:0.2774
epoch:23, train_loss:3.1026, valid_mse:2.7091, valid_mae:1.4130, test_acc2:0.4482
current mae:1.4616, current corr:0.0828, acc7:0.1547, acc5:0.1547,acc2_non_zero:0.4229, f_score_non_zero:0.2514, acc2:0.4482, f_score:0.2774
epoch:24, train_loss:3.0919, valid_mse:2.6827, valid_mae:1.4026, test_acc2:0.4482
current mae:1.4617, current corr:0.0832, acc7:0.1547, acc5:0.1547,acc2_non_zero:0.4229, f_score_non_zero:0.2514, acc2:0.4482, f_score:0.2774
epoch:25, train_loss:3.1060, valid_mse:2.7238, valid_mae:1.4206, test_acc2:0.4482
current mae:1.4572, current corr:0.0863, acc7:0.1547, acc5:0.1547,acc2_non_zero:0.4229, f_score_non_zero:0.2514, acc2:0.4482, f_score:0.2774
epoch:26, train_loss:3.1059, valid_mse:2.7446, valid_mae:1.4242, test_acc2:0.4482
current mae:1.4569, current corr:0.0859, acc7:0.1547, acc5:0.1547,acc2_non_zero:0.4229, f_score_non_zero:0.2514, acc2:0.4482, f_score:0.2774
epoch:27, train_loss:3.0931, valid_mse:2.7486, valid_mae:1.4262, test_acc2:0.4482
current mae:1.4541, current corr:0.0869, acc7:0.1547, acc5:0.1547,acc2_non_zero:0.4229, f_score_non_zero:0.2514, acc2:0.4482, f_score:0.2774
epoch:28, train_loss:3.0708, valid_mse:2.7730, valid_mae:1.4330, test_acc2:0.4482
current mae:1.4597, current corr:0.0881, acc7:0.1547, acc5:0.1547,acc2_non_zero:0.4229, f_score_non_zero:0.2514, acc2:0.4482, f_score:0.2774
epoch:29, train_loss:3.0878, valid_mse:2.7140, valid_mae:1.4133, test_acc2:0.4482
current mae:1.4633, current corr:0.0901, acc7:0.1547, acc5:0.1547,acc2_non_zero:0.4229, f_score_non_zero:0.2514, acc2:0.4482, f_score:0.2774
epoch:30, train_loss:3.0710, valid_mse:2.7182, valid_mae:1.4149, test_acc2:0.4482
current mae:1.4645, current corr:0.0880, acc7:0.1547, acc5:0.1547,acc2_non_zero:0.4229, f_score_non_zero:0.2514, acc2:0.4482, f_score:0.2774
epoch:31, train_loss:3.0889, valid_mse:2.6993, valid_mae:1.4099, test_acc2:0.4482
current mae:1.4589, current corr:0.0862, acc7:0.1547, acc5:0.1547,acc2_non_zero:0.4229, f_score_non_zero:0.2514, acc2:0.4482, f_score:0.2774
epoch:32, train_loss:3.0748, valid_mse:2.7295, valid_mae:1.4205, test_acc2:0.4482
current mae:1.4600, current corr:0.0852, acc7:0.1547, acc5:0.1547,acc2_non_zero:0.4229, f_score_non_zero:0.2514, acc2:0.4482, f_score:0.2774
epoch:33, train_loss:3.0610, valid_mse:2.7407, valid_mae:1.4209, test_acc2:0.4482
current mae:1.4594, current corr:0.0846, acc7:0.1547, acc5:0.1547,acc2_non_zero:0.4229, f_score_non_zero:0.2514, acc2:0.4482, f_score:0.2774
epoch:34, train_loss:3.0812, valid_mse:2.7484, valid_mae:1.4235, test_acc2:0.4482
current mae:1.4576, current corr:0.0857, acc7:0.1547, acc5:0.1547,acc2_non_zero:0.4229, f_score_non_zero:0.2514, acc2:0.4482, f_score:0.2774
epoch:35, train_loss:3.0790, valid_mse:2.7435, valid_mae:1.4251, test_acc2:0.4482
current mae:1.4548, current corr:0.0859, acc7:0.1547, acc5:0.1547,acc2_non_zero:0.4229, f_score_non_zero:0.2514, acc2:0.4482, f_score:0.2774
epoch:36, train_loss:3.0800, valid_mse:2.7203, valid_mae:1.4195, test_acc2:0.4482
current mae:1.4560, current corr:0.0878, acc7:0.1547, acc5:0.1547,acc2_non_zero:0.4229, f_score_non_zero:0.2514, acc2:0.4482, f_score:0.2774
epoch:37, train_loss:3.0740, valid_mse:2.7007, valid_mae:1.4085, test_acc2:0.4482
current mae:1.4609, current corr:0.0882, acc7:0.1547, acc5:0.1547,acc2_non_zero:0.4229, f_score_non_zero:0.2514, acc2:0.4482, f_score:0.2774
epoch:38, train_loss:3.0625, valid_mse:2.7247, valid_mae:1.4167, test_acc2:0.4482
current mae:1.4605, current corr:0.0886, acc7:0.1547, acc5:0.1547,acc2_non_zero:0.4229, f_score_non_zero:0.2514, acc2:0.4482, f_score:0.2774
epoch:39, train_loss:3.0857, valid_mse:2.7372, valid_mae:1.4203, test_acc2:0.4482
current mae:1.4567, current corr:0.0898, acc7:0.1547, acc5:0.1547,acc2_non_zero:0.4229, f_score_non_zero:0.2514, acc2:0.4482, f_score:0.2774
epoch:40, train_loss:3.0587, valid_mse:2.7599, valid_mae:1.4282, test_acc2:0.4482
current mae:1.4590, current corr:0.0894, acc7:0.1547, acc5:0.1547,acc2_non_zero:0.4229, f_score_non_zero:0.2514, acc2:0.4482, f_score:0.2774
epoch:41, train_loss:3.0711, valid_mse:2.7487, valid_mae:1.4270, test_acc2:0.4482
current mae:1.4550, current corr:0.0891, acc7:0.1547, acc5:0.1547,acc2_non_zero:0.4229, f_score_non_zero:0.2514, acc2:0.4482, f_score:0.2774
epoch:42, train_loss:3.0653, valid_mse:2.7199, valid_mae:1.4162, test_acc2:0.4482
current mae:1.4529, current corr:0.0875, acc7:0.1547, acc5:0.1547,acc2_non_zero:0.4229, f_score_non_zero:0.2514, acc2:0.4482, f_score:0.2774
epoch:43, train_loss:3.0531, valid_mse:2.6998, valid_mae:1.4103, test_acc2:0.4482
current mae:1.4590, current corr:0.0869, acc7:0.1547, acc5:0.1547,acc2_non_zero:0.4229, f_score_non_zero:0.2514, acc2:0.4482, f_score:0.2774
epoch:44, train_loss:3.0731, valid_mse:2.6943, valid_mae:1.4095, test_acc2:0.4482
current mae:1.4595, current corr:0.0866, acc7:0.1547, acc5:0.1547,acc2_non_zero:0.4229, f_score_non_zero:0.2514, acc2:0.4482, f_score:0.2774
epoch:45, train_loss:3.0836, valid_mse:2.7255, valid_mae:1.4167, test_acc2:0.4482
current mae:1.4643, current corr:0.0868, acc7:0.1547, acc5:0.1547,acc2_non_zero:0.4229, f_score_non_zero:0.2514, acc2:0.4482, f_score:0.2774
epoch:46, train_loss:3.0706, valid_mse:2.6942, valid_mae:1.4084, test_acc2:0.4482
current mae:1.4602, current corr:0.0862, acc7:0.1547, acc5:0.1547,acc2_non_zero:0.4229, f_score_non_zero:0.2514, acc2:0.4482, f_score:0.2774
epoch:47, train_loss:3.0558, valid_mse:2.7255, valid_mae:1.4178, test_acc2:0.4482
current mae:1.4654, current corr:0.0859, acc7:0.1547, acc5:0.1547,acc2_non_zero:0.4229, f_score_non_zero:0.2514, acc2:0.4482, f_score:0.2774
epoch:48, train_loss:3.0769, valid_mse:2.6972, valid_mae:1.4089, test_acc2:0.4482
current mae:1.4602, current corr:0.0839, acc7:0.1547, acc5:0.1547,acc2_non_zero:0.4229, f_score_non_zero:0.2514, acc2:0.4482, f_score:0.2774
epoch:49, train_loss:3.0597, valid_mse:2.7220, valid_mae:1.4154, test_acc2:0.4467
current mae:1.4546, current corr:0.0838, acc7:0.1547, acc5:0.1547,acc2_non_zero:0.4214, f_score_non_zero:0.2507, acc2:0.4467, f_score:0.2768
epoch:50, train_loss:3.0398, valid_mse:2.6780, valid_mae:1.4015, test_acc2:0.4467
current mae:1.4571, current corr:0.0840, acc7:0.1547, acc5:0.1547,acc2_non_zero:0.4214, f_score_non_zero:0.2507, acc2:0.4467, f_score:0.2768
epoch:51, train_loss:3.0583, valid_mse:2.7217, valid_mae:1.4194, test_acc2:0.4467
current mae:1.4607, current corr:0.0841, acc7:0.1547, acc5:0.1547,acc2_non_zero:0.4214, f_score_non_zero:0.2507, acc2:0.4467, f_score:0.2768
epoch:52, train_loss:3.0648, valid_mse:2.7725, valid_mae:1.4299, test_acc2:0.4569
current mae:1.4528, current corr:0.0832, acc7:0.1547, acc5:0.1547,acc2_non_zero:0.4321, f_score_non_zero:0.2761, acc2:0.4569, f_score:0.3012
epoch:53, train_loss:3.0546, valid_mse:2.7279, valid_mae:1.4187, test_acc2:0.4555
current mae:1.4554, current corr:0.0841, acc7:0.1547, acc5:0.1547,acc2_non_zero:0.4305, f_score_non_zero:0.2754, acc2:0.4555, f_score:0.3005
epoch:54, train_loss:3.0567, valid_mse:2.7248, valid_mae:1.4147, test_acc2:0.4613
current mae:1.4541, current corr:0.0818, acc7:0.1547, acc5:0.1547,acc2_non_zero:0.4366, f_score_non_zero:0.2903, acc2:0.4613, f_score:0.3149
epoch:55, train_loss:3.0462, valid_mse:2.7356, valid_mae:1.4186, test_acc2:0.4715
current mae:1.4527, current corr:0.0808, acc7:0.1547, acc5:0.1547,acc2_non_zero:0.4473, f_score_non_zero:0.3139, acc2:0.4715, f_score:0.3376
epoch:56, train_loss:3.0274, valid_mse:2.7642, valid_mae:1.4239, test_acc2:0.4672
current mae:1.4536, current corr:0.0810, acc7:0.1533, acc5:0.1533,acc2_non_zero:0.4443, f_score_non_zero:0.3229, acc2:0.4672, f_score:0.3453
epoch:57, train_loss:3.0427, valid_mse:2.7578, valid_mae:1.4213, test_acc2:0.4847
current mae:1.4480, current corr:0.0804, acc7:0.1533, acc5:0.1533,acc2_non_zero:0.4656, f_score_non_zero:0.3708, acc2:0.4847, f_score:0.3896
Saved best model at epoch 57 by acc2=0.4847 -> /data01/lyw/GLoMo/experiments/mosi_audio_visual_seed5576/best_model.pt
epoch:58, train_loss:3.0383, valid_mse:2.7390, valid_mae:1.4155, test_acc2:0.4774
current mae:1.4543, current corr:0.0824, acc7:0.1518, acc5:0.1518,acc2_non_zero:0.4580, f_score_non_zero:0.3520, acc2:0.4774, f_score:0.3716
epoch:59, train_loss:3.0518, valid_mse:2.7217, valid_mae:1.4133, test_acc2:0.4949
current mae:1.4444, current corr:0.0803, acc7:0.1533, acc5:0.1533,acc2_non_zero:0.4763, f_score_non_zero:0.3983, acc2:0.4949, f_score:0.4159
Saved best model at epoch 59 by acc2=0.4949 -> /data01/lyw/GLoMo/experiments/mosi_audio_visual_seed5576/best_model.pt
epoch:60, train_loss:3.0382, valid_mse:2.7675, valid_mae:1.4258, test_acc2:0.4847
current mae:1.4536, current corr:0.0826, acc7:0.1489, acc5:0.1489,acc2_non_zero:0.4656, f_score_non_zero:0.3774, acc2:0.4847, f_score:0.3959
epoch:61, train_loss:3.0330, valid_mse:2.8015, valid_mae:1.4312, test_acc2:0.4949
current mae:1.4476, current corr:0.0823, acc7:0.1533, acc5:0.1533,acc2_non_zero:0.4763, f_score_non_zero:0.4041, acc2:0.4949, f_score:0.4215
epoch:62, train_loss:3.0224, valid_mse:2.7639, valid_mae:1.4229, test_acc2:0.4964
current mae:1.4503, current corr:0.0837, acc7:0.1504, acc5:0.1504,acc2_non_zero:0.4794, f_score_non_zero:0.4117, acc2:0.4964, f_score:0.4277
Saved best model at epoch 62 by acc2=0.4964 -> /data01/lyw/GLoMo/experiments/mosi_audio_visual_seed5576/best_model.pt
epoch:63, train_loss:3.0236, valid_mse:2.7710, valid_mae:1.4212, test_acc2:0.5095
current mae:1.4430, current corr:0.0815, acc7:0.1504, acc5:0.1504,acc2_non_zero:0.4962, f_score_non_zero:0.4511, acc2:0.5095, f_score:0.4634
Saved best model at epoch 63 by acc2=0.5095 -> /data01/lyw/GLoMo/experiments/mosi_audio_visual_seed5576/best_model.pt
epoch:64, train_loss:2.9974, valid_mse:2.8090, valid_mae:1.4320, test_acc2:0.5124
current mae:1.4430, current corr:0.0825, acc7:0.1518, acc5:0.1518,acc2_non_zero:0.4992, f_score_non_zero:0.4575, acc2:0.5124, f_score:0.4695
Saved best model at epoch 64 by acc2=0.5124 -> /data01/lyw/GLoMo/experiments/mosi_audio_visual_seed5576/best_model.pt
epoch:65, train_loss:3.0244, valid_mse:2.7676, valid_mae:1.4145, test_acc2:0.5080
current mae:1.4501, current corr:0.0856, acc7:0.1577, acc5:0.1577,acc2_non_zero:0.4931, f_score_non_zero:0.4435, acc2:0.5080, f_score:0.4571
epoch:66, train_loss:2.9914, valid_mse:2.8051, valid_mae:1.4246, test_acc2:0.5168
current mae:1.4393, current corr:0.0826, acc7:0.1547, acc5:0.1547,acc2_non_zero:0.5053, f_score_non_zero:0.4774, acc2:0.5168, f_score:0.4874
Saved best model at epoch 66 by acc2=0.5168 -> /data01/lyw/GLoMo/experiments/mosi_audio_visual_seed5576/best_model.pt
epoch:67, train_loss:2.9988, valid_mse:2.7981, valid_mae:1.4249, test_acc2:0.5212
current mae:1.4400, current corr:0.0833, acc7:0.1606, acc5:0.1606,acc2_non_zero:0.5099, f_score_non_zero:0.4842, acc2:0.5212, f_score:0.4939
Saved best model at epoch 67 by acc2=0.5212 -> /data01/lyw/GLoMo/experiments/mosi_audio_visual_seed5576/best_model.pt
epoch:68, train_loss:3.0099, valid_mse:2.7820, valid_mae:1.4150, test_acc2:0.5241
current mae:1.4422, current corr:0.0848, acc7:0.1693, acc5:0.1693,acc2_non_zero:0.5130, f_score_non_zero:0.4874, acc2:0.5241, f_score:0.4970
Saved best model at epoch 68 by acc2=0.5241 -> /data01/lyw/GLoMo/experiments/mosi_audio_visual_seed5576/best_model.pt
epoch:69, train_loss:3.0015, valid_mse:2.7884, valid_mae:1.4171, test_acc2:0.5270
current mae:1.4378, current corr:0.0830, acc7:0.1664, acc5:0.1664,acc2_non_zero:0.5206, f_score_non_zero:0.5051, acc2:0.5270, f_score:0.5102
Saved best model at epoch 69 by acc2=0.5270 -> /data01/lyw/GLoMo/experiments/mosi_audio_visual_seed5576/best_model.pt
Loading best model from epoch 69 by acc2=0.5270 for analysis export.
Analysis files exported to: /data01/lyw/GLoMo/experiments/mosi_audio_visual_seed5576/analysis
  predictions: /data01/lyw/GLoMo/experiments/mosi_audio_visual_seed5576/analysis/predictions.csv
  repr: /data01/lyw/GLoMo/experiments/mosi_audio_visual_seed5576/analysis/repr.npz
  repr meta: /data01/lyw/GLoMo/experiments/mosi_audio_visual_seed5576/analysis/repr_meta.json
  cases: /data01/lyw/GLoMo/experiments/mosi_audio_visual_seed5576/analysis/cases.csv
Metrics summary saved to: /data01/lyw/GLoMo/experiments/mosi_audio_visual_seed5576/metrics.json
Total runtime: 222702.05211639404 ms
