Using device: cuda:0, visible GPUs: 7
GPU name: NVIDIA GeForce RTX 3090
Seed: 5576
Command script saved to: /data01/lyw/GLoMo/experiments/mosi_audio_only_seed5576/command.sh
train labels: n=1281 min=-3.000 max=3.000 mean=0.235 std=1.509
dev labels: n=229 min=-3.000 max=3.000 mean=0.310 std=1.649
test labels: n=685 min=-3.000 max=3.000 mean=-0.315 std=1.588
BERT load: missing=3 unexpected=10
BERT missing keys (first 5): ['linear1.weight', 'linear1.bias', 'proj_l.weight']
BERT unexpected keys (first 5): ['pooler.dense.weight', 'pooler.dense.bias', 'cls.predictions.bias', 'cls.predictions.transform.dense.weight', 'cls.predictions.transform.dense.bias']
conv audio std 0.03853662312030792
conv video std 0.048298776149749756
total parameter for the model:  111150839
epoch:0, train_loss:3.2664, valid_mse:2.7896, valid_mae:1.4315, test_acc2:0.4467
current mae:1.4199, current corr:0.0057, acc7:0.1547, acc5:0.1547,acc2_non_zero:0.4229, f_score_non_zero:0.2742, acc2:0.4467, f_score:0.2986
Saved best model at epoch 0 by acc2=0.4467 -> /data01/lyw/GLoMo/experiments/mosi_audio_only_seed5576/best_model.pt
epoch:1, train_loss:3.2601, valid_mse:2.7821, valid_mae:1.4301, test_acc2:0.4482
current mae:1.4240, current corr:0.0130, acc7:0.1547, acc5:0.1547,acc2_non_zero:0.4229, f_score_non_zero:0.2514, acc2:0.4482, f_score:0.2774
Saved best model at epoch 1 by acc2=0.4482 -> /data01/lyw/GLoMo/experiments/mosi_audio_only_seed5576/best_model.pt
epoch:2, train_loss:3.2401, valid_mse:2.7853, valid_mae:1.4351, test_acc2:0.4482
current mae:1.4294, current corr:0.0323, acc7:0.1547, acc5:0.1547,acc2_non_zero:0.4229, f_score_non_zero:0.2514, acc2:0.4482, f_score:0.2774
epoch:3, train_loss:3.2326, valid_mse:2.7737, valid_mae:1.4334, test_acc2:0.4482
current mae:1.4329, current corr:0.0357, acc7:0.1547, acc5:0.1547,acc2_non_zero:0.4229, f_score_non_zero:0.2514, acc2:0.4482, f_score:0.2774
epoch:4, train_loss:3.2242, valid_mse:2.7480, valid_mae:1.4208, test_acc2:0.4482
current mae:1.4371, current corr:0.0426, acc7:0.1547, acc5:0.1547,acc2_non_zero:0.4229, f_score_non_zero:0.2514, acc2:0.4482, f_score:0.2774
epoch:5, train_loss:3.2257, valid_mse:2.7406, valid_mae:1.4256, test_acc2:0.4482
current mae:1.4405, current corr:0.0637, acc7:0.1547, acc5:0.1547,acc2_non_zero:0.4229, f_score_non_zero:0.2514, acc2:0.4482, f_score:0.2774
epoch:6, train_loss:3.2028, valid_mse:2.7236, valid_mae:1.4173, test_acc2:0.4482
current mae:1.4434, current corr:0.0715, acc7:0.1547, acc5:0.1547,acc2_non_zero:0.4229, f_score_non_zero:0.2514, acc2:0.4482, f_score:0.2774
epoch:7, train_loss:3.2071, valid_mse:2.7420, valid_mae:1.4239, test_acc2:0.4482
current mae:1.4453, current corr:0.0776, acc7:0.1547, acc5:0.1547,acc2_non_zero:0.4229, f_score_non_zero:0.2514, acc2:0.4482, f_score:0.2774
epoch:8, train_loss:3.1987, valid_mse:2.7741, valid_mae:1.4320, test_acc2:0.4482
current mae:1.4497, current corr:0.0833, acc7:0.1547, acc5:0.1547,acc2_non_zero:0.4229, f_score_non_zero:0.2514, acc2:0.4482, f_score:0.2774
epoch:9, train_loss:3.1776, valid_mse:2.7607, valid_mae:1.4280, test_acc2:0.4482
current mae:1.4538, current corr:0.0935, acc7:0.1547, acc5:0.1547,acc2_non_zero:0.4229, f_score_non_zero:0.2514, acc2:0.4482, f_score:0.2774
epoch:10, train_loss:3.1485, valid_mse:2.7328, valid_mae:1.4231, test_acc2:0.4482
current mae:1.4544, current corr:0.0938, acc7:0.1547, acc5:0.1547,acc2_non_zero:0.4229, f_score_non_zero:0.2514, acc2:0.4482, f_score:0.2774
epoch:11, train_loss:3.1459, valid_mse:2.7479, valid_mae:1.4252, test_acc2:0.4482
current mae:1.4579, current corr:0.0940, acc7:0.1547, acc5:0.1547,acc2_non_zero:0.4229, f_score_non_zero:0.2514, acc2:0.4482, f_score:0.2774
epoch:12, train_loss:3.1569, valid_mse:2.6917, valid_mae:1.4058, test_acc2:0.4482
current mae:1.4567, current corr:0.0985, acc7:0.1547, acc5:0.1547,acc2_non_zero:0.4229, f_score_non_zero:0.2514, acc2:0.4482, f_score:0.2774
epoch:13, train_loss:3.1468, valid_mse:2.6894, valid_mae:1.4020, test_acc2:0.4482
current mae:1.4585, current corr:0.1020, acc7:0.1547, acc5:0.1547,acc2_non_zero:0.4229, f_score_non_zero:0.2514, acc2:0.4482, f_score:0.2774
epoch:14, train_loss:3.1456, valid_mse:2.7200, valid_mae:1.4142, test_acc2:0.4482
current mae:1.4568, current corr:0.1049, acc7:0.1547, acc5:0.1547,acc2_non_zero:0.4229, f_score_non_zero:0.2514, acc2:0.4482, f_score:0.2774
epoch:15, train_loss:3.1475, valid_mse:2.7176, valid_mae:1.4149, test_acc2:0.4482
current mae:1.4583, current corr:0.1055, acc7:0.1547, acc5:0.1547,acc2_non_zero:0.4229, f_score_non_zero:0.2514, acc2:0.4482, f_score:0.2774
epoch:16, train_loss:3.1244, valid_mse:2.7470, valid_mae:1.4208, test_acc2:0.4482
current mae:1.4575, current corr:0.1007, acc7:0.1547, acc5:0.1547,acc2_non_zero:0.4229, f_score_non_zero:0.2514, acc2:0.4482, f_score:0.2774
epoch:17, train_loss:3.1254, valid_mse:2.7196, valid_mae:1.4163, test_acc2:0.4482
current mae:1.4577, current corr:0.1038, acc7:0.1547, acc5:0.1547,acc2_non_zero:0.4229, f_score_non_zero:0.2514, acc2:0.4482, f_score:0.2774
epoch:18, train_loss:3.1124, valid_mse:2.7435, valid_mae:1.4249, test_acc2:0.4482
current mae:1.4606, current corr:0.1086, acc7:0.1547, acc5:0.1547,acc2_non_zero:0.4229, f_score_non_zero:0.2514, acc2:0.4482, f_score:0.2774
epoch:19, train_loss:3.1269, valid_mse:2.7229, valid_mae:1.4163, test_acc2:0.4482
current mae:1.4570, current corr:0.1093, acc7:0.1547, acc5:0.1547,acc2_non_zero:0.4229, f_score_non_zero:0.2514, acc2:0.4482, f_score:0.2774
epoch:20, train_loss:3.1264, valid_mse:2.7395, valid_mae:1.4228, test_acc2:0.4482
current mae:1.4570, current corr:0.1008, acc7:0.1547, acc5:0.1547,acc2_non_zero:0.4229, f_score_non_zero:0.2514, acc2:0.4482, f_score:0.2774
epoch:21, train_loss:3.1016, valid_mse:2.7075, valid_mae:1.4078, test_acc2:0.4482
current mae:1.4607, current corr:0.1063, acc7:0.1547, acc5:0.1547,acc2_non_zero:0.4229, f_score_non_zero:0.2514, acc2:0.4482, f_score:0.2774
epoch:22, train_loss:3.1045, valid_mse:2.7226, valid_mae:1.4149, test_acc2:0.4482
current mae:1.4623, current corr:0.1077, acc7:0.1547, acc5:0.1547,acc2_non_zero:0.4229, f_score_non_zero:0.2514, acc2:0.4482, f_score:0.2774
epoch:23, train_loss:3.1038, valid_mse:2.7073, valid_mae:1.4122, test_acc2:0.4482
current mae:1.4649, current corr:0.1098, acc7:0.1547, acc5:0.1547,acc2_non_zero:0.4229, f_score_non_zero:0.2514, acc2:0.4482, f_score:0.2774
epoch:24, train_loss:3.0932, valid_mse:2.6809, valid_mae:1.4018, test_acc2:0.4482
current mae:1.4657, current corr:0.1107, acc7:0.1547, acc5:0.1547,acc2_non_zero:0.4229, f_score_non_zero:0.2514, acc2:0.4482, f_score:0.2774
epoch:25, train_loss:3.1077, valid_mse:2.7212, valid_mae:1.4197, test_acc2:0.4482
current mae:1.4613, current corr:0.1083, acc7:0.1547, acc5:0.1547,acc2_non_zero:0.4229, f_score_non_zero:0.2514, acc2:0.4482, f_score:0.2774
epoch:26, train_loss:3.1075, valid_mse:2.7433, valid_mae:1.4235, test_acc2:0.4482
current mae:1.4600, current corr:0.1072, acc7:0.1547, acc5:0.1547,acc2_non_zero:0.4229, f_score_non_zero:0.2514, acc2:0.4482, f_score:0.2774
epoch:27, train_loss:3.0951, valid_mse:2.7457, valid_mae:1.4251, test_acc2:0.4482
current mae:1.4585, current corr:0.1071, acc7:0.1547, acc5:0.1547,acc2_non_zero:0.4229, f_score_non_zero:0.2514, acc2:0.4482, f_score:0.2774
epoch:28, train_loss:3.0718, valid_mse:2.7716, valid_mae:1.4322, test_acc2:0.4482
current mae:1.4630, current corr:0.1076, acc7:0.1547, acc5:0.1547,acc2_non_zero:0.4229, f_score_non_zero:0.2514, acc2:0.4482, f_score:0.2774
epoch:29, train_loss:3.0895, valid_mse:2.7123, valid_mae:1.4125, test_acc2:0.4482
current mae:1.4670, current corr:0.1115, acc7:0.1547, acc5:0.1547,acc2_non_zero:0.4229, f_score_non_zero:0.2514, acc2:0.4482, f_score:0.2774
epoch:30, train_loss:3.0728, valid_mse:2.7167, valid_mae:1.4141, test_acc2:0.4482
current mae:1.4686, current corr:0.1129, acc7:0.1547, acc5:0.1547,acc2_non_zero:0.4229, f_score_non_zero:0.2514, acc2:0.4482, f_score:0.2774
epoch:31, train_loss:3.0912, valid_mse:2.6971, valid_mae:1.4090, test_acc2:0.4482
current mae:1.4632, current corr:0.1102, acc7:0.1547, acc5:0.1547,acc2_non_zero:0.4229, f_score_non_zero:0.2514, acc2:0.4482, f_score:0.2774
epoch:32, train_loss:3.0770, valid_mse:2.7273, valid_mae:1.4194, test_acc2:0.4482
current mae:1.4649, current corr:0.1078, acc7:0.1547, acc5:0.1547,acc2_non_zero:0.4229, f_score_non_zero:0.2514, acc2:0.4482, f_score:0.2774
epoch:33, train_loss:3.0636, valid_mse:2.7375, valid_mae:1.4195, test_acc2:0.4482
current mae:1.4653, current corr:0.1096, acc7:0.1547, acc5:0.1547,acc2_non_zero:0.4229, f_score_non_zero:0.2514, acc2:0.4482, f_score:0.2774
epoch:34, train_loss:3.0844, valid_mse:2.7458, valid_mae:1.4224, test_acc2:0.4482
current mae:1.4618, current corr:0.1081, acc7:0.1547, acc5:0.1547,acc2_non_zero:0.4229, f_score_non_zero:0.2514, acc2:0.4482, f_score:0.2774
epoch:35, train_loss:3.0820, valid_mse:2.7399, valid_mae:1.4237, test_acc2:0.4482
current mae:1.4599, current corr:0.1077, acc7:0.1547, acc5:0.1547,acc2_non_zero:0.4229, f_score_non_zero:0.2514, acc2:0.4482, f_score:0.2774
epoch:36, train_loss:3.0829, valid_mse:2.7169, valid_mae:1.4181, test_acc2:0.4482
current mae:1.4627, current corr:0.1086, acc7:0.1547, acc5:0.1547,acc2_non_zero:0.4229, f_score_non_zero:0.2514, acc2:0.4482, f_score:0.2774
epoch:37, train_loss:3.0772, valid_mse:2.6991, valid_mae:1.4076, test_acc2:0.4482
current mae:1.4655, current corr:0.1074, acc7:0.1547, acc5:0.1547,acc2_non_zero:0.4229, f_score_non_zero:0.2514, acc2:0.4482, f_score:0.2774
epoch:38, train_loss:3.0663, valid_mse:2.7223, valid_mae:1.4154, test_acc2:0.4482
current mae:1.4662, current corr:0.1085, acc7:0.1547, acc5:0.1547,acc2_non_zero:0.4229, f_score_non_zero:0.2514, acc2:0.4482, f_score:0.2774
epoch:39, train_loss:3.0901, valid_mse:2.7342, valid_mae:1.4190, test_acc2:0.4482
current mae:1.4627, current corr:0.1081, acc7:0.1547, acc5:0.1547,acc2_non_zero:0.4229, f_score_non_zero:0.2514, acc2:0.4482, f_score:0.2774
epoch:40, train_loss:3.0633, valid_mse:2.7568, valid_mae:1.4268, test_acc2:0.4482
current mae:1.4669, current corr:0.1112, acc7:0.1547, acc5:0.1547,acc2_non_zero:0.4229, f_score_non_zero:0.2514, acc2:0.4482, f_score:0.2774
epoch:41, train_loss:3.0778, valid_mse:2.7435, valid_mae:1.4252, test_acc2:0.4482
current mae:1.4651, current corr:0.1068, acc7:0.1547, acc5:0.1547,acc2_non_zero:0.4229, f_score_non_zero:0.2514, acc2:0.4482, f_score:0.2774
epoch:42, train_loss:3.0709, valid_mse:2.7144, valid_mae:1.4145, test_acc2:0.4482
current mae:1.4629, current corr:0.1070, acc7:0.1547, acc5:0.1547,acc2_non_zero:0.4229, f_score_non_zero:0.2514, acc2:0.4482, f_score:0.2774
epoch:43, train_loss:3.0592, valid_mse:2.6961, valid_mae:1.4089, test_acc2:0.4482
current mae:1.4680, current corr:0.1117, acc7:0.1547, acc5:0.1547,acc2_non_zero:0.4229, f_score_non_zero:0.2514, acc2:0.4482, f_score:0.2774
epoch:44, train_loss:3.0797, valid_mse:2.6890, valid_mae:1.4073, test_acc2:0.4482
current mae:1.4717, current corr:0.1106, acc7:0.1547, acc5:0.1547,acc2_non_zero:0.4229, f_score_non_zero:0.2514, acc2:0.4482, f_score:0.2774
epoch:45, train_loss:3.0918, valid_mse:2.7227, valid_mae:1.4157, test_acc2:0.4482
current mae:1.4749, current corr:0.1121, acc7:0.1547, acc5:0.1547,acc2_non_zero:0.4229, f_score_non_zero:0.2514, acc2:0.4482, f_score:0.2774
epoch:46, train_loss:3.0783, valid_mse:2.6898, valid_mae:1.4068, test_acc2:0.4482
current mae:1.4710, current corr:0.1118, acc7:0.1547, acc5:0.1547,acc2_non_zero:0.4229, f_score_non_zero:0.2514, acc2:0.4482, f_score:0.2774
epoch:47, train_loss:3.0664, valid_mse:2.7226, valid_mae:1.4166, test_acc2:0.4482
current mae:1.4746, current corr:0.1135, acc7:0.1547, acc5:0.1547,acc2_non_zero:0.4229, f_score_non_zero:0.2514, acc2:0.4482, f_score:0.2774
epoch:48, train_loss:3.0899, valid_mse:2.6917, valid_mae:1.4071, test_acc2:0.4482
current mae:1.4709, current corr:0.1129, acc7:0.1547, acc5:0.1547,acc2_non_zero:0.4229, f_score_non_zero:0.2514, acc2:0.4482, f_score:0.2774
epoch:49, train_loss:3.0735, valid_mse:2.7145, valid_mae:1.4133, test_acc2:0.4482
current mae:1.4663, current corr:0.1118, acc7:0.1547, acc5:0.1547,acc2_non_zero:0.4229, f_score_non_zero:0.2514, acc2:0.4482, f_score:0.2774
epoch:50, train_loss:3.0508, valid_mse:2.6701, valid_mae:1.3995, test_acc2:0.4482
current mae:1.4697, current corr:0.1113, acc7:0.1547, acc5:0.1547,acc2_non_zero:0.4229, f_score_non_zero:0.2514, acc2:0.4482, f_score:0.2774
epoch:51, train_loss:3.0722, valid_mse:2.7179, valid_mae:1.4184, test_acc2:0.4482
current mae:1.4728, current corr:0.1136, acc7:0.1547, acc5:0.1547,acc2_non_zero:0.4229, f_score_non_zero:0.2514, acc2:0.4482, f_score:0.2774
epoch:52, train_loss:3.0799, valid_mse:2.7601, valid_mae:1.4267, test_acc2:0.4482
current mae:1.4680, current corr:0.1135, acc7:0.1547, acc5:0.1547,acc2_non_zero:0.4229, f_score_non_zero:0.2514, acc2:0.4482, f_score:0.2774
epoch:53, train_loss:3.0740, valid_mse:2.7161, valid_mae:1.4160, test_acc2:0.4482
current mae:1.4708, current corr:0.1147, acc7:0.1547, acc5:0.1547,acc2_non_zero:0.4229, f_score_non_zero:0.2514, acc2:0.4482, f_score:0.2774
epoch:54, train_loss:3.0763, valid_mse:2.7127, valid_mae:1.4125, test_acc2:0.4482
current mae:1.4695, current corr:0.1143, acc7:0.1547, acc5:0.1547,acc2_non_zero:0.4229, f_score_non_zero:0.2514, acc2:0.4482, f_score:0.2774
epoch:55, train_loss:3.0682, valid_mse:2.7200, valid_mae:1.4154, test_acc2:0.4482
current mae:1.4671, current corr:0.1131, acc7:0.1547, acc5:0.1547,acc2_non_zero:0.4229, f_score_non_zero:0.2514, acc2:0.4482, f_score:0.2774
epoch:56, train_loss:3.0507, valid_mse:2.7443, valid_mae:1.4206, test_acc2:0.4482
current mae:1.4671, current corr:0.1140, acc7:0.1547, acc5:0.1547,acc2_non_zero:0.4229, f_score_non_zero:0.2514, acc2:0.4482, f_score:0.2774
epoch:57, train_loss:3.0678, valid_mse:2.7355, valid_mae:1.4188, test_acc2:0.4482
current mae:1.4658, current corr:0.1135, acc7:0.1547, acc5:0.1547,acc2_non_zero:0.4229, f_score_non_zero:0.2514, acc2:0.4482, f_score:0.2774
epoch:58, train_loss:3.0660, valid_mse:2.7112, valid_mae:1.4110, test_acc2:0.4482
current mae:1.4709, current corr:0.1146, acc7:0.1547, acc5:0.1547,acc2_non_zero:0.4229, f_score_non_zero:0.2514, acc2:0.4482, f_score:0.2774
epoch:59, train_loss:3.0818, valid_mse:2.6957, valid_mae:1.4094, test_acc2:0.4482
current mae:1.4672, current corr:0.1136, acc7:0.1547, acc5:0.1547,acc2_non_zero:0.4229, f_score_non_zero:0.2514, acc2:0.4482, f_score:0.2774
epoch:60, train_loss:3.0683, valid_mse:2.7362, valid_mae:1.4201, test_acc2:0.4482
current mae:1.4753, current corr:0.1167, acc7:0.1547, acc5:0.1547,acc2_non_zero:0.4229, f_score_non_zero:0.2514, acc2:0.4482, f_score:0.2774
epoch:61, train_loss:3.0623, valid_mse:2.7584, valid_mae:1.4241, test_acc2:0.4482
current mae:1.4715, current corr:0.1164, acc7:0.1547, acc5:0.1547,acc2_non_zero:0.4229, f_score_non_zero:0.2514, acc2:0.4482, f_score:0.2774
epoch:62, train_loss:3.0586, valid_mse:2.7157, valid_mae:1.4134, test_acc2:0.4482
current mae:1.4761, current corr:0.1172, acc7:0.1547, acc5:0.1547,acc2_non_zero:0.4229, f_score_non_zero:0.2514, acc2:0.4482, f_score:0.2774
epoch:63, train_loss:3.0599, valid_mse:2.7192, valid_mae:1.4130, test_acc2:0.4482
current mae:1.4726, current corr:0.1157, acc7:0.1547, acc5:0.1547,acc2_non_zero:0.4229, f_score_non_zero:0.2514, acc2:0.4482, f_score:0.2774
epoch:64, train_loss:3.0345, valid_mse:2.7513, valid_mae:1.4229, test_acc2:0.4482
current mae:1.4731, current corr:0.1171, acc7:0.1547, acc5:0.1547,acc2_non_zero:0.4229, f_score_non_zero:0.2514, acc2:0.4482, f_score:0.2774
epoch:65, train_loss:3.0694, valid_mse:2.7135, valid_mae:1.4069, test_acc2:0.4482
current mae:1.4819, current corr:0.1200, acc7:0.1547, acc5:0.1547,acc2_non_zero:0.4229, f_score_non_zero:0.2514, acc2:0.4482, f_score:0.2774
epoch:66, train_loss:3.0324, valid_mse:2.7338, valid_mae:1.4102, test_acc2:0.4482
current mae:1.4841, current corr:0.1191, acc7:0.1533, acc5:0.1533,acc2_non_zero:0.4229, f_score_non_zero:0.2514, acc2:0.4482, f_score:0.2774
epoch:67, train_loss:3.0439, valid_mse:2.7157, valid_mae:1.4091, test_acc2:0.4482
current mae:1.4777, current corr:0.1176, acc7:0.1547, acc5:0.1547,acc2_non_zero:0.4229, f_score_non_zero:0.2514, acc2:0.4482, f_score:0.2774
epoch:68, train_loss:3.0532, valid_mse:2.7000, valid_mae:1.4005, test_acc2:0.4482
current mae:1.4899, current corr:0.1214, acc7:0.1562, acc5:0.1562,acc2_non_zero:0.4229, f_score_non_zero:0.2514, acc2:0.4482, f_score:0.2774
epoch:69, train_loss:3.0511, valid_mse:2.6833, valid_mae:1.3937, test_acc2:0.4482
current mae:1.4936, current corr:0.1230, acc7:0.1504, acc5:0.1504,acc2_non_zero:0.4229, f_score_non_zero:0.2514, acc2:0.4482, f_score:0.2774
Loading best model from epoch 1 by acc2=0.4482 for analysis export.
Analysis files exported to: /data01/lyw/GLoMo/experiments/mosi_audio_only_seed5576/analysis
  predictions: /data01/lyw/GLoMo/experiments/mosi_audio_only_seed5576/analysis/predictions.csv
  repr: /data01/lyw/GLoMo/experiments/mosi_audio_only_seed5576/analysis/repr.npz
  repr meta: /data01/lyw/GLoMo/experiments/mosi_audio_only_seed5576/analysis/repr_meta.json
  cases: /data01/lyw/GLoMo/experiments/mosi_audio_only_seed5576/analysis/cases.csv
Metrics summary saved to: /data01/lyw/GLoMo/experiments/mosi_audio_only_seed5576/metrics.json
Total runtime: 197982.89847373962 ms
