Using device: cuda:0, visible GPUs: 2
GPU name: NVIDIA GeForce RTX 3090
Seed: 5576
Command script saved to: /data01/lyw/GLoMo/experiments/mosei_ours_visual_desc_v1_seed5576/command.sh
Using modality text augmentation: audio_desc=False, visual_desc=True, visual_desc_version=v1
train labels: n=16265 min=-3.000 max=3.000 mean=0.146 std=1.125
dev labels: n=1869 min=-3.000 max=3.000 mean=0.190 std=1.038
test labels: n=4643 min=-3.000 max=3.000 mean=0.141 std=1.108
BERT load: missing=3 unexpected=10
BERT missing keys (first 5): ['linear1.weight', 'linear1.bias', 'proj_l.weight']
BERT unexpected keys (first 5): ['pooler.dense.weight', 'pooler.dense.bias', 'cls.predictions.bias', 'cls.predictions.transform.dense.weight', 'cls.predictions.transform.dense.bias']
conv audio std 0.03875073790550232
conv video std 0.056293025612831116
total parameter for the model:  117281879
epoch:0, train_loss:2.1925, valid_mse:0.5814, valid_mae:0.5712, test_acc2:0.7917
current mae:0.6025, current corr:0.6983, acc7:0.4786, acc5:0.4786,acc2_non_zero:0.8450, f_score_non_zero:0.8458, acc2:0.7917, f_score:0.7993
Saved best model at epoch 0 by acc2=0.7917 -> /data01/lyw/GLoMo/experiments/mosei_ours_visual_desc_v1_seed5576/best_model.pt
epoch:1, train_loss:1.7481, valid_mse:0.5146, valid_mae:0.5299, test_acc2:0.8361
current mae:0.5592, current corr:0.7389, acc7:0.5195, acc5:0.5316,acc2_non_zero:0.8536, f_score_non_zero:0.8517, acc2:0.8361, f_score:0.8376
Saved best model at epoch 1 by acc2=0.8361 -> /data01/lyw/GLoMo/experiments/mosei_ours_visual_desc_v1_seed5576/best_model.pt
epoch:2, train_loss:1.5715, valid_mse:0.5375, valid_mae:0.5410, test_acc2:0.8413
current mae:0.5636, current corr:0.7424, acc7:0.5251, acc5:0.5406,acc2_non_zero:0.8552, f_score_non_zero:0.8525, acc2:0.8413, f_score:0.8416
Saved best model at epoch 2 by acc2=0.8413 -> /data01/lyw/GLoMo/experiments/mosei_ours_visual_desc_v1_seed5576/best_model.pt
epoch:3, train_loss:1.4500, valid_mse:0.4962, valid_mae:0.5259, test_acc2:0.8309
current mae:0.5423, current corr:0.7571, acc7:0.5384, acc5:0.5555,acc2_non_zero:0.8533, f_score_non_zero:0.8523, acc2:0.8309, f_score:0.8338
epoch:4, train_loss:1.3407, valid_mse:0.4845, valid_mae:0.5212, test_acc2:0.8305
current mae:0.5403, current corr:0.7579, acc7:0.5378, acc5:0.5559,acc2_non_zero:0.8541, f_score_non_zero:0.8529, acc2:0.8305, f_score:0.8331
epoch:5, train_loss:1.2393, valid_mse:0.5188, valid_mae:0.5336, test_acc2:0.8307
current mae:0.5470, current corr:0.7498, acc7:0.5391, acc5:0.5572,acc2_non_zero:0.8486, f_score_non_zero:0.8478, acc2:0.8307, f_score:0.8336
epoch:6, train_loss:1.1381, valid_mse:0.5691, valid_mae:0.5705, test_acc2:0.8469
current mae:0.5861, current corr:0.7461, acc7:0.5072, acc5:0.5260,acc2_non_zero:0.8525, f_score_non_zero:0.8497, acc2:0.8469, f_score:0.8465
Saved best model at epoch 6 by acc2=0.8469 -> /data01/lyw/GLoMo/experiments/mosei_ours_visual_desc_v1_seed5576/best_model.pt
epoch:7, train_loss:1.0365, valid_mse:0.5585, valid_mae:0.5693, test_acc2:0.8443
current mae:0.5863, current corr:0.7471, acc7:0.5059, acc5:0.5249,acc2_non_zero:0.8508, f_score_non_zero:0.8480, acc2:0.8443, f_score:0.8441
epoch:8, train_loss:0.9593, valid_mse:0.5453, valid_mae:0.5625, test_acc2:0.8290
current mae:0.5741, current corr:0.7454, acc7:0.5096, acc5:0.5285,acc2_non_zero:0.8478, f_score_non_zero:0.8471, acc2:0.8290, f_score:0.8321
epoch:9, train_loss:0.8801, valid_mse:0.5595, valid_mae:0.5649, test_acc2:0.8428
current mae:0.5823, current corr:0.7401, acc7:0.5094, acc5:0.5279,acc2_non_zero:0.8481, f_score_non_zero:0.8449, acc2:0.8428, f_score:0.8422
epoch:10, train_loss:0.8085, valid_mse:0.5640, valid_mae:0.5632, test_acc2:0.8296
current mae:0.5773, current corr:0.7404, acc7:0.5122, acc5:0.5307,acc2_non_zero:0.8472, f_score_non_zero:0.8461, acc2:0.8296, f_score:0.8322
epoch:11, train_loss:0.7330, valid_mse:0.5946, valid_mae:0.5804, test_acc2:0.8135
current mae:0.5912, current corr:0.7362, acc7:0.5008, acc5:0.5197,acc2_non_zero:0.8445, f_score_non_zero:0.8448, acc2:0.8135, f_score:0.8188
epoch:12, train_loss:0.6804, valid_mse:0.5371, valid_mae:0.5556, test_acc2:0.8398
current mae:0.5698, current corr:0.7430, acc7:0.5107, acc5:0.5285,acc2_non_zero:0.8481, f_score_non_zero:0.8449, acc2:0.8398, f_score:0.8394
epoch:13, train_loss:0.6253, valid_mse:0.5410, valid_mae:0.5584, test_acc2:0.8335
current mae:0.5686, current corr:0.7451, acc7:0.5128, acc5:0.5309,acc2_non_zero:0.8519, f_score_non_zero:0.8506, acc2:0.8335, f_score:0.8357
epoch:14, train_loss:0.5833, valid_mse:0.5379, valid_mae:0.5554, test_acc2:0.8262
current mae:0.5669, current corr:0.7402, acc7:0.5139, acc5:0.5320,acc2_non_zero:0.8506, f_score_non_zero:0.8498, acc2:0.8262, f_score:0.8296
epoch:15, train_loss:0.5435, valid_mse:0.5497, valid_mae:0.5663, test_acc2:0.8469
current mae:0.5728, current corr:0.7454, acc7:0.5104, acc5:0.5281,acc2_non_zero:0.8489, f_score_non_zero:0.8455, acc2:0.8469, f_score:0.8457
epoch:16, train_loss:0.5091, valid_mse:0.5500, valid_mae:0.5569, test_acc2:0.8314
current mae:0.5668, current corr:0.7401, acc7:0.5096, acc5:0.5288,acc2_non_zero:0.8511, f_score_non_zero:0.8499, acc2:0.8314, f_score:0.8339
epoch:17, train_loss:0.4810, valid_mse:0.5545, valid_mae:0.5663, test_acc2:0.8417
current mae:0.5809, current corr:0.7441, acc7:0.5079, acc5:0.5270,acc2_non_zero:0.8503, f_score_non_zero:0.8483, acc2:0.8417, f_score:0.8425
epoch:18, train_loss:0.4510, valid_mse:0.5521, valid_mae:0.5602, test_acc2:0.8245
current mae:0.5705, current corr:0.7370, acc7:0.5135, acc5:0.5318,acc2_non_zero:0.8459, f_score_non_zero:0.8446, acc2:0.8245, f_score:0.8273
epoch:19, train_loss:0.4277, valid_mse:0.5481, valid_mae:0.5573, test_acc2:0.8249
current mae:0.5700, current corr:0.7438, acc7:0.5122, acc5:0.5305,acc2_non_zero:0.8517, f_score_non_zero:0.8512, acc2:0.8249, f_score:0.8287
epoch:20, train_loss:0.4031, valid_mse:0.5409, valid_mae:0.5600, test_acc2:0.8385
current mae:0.5797, current corr:0.7414, acc7:0.5111, acc5:0.5296,acc2_non_zero:0.8500, f_score_non_zero:0.8478, acc2:0.8385, f_score:0.8393
epoch:21, train_loss:0.3845, valid_mse:0.5696, valid_mae:0.5765, test_acc2:0.8430
current mae:0.5869, current corr:0.7459, acc7:0.5014, acc5:0.5225,acc2_non_zero:0.8478, f_score_non_zero:0.8444, acc2:0.8430, f_score:0.8421
epoch:22, train_loss:0.3738, valid_mse:0.5362, valid_mae:0.5482, test_acc2:0.8122
current mae:0.5596, current corr:0.7444, acc7:0.5150, acc5:0.5339,acc2_non_zero:0.8453, f_score_non_zero:0.8455, acc2:0.8122, f_score:0.8175
epoch:23, train_loss:0.3506, valid_mse:0.5364, valid_mae:0.5551, test_acc2:0.8426
current mae:0.5620, current corr:0.7507, acc7:0.5184, acc5:0.5406,acc2_non_zero:0.8533, f_score_non_zero:0.8509, acc2:0.8426, f_score:0.8430
epoch:24, train_loss:0.3353, valid_mse:0.5352, valid_mae:0.5493, test_acc2:0.8408
current mae:0.5662, current corr:0.7455, acc7:0.5160, acc5:0.5367,acc2_non_zero:0.8500, f_score_non_zero:0.8475, acc2:0.8408, f_score:0.8411
epoch:25, train_loss:0.3252, valid_mse:0.5634, valid_mae:0.5709, test_acc2:0.8277
current mae:0.5873, current corr:0.7459, acc7:0.4947, acc5:0.5201,acc2_non_zero:0.8558, f_score_non_zero:0.8551, acc2:0.8277, f_score:0.8312
epoch:26, train_loss:0.3133, valid_mse:0.5651, valid_mae:0.5669, test_acc2:0.8167
current mae:0.5750, current corr:0.7496, acc7:0.5020, acc5:0.5292,acc2_non_zero:0.8514, f_score_non_zero:0.8511, acc2:0.8167, f_score:0.8214
epoch:27, train_loss:0.2968, valid_mse:0.5477, valid_mae:0.5600, test_acc2:0.8346
current mae:0.5822, current corr:0.7487, acc7:0.4941, acc5:0.5193,acc2_non_zero:0.8514, f_score_non_zero:0.8499, acc2:0.8346, f_score:0.8365
epoch:28, train_loss:0.2865, valid_mse:0.5464, valid_mae:0.5572, test_acc2:0.8262
current mae:0.5665, current corr:0.7504, acc7:0.5025, acc5:0.5249,acc2_non_zero:0.8530, f_score_non_zero:0.8518, acc2:0.8262, f_score:0.8292
epoch:29, train_loss:0.2909, valid_mse:0.5694, valid_mae:0.5720, test_acc2:0.8322
current mae:0.5831, current corr:0.7500, acc7:0.5025, acc5:0.5240,acc2_non_zero:0.8522, f_score_non_zero:0.8505, acc2:0.8322, f_score:0.8342
epoch:30, train_loss:0.2782, valid_mse:0.5685, valid_mae:0.5730, test_acc2:0.8238
current mae:0.5898, current corr:0.7470, acc7:0.4893, acc5:0.5139,acc2_non_zero:0.8483, f_score_non_zero:0.8469, acc2:0.8238, f_score:0.8266
epoch:31, train_loss:0.2694, valid_mse:0.5319, valid_mae:0.5474, test_acc2:0.7894
current mae:0.5631, current corr:0.7471, acc7:0.5115, acc5:0.5300,acc2_non_zero:0.8423, f_score_non_zero:0.8437, acc2:0.7894, f_score:0.7976
epoch:32, train_loss:0.2562, valid_mse:0.5338, valid_mae:0.5507, test_acc2:0.8456
current mae:0.5673, current corr:0.7484, acc7:0.5111, acc5:0.5275,acc2_non_zero:0.8506, f_score_non_zero:0.8468, acc2:0.8456, f_score:0.8443
epoch:33, train_loss:0.2533, valid_mse:0.5200, valid_mae:0.5416, test_acc2:0.8163
current mae:0.5582, current corr:0.7510, acc7:0.5180, acc5:0.5389,acc2_non_zero:0.8547, f_score_non_zero:0.8543, acc2:0.8163, f_score:0.8211
epoch:34, train_loss:0.2476, valid_mse:0.5336, valid_mae:0.5487, test_acc2:0.8357
current mae:0.5654, current corr:0.7488, acc7:0.5180, acc5:0.5384,acc2_non_zero:0.8506, f_score_non_zero:0.8489, acc2:0.8357, f_score:0.8373
epoch:35, train_loss:0.2440, valid_mse:0.5234, valid_mae:0.5395, test_acc2:0.8105
current mae:0.5563, current corr:0.7495, acc7:0.5143, acc5:0.5328,acc2_non_zero:0.8506, f_score_non_zero:0.8505, acc2:0.8105, f_score:0.8159
epoch:36, train_loss:0.2360, valid_mse:0.5590, valid_mae:0.5611, test_acc2:0.7947
current mae:0.5755, current corr:0.7516, acc7:0.5070, acc5:0.5294,acc2_non_zero:0.8445, f_score_non_zero:0.8457, acc2:0.7947, f_score:0.8025
epoch:37, train_loss:0.2286, valid_mse:0.5346, valid_mae:0.5525, test_acc2:0.8118
current mae:0.5707, current corr:0.7524, acc7:0.5076, acc5:0.5313,acc2_non_zero:0.8489, f_score_non_zero:0.8488, acc2:0.8118, f_score:0.8169
epoch:38, train_loss:0.2291, valid_mse:0.5237, valid_mae:0.5453, test_acc2:0.8333
current mae:0.5607, current corr:0.7535, acc7:0.5137, acc5:0.5326,acc2_non_zero:0.8552, f_score_non_zero:0.8539, acc2:0.8333, f_score:0.8357
epoch:39, train_loss:0.2227, valid_mse:0.5196, valid_mae:0.5376, test_acc2:0.8212
current mae:0.5578, current corr:0.7462, acc7:0.5195, acc5:0.5380,acc2_non_zero:0.8486, f_score_non_zero:0.8477, acc2:0.8212, f_score:0.8248
epoch:40, train_loss:0.2166, valid_mse:0.5163, valid_mae:0.5425, test_acc2:0.8324
current mae:0.5594, current corr:0.7502, acc7:0.5201, acc5:0.5397,acc2_non_zero:0.8508, f_score_non_zero:0.8492, acc2:0.8324, f_score:0.8343
epoch:41, train_loss:0.2062, valid_mse:0.5352, valid_mae:0.5565, test_acc2:0.8152
current mae:0.5756, current corr:0.7479, acc7:0.5096, acc5:0.5303,acc2_non_zero:0.8517, f_score_non_zero:0.8516, acc2:0.8152, f_score:0.8202
epoch:42, train_loss:0.2074, valid_mse:0.5318, valid_mae:0.5485, test_acc2:0.8118
current mae:0.5728, current corr:0.7505, acc7:0.5079, acc5:0.5307,acc2_non_zero:0.8494, f_score_non_zero:0.8496, acc2:0.8118, f_score:0.8173
epoch:43, train_loss:0.1995, valid_mse:0.5374, valid_mae:0.5495, test_acc2:0.8023
current mae:0.5655, current corr:0.7476, acc7:0.5165, acc5:0.5359,acc2_non_zero:0.8450, f_score_non_zero:0.8459, acc2:0.8023, f_score:0.8091
epoch:44, train_loss:0.2016, valid_mse:0.5107, valid_mae:0.5388, test_acc2:0.8331
current mae:0.5543, current corr:0.7519, acc7:0.5201, acc5:0.5372,acc2_non_zero:0.8519, f_score_non_zero:0.8509, acc2:0.8331, f_score:0.8356
epoch:45, train_loss:0.1943, valid_mse:0.5133, valid_mae:0.5346, test_acc2:0.8070
current mae:0.5568, current corr:0.7511, acc7:0.5176, acc5:0.5382,acc2_non_zero:0.8453, f_score_non_zero:0.8457, acc2:0.8070, f_score:0.8130
epoch:46, train_loss:0.1865, valid_mse:0.5244, valid_mae:0.5397, test_acc2:0.8174
current mae:0.5653, current corr:0.7496, acc7:0.5124, acc5:0.5328,acc2_non_zero:0.8489, f_score_non_zero:0.8485, acc2:0.8174, f_score:0.8218
epoch:47, train_loss:0.1889, valid_mse:0.5224, valid_mae:0.5460, test_acc2:0.8191
current mae:0.5638, current corr:0.7516, acc7:0.5115, acc5:0.5313,acc2_non_zero:0.8528, f_score_non_zero:0.8525, acc2:0.8191, f_score:0.8236
epoch:48, train_loss:0.1826, valid_mse:0.5589, valid_mae:0.5606, test_acc2:0.8255
current mae:0.5787, current corr:0.7520, acc7:0.5064, acc5:0.5270,acc2_non_zero:0.8511, f_score_non_zero:0.8504, acc2:0.8255, f_score:0.8290
epoch:49, train_loss:0.1827, valid_mse:0.5383, valid_mae:0.5494, test_acc2:0.7736
current mae:0.5628, current corr:0.7500, acc7:0.5193, acc5:0.5387,acc2_non_zero:0.8365, f_score_non_zero:0.8379, acc2:0.7736, f_score:0.7830
epoch:50, train_loss:0.1811, valid_mse:0.5491, valid_mae:0.5589, test_acc2:0.8327
current mae:0.5838, current corr:0.7488, acc7:0.5008, acc5:0.5225,acc2_non_zero:0.8481, f_score_non_zero:0.8460, acc2:0.8327, f_score:0.8340
epoch:51, train_loss:0.1736, valid_mse:0.5348, valid_mae:0.5551, test_acc2:0.8135
current mae:0.5731, current corr:0.7489, acc7:0.5079, acc5:0.5283,acc2_non_zero:0.8461, f_score_non_zero:0.8462, acc2:0.8135, f_score:0.8186
epoch:52, train_loss:0.1662, valid_mse:0.5276, valid_mae:0.5453, test_acc2:0.8031
current mae:0.5617, current corr:0.7510, acc7:0.5173, acc5:0.5402,acc2_non_zero:0.8459, f_score_non_zero:0.8456, acc2:0.8031, f_score:0.8088
epoch:53, train_loss:0.1643, valid_mse:0.5383, valid_mae:0.5548, test_acc2:0.8064
current mae:0.5717, current corr:0.7510, acc7:0.5064, acc5:0.5285,acc2_non_zero:0.8450, f_score_non_zero:0.8445, acc2:0.8064, f_score:0.8115
epoch:54, train_loss:0.1604, valid_mse:0.5411, valid_mae:0.5524, test_acc2:0.8092
current mae:0.5722, current corr:0.7490, acc7:0.5016, acc5:0.5236,acc2_non_zero:0.8478, f_score_non_zero:0.8481, acc2:0.8092, f_score:0.8150
epoch:55, train_loss:0.1662, valid_mse:0.5436, valid_mae:0.5554, test_acc2:0.8014
current mae:0.5647, current corr:0.7531, acc7:0.5150, acc5:0.5346,acc2_non_zero:0.8459, f_score_non_zero:0.8466, acc2:0.8014, f_score:0.8082
epoch:56, train_loss:0.1577, valid_mse:0.5265, valid_mae:0.5463, test_acc2:0.8174
current mae:0.5663, current corr:0.7494, acc7:0.5128, acc5:0.5318,acc2_non_zero:0.8508, f_score_non_zero:0.8511, acc2:0.8174, f_score:0.8226
epoch:57, train_loss:0.1577, valid_mse:0.5478, valid_mae:0.5637, test_acc2:0.8154
current mae:0.5820, current corr:0.7501, acc7:0.4971, acc5:0.5178,acc2_non_zero:0.8525, f_score_non_zero:0.8522, acc2:0.8154, f_score:0.8202
epoch:58, train_loss:0.1525, valid_mse:0.5443, valid_mae:0.5547, test_acc2:0.8079
current mae:0.5709, current corr:0.7503, acc7:0.5126, acc5:0.5328,acc2_non_zero:0.8478, f_score_non_zero:0.8483, acc2:0.8079, f_score:0.8140
epoch:59, train_loss:0.1464, valid_mse:0.5472, valid_mae:0.5587, test_acc2:0.8100
current mae:0.5763, current corr:0.7499, acc7:0.5094, acc5:0.5285,acc2_non_zero:0.8481, f_score_non_zero:0.8485, acc2:0.8100, f_score:0.8159
epoch:60, train_loss:0.1422, valid_mse:0.5347, valid_mae:0.5549, test_acc2:0.8062
current mae:0.5705, current corr:0.7514, acc7:0.5104, acc5:0.5313,acc2_non_zero:0.8456, f_score_non_zero:0.8457, acc2:0.8062, f_score:0.8119
epoch:61, train_loss:0.1380, valid_mse:0.5241, valid_mae:0.5457, test_acc2:0.7835
current mae:0.5636, current corr:0.7501, acc7:0.5130, acc5:0.5324,acc2_non_zero:0.8390, f_score_non_zero:0.8405, acc2:0.7835, f_score:0.7923
epoch:62, train_loss:0.1405, valid_mse:0.5384, valid_mae:0.5563, test_acc2:0.8286
current mae:0.5732, current corr:0.7495, acc7:0.5014, acc5:0.5201,acc2_non_zero:0.8528, f_score_non_zero:0.8513, acc2:0.8286, f_score:0.8311
epoch:63, train_loss:0.1348, valid_mse:0.5232, valid_mae:0.5450, test_acc2:0.8133
current mae:0.5587, current corr:0.7497, acc7:0.5188, acc5:0.5382,acc2_non_zero:0.8456, f_score_non_zero:0.8451, acc2:0.8133, f_score:0.8178
epoch:64, train_loss:0.1331, valid_mse:0.5418, valid_mae:0.5563, test_acc2:0.7932
current mae:0.5671, current corr:0.7500, acc7:0.5094, acc5:0.5283,acc2_non_zero:0.8428, f_score_non_zero:0.8438, acc2:0.7932, f_score:0.8008
epoch:65, train_loss:0.1315, valid_mse:0.5415, valid_mae:0.5593, test_acc2:0.8210
current mae:0.5706, current corr:0.7519, acc7:0.5079, acc5:0.5279,acc2_non_zero:0.8489, f_score_non_zero:0.8484, acc2:0.8210, f_score:0.8250
epoch:66, train_loss:0.1330, valid_mse:0.5599, valid_mae:0.5627, test_acc2:0.8003
current mae:0.5801, current corr:0.7498, acc7:0.5074, acc5:0.5290,acc2_non_zero:0.8478, f_score_non_zero:0.8483, acc2:0.8003, f_score:0.8070
epoch:67, train_loss:0.1285, valid_mse:0.5247, valid_mae:0.5468, test_acc2:0.8115
current mae:0.5628, current corr:0.7490, acc7:0.5208, acc5:0.5391,acc2_non_zero:0.8506, f_score_non_zero:0.8509, acc2:0.8115, f_score:0.8173
epoch:68, train_loss:0.1266, valid_mse:0.5350, valid_mae:0.5513, test_acc2:0.8111
current mae:0.5624, current corr:0.7535, acc7:0.5229, acc5:0.5421,acc2_non_zero:0.8483, f_score_non_zero:0.8486, acc2:0.8111, f_score:0.8167
epoch:69, train_loss:0.1217, valid_mse:0.5197, valid_mae:0.5439, test_acc2:0.8001
current mae:0.5612, current corr:0.7536, acc7:0.5193, acc5:0.5387,acc2_non_zero:0.8467, f_score_non_zero:0.8474, acc2:0.8001, f_score:0.8071
epoch:70, train_loss:0.1200, valid_mse:0.5284, valid_mae:0.5513, test_acc2:0.8133
current mae:0.5667, current corr:0.7511, acc7:0.5132, acc5:0.5333,acc2_non_zero:0.8494, f_score_non_zero:0.8495, acc2:0.8133, f_score:0.8185
epoch:71, train_loss:0.1173, valid_mse:0.5304, valid_mae:0.5488, test_acc2:0.8040
current mae:0.5719, current corr:0.7450, acc7:0.5180, acc5:0.5365,acc2_non_zero:0.8406, f_score_non_zero:0.8409, acc2:0.8040, f_score:0.8099
epoch:72, train_loss:0.1137, valid_mse:0.5296, valid_mae:0.5496, test_acc2:0.8105
current mae:0.5720, current corr:0.7494, acc7:0.5165, acc5:0.5365,acc2_non_zero:0.8439, f_score_non_zero:0.8441, acc2:0.8105, f_score:0.8158
epoch:73, train_loss:0.1201, valid_mse:0.5233, valid_mae:0.5415, test_acc2:0.8176
current mae:0.5586, current corr:0.7513, acc7:0.5251, acc5:0.5453,acc2_non_zero:0.8453, f_score_non_zero:0.8447, acc2:0.8176, f_score:0.8216
epoch:74, train_loss:0.1184, valid_mse:0.5290, valid_mae:0.5493, test_acc2:0.7988
current mae:0.5703, current corr:0.7497, acc7:0.5197, acc5:0.5389,acc2_non_zero:0.8445, f_score_non_zero:0.8451, acc2:0.7988, f_score:0.8056
epoch:75, train_loss:0.1127, valid_mse:0.5264, valid_mae:0.5441, test_acc2:0.8199
current mae:0.5615, current corr:0.7523, acc7:0.5197, acc5:0.5402,acc2_non_zero:0.8533, f_score_non_zero:0.8528, acc2:0.8199, f_score:0.8242
epoch:76, train_loss:0.1087, valid_mse:0.5222, valid_mae:0.5436, test_acc2:0.8016
current mae:0.5579, current corr:0.7488, acc7:0.5285, acc5:0.5466,acc2_non_zero:0.8453, f_score_non_zero:0.8457, acc2:0.8016, f_score:0.8080
epoch:77, train_loss:0.1104, valid_mse:0.5211, valid_mae:0.5421, test_acc2:0.8167
current mae:0.5628, current corr:0.7498, acc7:0.5221, acc5:0.5430,acc2_non_zero:0.8472, f_score_non_zero:0.8472, acc2:0.8167, f_score:0.8215
epoch:78, train_loss:0.1106, valid_mse:0.5191, valid_mae:0.5383, test_acc2:0.8038
current mae:0.5587, current corr:0.7492, acc7:0.5264, acc5:0.5453,acc2_non_zero:0.8436, f_score_non_zero:0.8441, acc2:0.8038, f_score:0.8099
epoch:79, train_loss:0.1031, valid_mse:0.5443, valid_mae:0.5529, test_acc2:0.8081
current mae:0.5704, current corr:0.7485, acc7:0.5178, acc5:0.5365,acc2_non_zero:0.8448, f_score_non_zero:0.8445, acc2:0.8081, f_score:0.8132
epoch:80, train_loss:0.0947, valid_mse:0.5295, valid_mae:0.5470, test_acc2:0.8012
current mae:0.5633, current corr:0.7493, acc7:0.5214, acc5:0.5404,acc2_non_zero:0.8420, f_score_non_zero:0.8426, acc2:0.8012, f_score:0.8077
epoch:81, train_loss:0.0896, valid_mse:0.5255, valid_mae:0.5460, test_acc2:0.8070
current mae:0.5606, current corr:0.7509, acc7:0.5234, acc5:0.5432,acc2_non_zero:0.8445, f_score_non_zero:0.8445, acc2:0.8070, f_score:0.8126
epoch:82, train_loss:0.0868, valid_mse:0.5274, valid_mae:0.5485, test_acc2:0.8055
current mae:0.5626, current corr:0.7507, acc7:0.5212, acc5:0.5408,acc2_non_zero:0.8450, f_score_non_zero:0.8455, acc2:0.8055, f_score:0.8116
epoch:83, train_loss:0.0871, valid_mse:0.5238, valid_mae:0.5458, test_acc2:0.8077
current mae:0.5617, current corr:0.7515, acc7:0.5201, acc5:0.5397,acc2_non_zero:0.8456, f_score_non_zero:0.8458, acc2:0.8077, f_score:0.8133
epoch:84, train_loss:0.0827, valid_mse:0.5281, valid_mae:0.5474, test_acc2:0.8081
current mae:0.5629, current corr:0.7518, acc7:0.5214, acc5:0.5410,acc2_non_zero:0.8467, f_score_non_zero:0.8468, acc2:0.8081, f_score:0.8138
epoch:85, train_loss:0.0825, valid_mse:0.5349, valid_mae:0.5497, test_acc2:0.8072
current mae:0.5629, current corr:0.7516, acc7:0.5214, acc5:0.5412,acc2_non_zero:0.8464, f_score_non_zero:0.8468, acc2:0.8072, f_score:0.8132
epoch:86, train_loss:0.0805, valid_mse:0.5341, valid_mae:0.5504, test_acc2:0.8085
current mae:0.5648, current corr:0.7516, acc7:0.5212, acc5:0.5412,acc2_non_zero:0.8470, f_score_non_zero:0.8472, acc2:0.8085, f_score:0.8143
epoch:87, train_loss:0.0810, valid_mse:0.5274, valid_mae:0.5471, test_acc2:0.8055
current mae:0.5621, current corr:0.7504, acc7:0.5238, acc5:0.5432,acc2_non_zero:0.8445, f_score_non_zero:0.8449, acc2:0.8055, f_score:0.8116
epoch:88, train_loss:0.0795, valid_mse:0.5354, valid_mae:0.5507, test_acc2:0.8066
current mae:0.5634, current corr:0.7508, acc7:0.5238, acc5:0.5438,acc2_non_zero:0.8461, f_score_non_zero:0.8465, acc2:0.8066, f_score:0.8126
epoch:89, train_loss:0.0787, valid_mse:0.5285, valid_mae:0.5490, test_acc2:0.8081
current mae:0.5615, current corr:0.7518, acc7:0.5244, acc5:0.5436,acc2_non_zero:0.8464, f_score_non_zero:0.8466, acc2:0.8081, f_score:0.8138
epoch:90, train_loss:0.0786, valid_mse:0.5266, valid_mae:0.5474, test_acc2:0.8096
current mae:0.5626, current corr:0.7519, acc7:0.5221, acc5:0.5425,acc2_non_zero:0.8467, f_score_non_zero:0.8467, acc2:0.8096, f_score:0.8150
epoch:91, train_loss:0.0769, valid_mse:0.5227, valid_mae:0.5445, test_acc2:0.8085
current mae:0.5598, current corr:0.7521, acc7:0.5247, acc5:0.5443,acc2_non_zero:0.8456, f_score_non_zero:0.8457, acc2:0.8085, f_score:0.8141
epoch:92, train_loss:0.0752, valid_mse:0.5250, valid_mae:0.5445, test_acc2:0.8100
current mae:0.5617, current corr:0.7515, acc7:0.5236, acc5:0.5438,acc2_non_zero:0.8475, f_score_non_zero:0.8477, acc2:0.8100, f_score:0.8156
epoch:93, train_loss:0.0761, valid_mse:0.5249, valid_mae:0.5449, test_acc2:0.8064
current mae:0.5616, current corr:0.7517, acc7:0.5223, acc5:0.5421,acc2_non_zero:0.8478, f_score_non_zero:0.8483, acc2:0.8064, f_score:0.8126
epoch:94, train_loss:0.0764, valid_mse:0.5275, valid_mae:0.5453, test_acc2:0.8057
current mae:0.5605, current corr:0.7511, acc7:0.5234, acc5:0.5430,acc2_non_zero:0.8467, f_score_non_zero:0.8473, acc2:0.8057, f_score:0.8120
epoch:95, train_loss:0.0752, valid_mse:0.5248, valid_mae:0.5474, test_acc2:0.8085
current mae:0.5628, current corr:0.7520, acc7:0.5204, acc5:0.5400,acc2_non_zero:0.8470, f_score_non_zero:0.8473, acc2:0.8085, f_score:0.8143
epoch:96, train_loss:0.0753, valid_mse:0.5233, valid_mae:0.5460, test_acc2:0.8087
current mae:0.5620, current corr:0.7515, acc7:0.5221, acc5:0.5421,acc2_non_zero:0.8481, f_score_non_zero:0.8484, acc2:0.8087, f_score:0.8146
epoch:97, train_loss:0.0742, valid_mse:0.5260, valid_mae:0.5461, test_acc2:0.8098
current mae:0.5623, current corr:0.7508, acc7:0.5242, acc5:0.5438,acc2_non_zero:0.8483, f_score_non_zero:0.8486, acc2:0.8098, f_score:0.8155
epoch:98, train_loss:0.0743, valid_mse:0.5234, valid_mae:0.5449, test_acc2:0.8094
current mae:0.5624, current corr:0.7519, acc7:0.5201, acc5:0.5400,acc2_non_zero:0.8481, f_score_non_zero:0.8484, acc2:0.8094, f_score:0.8152
epoch:99, train_loss:0.0737, valid_mse:0.5232, valid_mae:0.5462, test_acc2:0.8107
current mae:0.5623, current corr:0.7523, acc7:0.5201, acc5:0.5395,acc2_non_zero:0.8475, f_score_non_zero:0.8476, acc2:0.8107, f_score:0.8161
Loading best model from epoch 6 by acc2=0.8469 for analysis export.
Analysis files exported to: /data01/lyw/GLoMo/experiments/mosei_ours_visual_desc_v1_seed5576/analysis
  predictions: /data01/lyw/GLoMo/experiments/mosei_ours_visual_desc_v1_seed5576/analysis/predictions.csv
  repr: /data01/lyw/GLoMo/experiments/mosei_ours_visual_desc_v1_seed5576/analysis/repr.npz
  repr meta: /data01/lyw/GLoMo/experiments/mosei_ours_visual_desc_v1_seed5576/analysis/repr_meta.json
  cases: /data01/lyw/GLoMo/experiments/mosei_ours_visual_desc_v1_seed5576/analysis/cases.csv
Metrics summary saved to: /data01/lyw/GLoMo/experiments/mosei_ours_visual_desc_v1_seed5576/metrics.json
Total runtime: 7938498.230218887 ms
