Using device: cuda:0, visible GPUs: 7
GPU name: NVIDIA GeForce RTX 3090
Seed: 5576
Command script saved to: /data01/lyw/GLoMo/experiments/mosei_baseline_seed5576/command.sh
train labels: n=16265 min=-3.000 max=3.000 mean=0.146 std=1.125
dev labels: n=1869 min=-3.000 max=3.000 mean=0.190 std=1.038
test labels: n=4643 min=-3.000 max=3.000 mean=0.141 std=1.108
BERT load: missing=3 unexpected=10
BERT missing keys (first 5): ['linear1.weight', 'linear1.bias', 'proj_l.weight']
BERT unexpected keys (first 5): ['pooler.dense.weight', 'pooler.dense.bias', 'cls.predictions.bias', 'cls.predictions.transform.dense.weight', 'cls.predictions.transform.dense.bias']
conv audio std 0.03876618668437004
conv video std 0.05610480532050133
total parameter for the model:  115952142
epoch:0, train_loss:2.1891, valid_mse:0.5620, valid_mae:0.5533, test_acc2:0.7883
current mae:0.5843, current corr:0.7139, acc7:0.4947, acc5:0.4947,acc2_non_zero:0.8420, f_score_non_zero:0.8430, acc2:0.7883, f_score:0.7962
Saved best model at epoch 0 by acc2=0.7883 -> /data01/lyw/GLoMo/experiments/mosei_baseline_seed5576/best_model.pt
epoch:1, train_loss:1.7324, valid_mse:0.5277, valid_mae:0.5342, test_acc2:0.8068
current mae:0.5512, current corr:0.7402, acc7:0.5328, acc5:0.5462,acc2_non_zero:0.8475, f_score_non_zero:0.8468, acc2:0.8068, f_score:0.8117
Saved best model at epoch 1 by acc2=0.8068 -> /data01/lyw/GLoMo/experiments/mosei_baseline_seed5576/best_model.pt
epoch:2, train_loss:1.5628, valid_mse:0.5219, valid_mae:0.5308, test_acc2:0.8247
current mae:0.5485, current corr:0.7497, acc7:0.5305, acc5:0.5458,acc2_non_zero:0.8550, f_score_non_zero:0.8534, acc2:0.8247, f_score:0.8275
Saved best model at epoch 2 by acc2=0.8247 -> /data01/lyw/GLoMo/experiments/mosei_baseline_seed5576/best_model.pt
epoch:3, train_loss:1.4291, valid_mse:0.5387, valid_mae:0.5427, test_acc2:0.8111
current mae:0.5530, current corr:0.7525, acc7:0.5253, acc5:0.5438,acc2_non_zero:0.8566, f_score_non_zero:0.8568, acc2:0.8111, f_score:0.8170
epoch:4, train_loss:1.3187, valid_mse:0.5505, valid_mae:0.5457, test_acc2:0.7941
current mae:0.5553, current corr:0.7536, acc7:0.5214, acc5:0.5404,acc2_non_zero:0.8450, f_score_non_zero:0.8457, acc2:0.7941, f_score:0.8013
epoch:5, train_loss:1.2116, valid_mse:0.5059, valid_mae:0.5229, test_acc2:0.8042
current mae:0.5370, current corr:0.7570, acc7:0.5328, acc5:0.5488,acc2_non_zero:0.8486, f_score_non_zero:0.8488, acc2:0.8042, f_score:0.8104
epoch:6, train_loss:1.1123, valid_mse:0.5289, valid_mae:0.5386, test_acc2:0.8051
current mae:0.5528, current corr:0.7510, acc7:0.5208, acc5:0.5384,acc2_non_zero:0.8486, f_score_non_zero:0.8492, acc2:0.8051, f_score:0.8115
epoch:7, train_loss:1.0169, valid_mse:0.5405, valid_mae:0.5484, test_acc2:0.8154
current mae:0.5593, current corr:0.7504, acc7:0.5180, acc5:0.5363,acc2_non_zero:0.8525, f_score_non_zero:0.8527, acc2:0.8154, f_score:0.8208
epoch:8, train_loss:0.9261, valid_mse:0.5448, valid_mae:0.5489, test_acc2:0.7941
current mae:0.5619, current corr:0.7477, acc7:0.5173, acc5:0.5359,acc2_non_zero:0.8414, f_score_non_zero:0.8424, acc2:0.7941, f_score:0.8015
epoch:9, train_loss:0.8405, valid_mse:0.5609, valid_mae:0.5543, test_acc2:0.7881
current mae:0.5662, current corr:0.7385, acc7:0.5184, acc5:0.5365,acc2_non_zero:0.8376, f_score_non_zero:0.8390, acc2:0.7881, f_score:0.7963
epoch:10, train_loss:0.7752, valid_mse:0.5467, valid_mae:0.5447, test_acc2:0.7844
current mae:0.5555, current corr:0.7429, acc7:0.5204, acc5:0.5372,acc2_non_zero:0.8362, f_score_non_zero:0.8377, acc2:0.7844, f_score:0.7929
epoch:11, train_loss:0.7132, valid_mse:0.5596, valid_mae:0.5578, test_acc2:0.8034
current mae:0.5710, current corr:0.7462, acc7:0.5104, acc5:0.5292,acc2_non_zero:0.8445, f_score_non_zero:0.8445, acc2:0.8034, f_score:0.8092
epoch:12, train_loss:0.6514, valid_mse:0.5390, valid_mae:0.5450, test_acc2:0.8133
current mae:0.5630, current corr:0.7404, acc7:0.5208, acc5:0.5374,acc2_non_zero:0.8472, f_score_non_zero:0.8471, acc2:0.8133, f_score:0.8182
epoch:13, train_loss:0.5975, valid_mse:0.5381, valid_mae:0.5471, test_acc2:0.7687
current mae:0.5603, current corr:0.7420, acc7:0.5132, acc5:0.5305,acc2_non_zero:0.8287, f_score_non_zero:0.8303, acc2:0.7687, f_score:0.7782
epoch:14, train_loss:0.5686, valid_mse:0.5483, valid_mae:0.5529, test_acc2:0.7807
current mae:0.5665, current corr:0.7413, acc7:0.5113, acc5:0.5288,acc2_non_zero:0.8356, f_score_non_zero:0.8371, acc2:0.7807, f_score:0.7895
epoch:15, train_loss:0.5317, valid_mse:0.5356, valid_mae:0.5494, test_acc2:0.8141
current mae:0.5642, current corr:0.7451, acc7:0.5104, acc5:0.5296,acc2_non_zero:0.8511, f_score_non_zero:0.8505, acc2:0.8141, f_score:0.8187
epoch:16, train_loss:0.4963, valid_mse:0.5734, valid_mae:0.5656, test_acc2:0.8066
current mae:0.5814, current corr:0.7422, acc7:0.4954, acc5:0.5163,acc2_non_zero:0.8467, f_score_non_zero:0.8465, acc2:0.8066, f_score:0.8120
epoch:17, train_loss:0.4644, valid_mse:0.5698, valid_mae:0.5618, test_acc2:0.7984
current mae:0.5772, current corr:0.7417, acc7:0.5040, acc5:0.5223,acc2_non_zero:0.8431, f_score_non_zero:0.8435, acc2:0.7984, f_score:0.8050
epoch:18, train_loss:0.4312, valid_mse:0.5526, valid_mae:0.5526, test_acc2:0.8111
current mae:0.5608, current corr:0.7447, acc7:0.5152, acc5:0.5339,acc2_non_zero:0.8486, f_score_non_zero:0.8486, acc2:0.8111, f_score:0.8164
epoch:19, train_loss:0.4182, valid_mse:0.5180, valid_mae:0.5371, test_acc2:0.7909
current mae:0.5549, current corr:0.7421, acc7:0.5253, acc5:0.5400,acc2_non_zero:0.8409, f_score_non_zero:0.8417, acc2:0.7909, f_score:0.7984
epoch:20, train_loss:0.3805, valid_mse:0.5489, valid_mae:0.5558, test_acc2:0.8098
current mae:0.5694, current corr:0.7422, acc7:0.5076, acc5:0.5277,acc2_non_zero:0.8453, f_score_non_zero:0.8462, acc2:0.8098, f_score:0.8160
epoch:21, train_loss:0.3718, valid_mse:0.5818, valid_mae:0.5725, test_acc2:0.8122
current mae:0.5895, current corr:0.7467, acc7:0.4915, acc5:0.5160,acc2_non_zero:0.8500, f_score_non_zero:0.8495, acc2:0.8122, f_score:0.8170
epoch:22, train_loss:0.3551, valid_mse:0.5431, valid_mae:0.5489, test_acc2:0.8087
current mae:0.5663, current corr:0.7487, acc7:0.5074, acc5:0.5318,acc2_non_zero:0.8519, f_score_non_zero:0.8521, acc2:0.8087, f_score:0.8146
epoch:23, train_loss:0.3299, valid_mse:0.5444, valid_mae:0.5542, test_acc2:0.7988
current mae:0.5710, current corr:0.7479, acc7:0.5087, acc5:0.5311,acc2_non_zero:0.8448, f_score_non_zero:0.8452, acc2:0.7988, f_score:0.8055
epoch:24, train_loss:0.3244, valid_mse:0.5310, valid_mae:0.5442, test_acc2:0.8197
current mae:0.5626, current corr:0.7434, acc7:0.5038, acc5:0.5236,acc2_non_zero:0.8492, f_score_non_zero:0.8490, acc2:0.8197, f_score:0.8241
epoch:25, train_loss:0.3077, valid_mse:0.5356, valid_mae:0.5443, test_acc2:0.7894
current mae:0.5629, current corr:0.7473, acc7:0.5089, acc5:0.5298,acc2_non_zero:0.8395, f_score_non_zero:0.8409, acc2:0.7894, f_score:0.7975
epoch:26, train_loss:0.2963, valid_mse:0.5372, valid_mae:0.5528, test_acc2:0.8348
current mae:0.5641, current corr:0.7462, acc7:0.5089, acc5:0.5277,acc2_non_zero:0.8519, f_score_non_zero:0.8501, acc2:0.8348, f_score:0.8364
Saved best model at epoch 26 by acc2=0.8348 -> /data01/lyw/GLoMo/experiments/mosei_baseline_seed5576/best_model.pt
epoch:27, train_loss:0.2888, valid_mse:0.5574, valid_mae:0.5649, test_acc2:0.8068
current mae:0.5783, current corr:0.7449, acc7:0.4945, acc5:0.5152,acc2_non_zero:0.8478, f_score_non_zero:0.8474, acc2:0.8068, f_score:0.8121
epoch:28, train_loss:0.2853, valid_mse:0.5239, valid_mae:0.5410, test_acc2:0.8314
current mae:0.5575, current corr:0.7454, acc7:0.5156, acc5:0.5333,acc2_non_zero:0.8497, f_score_non_zero:0.8478, acc2:0.8314, f_score:0.8330
epoch:29, train_loss:0.2730, valid_mse:0.5205, valid_mae:0.5368, test_acc2:0.8031
current mae:0.5571, current corr:0.7510, acc7:0.5137, acc5:0.5348,acc2_non_zero:0.8448, f_score_non_zero:0.8451, acc2:0.8031, f_score:0.8094
epoch:30, train_loss:0.2656, valid_mse:0.5359, valid_mae:0.5519, test_acc2:0.8329
current mae:0.5676, current corr:0.7497, acc7:0.5064, acc5:0.5298,acc2_non_zero:0.8528, f_score_non_zero:0.8511, acc2:0.8329, f_score:0.8348
epoch:31, train_loss:0.2524, valid_mse:0.5232, valid_mae:0.5373, test_acc2:0.8070
current mae:0.5626, current corr:0.7468, acc7:0.5137, acc5:0.5328,acc2_non_zero:0.8508, f_score_non_zero:0.8511, acc2:0.8070, f_score:0.8131
epoch:32, train_loss:0.2527, valid_mse:0.5205, valid_mae:0.5389, test_acc2:0.8109
current mae:0.5621, current corr:0.7510, acc7:0.5092, acc5:0.5320,acc2_non_zero:0.8472, f_score_non_zero:0.8477, acc2:0.8109, f_score:0.8167
epoch:33, train_loss:0.2346, valid_mse:0.5437, valid_mae:0.5513, test_acc2:0.8238
current mae:0.5738, current corr:0.7485, acc7:0.5003, acc5:0.5234,acc2_non_zero:0.8519, f_score_non_zero:0.8513, acc2:0.8238, f_score:0.8275
epoch:34, train_loss:0.2363, valid_mse:0.5449, valid_mae:0.5550, test_acc2:0.7827
current mae:0.5757, current corr:0.7471, acc7:0.5048, acc5:0.5270,acc2_non_zero:0.8390, f_score_non_zero:0.8399, acc2:0.7827, f_score:0.7909
epoch:35, train_loss:0.2276, valid_mse:0.5321, valid_mae:0.5445, test_acc2:0.8083
current mae:0.5591, current corr:0.7518, acc7:0.5124, acc5:0.5328,acc2_non_zero:0.8475, f_score_non_zero:0.8482, acc2:0.8083, f_score:0.8145
epoch:36, train_loss:0.2212, valid_mse:0.5396, valid_mae:0.5508, test_acc2:0.8251
current mae:0.5694, current corr:0.7517, acc7:0.5074, acc5:0.5292,acc2_non_zero:0.8517, f_score_non_zero:0.8503, acc2:0.8251, f_score:0.8280
epoch:37, train_loss:0.2188, valid_mse:0.5277, valid_mae:0.5438, test_acc2:0.8240
current mae:0.5617, current corr:0.7530, acc7:0.5068, acc5:0.5255,acc2_non_zero:0.8519, f_score_non_zero:0.8511, acc2:0.8240, f_score:0.8276
epoch:38, train_loss:0.2111, valid_mse:0.5304, valid_mae:0.5463, test_acc2:0.8303
current mae:0.5585, current corr:0.7502, acc7:0.5115, acc5:0.5311,acc2_non_zero:0.8503, f_score_non_zero:0.8494, acc2:0.8303, f_score:0.8331
epoch:39, train_loss:0.2157, valid_mse:0.5399, valid_mae:0.5532, test_acc2:0.8070
current mae:0.5694, current corr:0.7506, acc7:0.5064, acc5:0.5277,acc2_non_zero:0.8445, f_score_non_zero:0.8445, acc2:0.8070, f_score:0.8125
epoch:40, train_loss:0.2056, valid_mse:0.5511, valid_mae:0.5566, test_acc2:0.7879
current mae:0.5722, current corr:0.7525, acc7:0.4990, acc5:0.5236,acc2_non_zero:0.8403, f_score_non_zero:0.8408, acc2:0.7879, f_score:0.7953
epoch:41, train_loss:0.2019, valid_mse:0.5223, valid_mae:0.5446, test_acc2:0.8165
current mae:0.5618, current corr:0.7524, acc7:0.5102, acc5:0.5311,acc2_non_zero:0.8494, f_score_non_zero:0.8489, acc2:0.8165, f_score:0.8209
epoch:42, train_loss:0.1993, valid_mse:0.5163, valid_mae:0.5353, test_acc2:0.8131
current mae:0.5569, current corr:0.7465, acc7:0.5180, acc5:0.5363,acc2_non_zero:0.8439, f_score_non_zero:0.8441, acc2:0.8131, f_score:0.8182
epoch:43, train_loss:0.1936, valid_mse:0.5444, valid_mae:0.5591, test_acc2:0.8221
current mae:0.5717, current corr:0.7514, acc7:0.5068, acc5:0.5296,acc2_non_zero:0.8492, f_score_non_zero:0.8484, acc2:0.8221, f_score:0.8257
epoch:44, train_loss:0.1847, valid_mse:0.5179, valid_mae:0.5406, test_acc2:0.8100
current mae:0.5580, current corr:0.7516, acc7:0.5087, acc5:0.5279,acc2_non_zero:0.8525, f_score_non_zero:0.8527, acc2:0.8100, f_score:0.8159
epoch:45, train_loss:0.1902, valid_mse:0.5524, valid_mae:0.5622, test_acc2:0.8044
current mae:0.5792, current corr:0.7522, acc7:0.4980, acc5:0.5210,acc2_non_zero:0.8450, f_score_non_zero:0.8456, acc2:0.8044, f_score:0.8108
epoch:46, train_loss:0.1781, valid_mse:0.5320, valid_mae:0.5487, test_acc2:0.7950
current mae:0.5658, current corr:0.7517, acc7:0.5135, acc5:0.5350,acc2_non_zero:0.8461, f_score_non_zero:0.8469, acc2:0.7950, f_score:0.8023
epoch:47, train_loss:0.1769, valid_mse:0.5260, valid_mae:0.5405, test_acc2:0.8049
current mae:0.5632, current corr:0.7514, acc7:0.5092, acc5:0.5328,acc2_non_zero:0.8464, f_score_non_zero:0.8469, acc2:0.8049, f_score:0.8111
epoch:48, train_loss:0.1796, valid_mse:0.5311, valid_mae:0.5489, test_acc2:0.8006
current mae:0.5660, current corr:0.7528, acc7:0.5046, acc5:0.5262,acc2_non_zero:0.8467, f_score_non_zero:0.8473, acc2:0.8006, f_score:0.8074
epoch:49, train_loss:0.1714, valid_mse:0.5299, valid_mae:0.5481, test_acc2:0.7829
current mae:0.5662, current corr:0.7511, acc7:0.5135, acc5:0.5337,acc2_non_zero:0.8414, f_score_non_zero:0.8428, acc2:0.7829, f_score:0.7916
epoch:50, train_loss:0.1687, valid_mse:0.5478, valid_mae:0.5597, test_acc2:0.8195
current mae:0.5851, current corr:0.7503, acc7:0.4891, acc5:0.5141,acc2_non_zero:0.8508, f_score_non_zero:0.8505, acc2:0.8195, f_score:0.8239
epoch:51, train_loss:0.1667, valid_mse:0.5086, valid_mae:0.5362, test_acc2:0.7975
current mae:0.5607, current corr:0.7483, acc7:0.5113, acc5:0.5313,acc2_non_zero:0.8406, f_score_non_zero:0.8416, acc2:0.7975, f_score:0.8047
epoch:52, train_loss:0.1591, valid_mse:0.5167, valid_mae:0.5390, test_acc2:0.8105
current mae:0.5553, current corr:0.7524, acc7:0.5229, acc5:0.5419,acc2_non_zero:0.8508, f_score_non_zero:0.8509, acc2:0.8105, f_score:0.8160
epoch:53, train_loss:0.1524, valid_mse:0.5201, valid_mae:0.5471, test_acc2:0.8135
current mae:0.5636, current corr:0.7510, acc7:0.5059, acc5:0.5281,acc2_non_zero:0.8481, f_score_non_zero:0.8477, acc2:0.8135, f_score:0.8182
epoch:54, train_loss:0.1550, valid_mse:0.5312, valid_mae:0.5481, test_acc2:0.8016
current mae:0.5634, current corr:0.7487, acc7:0.5096, acc5:0.5281,acc2_non_zero:0.8453, f_score_non_zero:0.8465, acc2:0.8016, f_score:0.8089
epoch:55, train_loss:0.1496, valid_mse:0.5206, valid_mae:0.5462, test_acc2:0.8221
current mae:0.5617, current corr:0.7539, acc7:0.5115, acc5:0.5307,acc2_non_zero:0.8500, f_score_non_zero:0.8493, acc2:0.8221, f_score:0.8258
epoch:56, train_loss:0.1495, valid_mse:0.5368, valid_mae:0.5497, test_acc2:0.8236
current mae:0.5688, current corr:0.7534, acc7:0.5096, acc5:0.5303,acc2_non_zero:0.8533, f_score_non_zero:0.8531, acc2:0.8236, f_score:0.8279
epoch:57, train_loss:0.1460, valid_mse:0.5379, valid_mae:0.5568, test_acc2:0.7861
current mae:0.5748, current corr:0.7501, acc7:0.5018, acc5:0.5244,acc2_non_zero:0.8390, f_score_non_zero:0.8401, acc2:0.7861, f_score:0.7943
epoch:58, train_loss:0.1458, valid_mse:0.5224, valid_mae:0.5490, test_acc2:0.7978
current mae:0.5656, current corr:0.7523, acc7:0.5154, acc5:0.5344,acc2_non_zero:0.8428, f_score_non_zero:0.8431, acc2:0.7978, f_score:0.8043
epoch:59, train_loss:0.1408, valid_mse:0.5266, valid_mae:0.5447, test_acc2:0.8047
current mae:0.5620, current corr:0.7503, acc7:0.5122, acc5:0.5318,acc2_non_zero:0.8464, f_score_non_zero:0.8471, acc2:0.8047, f_score:0.8112
epoch:60, train_loss:0.1344, valid_mse:0.5259, valid_mae:0.5477, test_acc2:0.8150
current mae:0.5692, current corr:0.7499, acc7:0.5076, acc5:0.5277,acc2_non_zero:0.8483, f_score_non_zero:0.8481, acc2:0.8150, f_score:0.8197
epoch:61, train_loss:0.1373, valid_mse:0.5241, valid_mae:0.5476, test_acc2:0.8023
current mae:0.5693, current corr:0.7476, acc7:0.5083, acc5:0.5279,acc2_non_zero:0.8423, f_score_non_zero:0.8429, acc2:0.8023, f_score:0.8088
epoch:62, train_loss:0.1358, valid_mse:0.5202, valid_mae:0.5442, test_acc2:0.8245
current mae:0.5665, current corr:0.7493, acc7:0.5135, acc5:0.5313,acc2_non_zero:0.8494, f_score_non_zero:0.8486, acc2:0.8245, f_score:0.8279
epoch:63, train_loss:0.1262, valid_mse:0.5241, valid_mae:0.5473, test_acc2:0.8169
current mae:0.5675, current corr:0.7506, acc7:0.5100, acc5:0.5303,acc2_non_zero:0.8481, f_score_non_zero:0.8483, acc2:0.8169, f_score:0.8220
epoch:64, train_loss:0.1270, valid_mse:0.5113, valid_mae:0.5407, test_acc2:0.7760
current mae:0.5727, current corr:0.7485, acc7:0.5048, acc5:0.5272,acc2_non_zero:0.8351, f_score_non_zero:0.8363, acc2:0.7760, f_score:0.7848
epoch:65, train_loss:0.1262, valid_mse:0.5121, valid_mae:0.5383, test_acc2:0.8051
current mae:0.5548, current corr:0.7505, acc7:0.5234, acc5:0.5419,acc2_non_zero:0.8448, f_score_non_zero:0.8452, acc2:0.8051, f_score:0.8113
epoch:66, train_loss:0.1201, valid_mse:0.5221, valid_mae:0.5430, test_acc2:0.8044
current mae:0.5675, current corr:0.7459, acc7:0.5122, acc5:0.5337,acc2_non_zero:0.8392, f_score_non_zero:0.8395, acc2:0.8044, f_score:0.8102
epoch:67, train_loss:0.1158, valid_mse:0.5134, valid_mae:0.5373, test_acc2:0.7885
current mae:0.5575, current corr:0.7470, acc7:0.5249, acc5:0.5438,acc2_non_zero:0.8370, f_score_non_zero:0.8381, acc2:0.7885, f_score:0.7963
epoch:68, train_loss:0.1191, valid_mse:0.5279, valid_mae:0.5443, test_acc2:0.8131
current mae:0.5614, current corr:0.7501, acc7:0.5176, acc5:0.5359,acc2_non_zero:0.8486, f_score_non_zero:0.8490, acc2:0.8131, f_score:0.8187
epoch:69, train_loss:0.1145, valid_mse:0.5124, valid_mae:0.5423, test_acc2:0.8001
current mae:0.5612, current corr:0.7513, acc7:0.5124, acc5:0.5316,acc2_non_zero:0.8459, f_score_non_zero:0.8464, acc2:0.8001, f_score:0.8068
epoch:70, train_loss:0.1123, valid_mse:0.5141, valid_mae:0.5405, test_acc2:0.8100
current mae:0.5622, current corr:0.7514, acc7:0.5195, acc5:0.5372,acc2_non_zero:0.8450, f_score_non_zero:0.8455, acc2:0.8100, f_score:0.8158
epoch:71, train_loss:0.1127, valid_mse:0.5159, valid_mae:0.5408, test_acc2:0.8079
current mae:0.5697, current corr:0.7499, acc7:0.5115, acc5:0.5335,acc2_non_zero:0.8434, f_score_non_zero:0.8439, acc2:0.8079, f_score:0.8139
epoch:72, train_loss:0.1062, valid_mse:0.5179, valid_mae:0.5408, test_acc2:0.8120
current mae:0.5614, current corr:0.7523, acc7:0.5137, acc5:0.5320,acc2_non_zero:0.8459, f_score_non_zero:0.8455, acc2:0.8120, f_score:0.8167
epoch:73, train_loss:0.1089, valid_mse:0.5414, valid_mae:0.5523, test_acc2:0.7930
current mae:0.5718, current corr:0.7492, acc7:0.5046, acc5:0.5257,acc2_non_zero:0.8406, f_score_non_zero:0.8418, acc2:0.7930, f_score:0.8007
epoch:74, train_loss:0.1062, valid_mse:0.5242, valid_mae:0.5412, test_acc2:0.8174
current mae:0.5586, current corr:0.7492, acc7:0.5216, acc5:0.5400,acc2_non_zero:0.8481, f_score_non_zero:0.8479, acc2:0.8174, f_score:0.8219
epoch:75, train_loss:0.1035, valid_mse:0.5251, valid_mae:0.5438, test_acc2:0.7950
current mae:0.5607, current corr:0.7506, acc7:0.5148, acc5:0.5350,acc2_non_zero:0.8409, f_score_non_zero:0.8418, acc2:0.7950, f_score:0.8022
epoch:76, train_loss:0.1018, valid_mse:0.5290, valid_mae:0.5445, test_acc2:0.8107
current mae:0.5634, current corr:0.7501, acc7:0.5130, acc5:0.5335,acc2_non_zero:0.8492, f_score_non_zero:0.8494, acc2:0.8107, f_score:0.8163
epoch:77, train_loss:0.1032, valid_mse:0.5368, valid_mae:0.5521, test_acc2:0.8193
current mae:0.5715, current corr:0.7488, acc7:0.5085, acc5:0.5283,acc2_non_zero:0.8508, f_score_non_zero:0.8509, acc2:0.8193, f_score:0.8241
epoch:78, train_loss:0.1022, valid_mse:0.5440, valid_mae:0.5581, test_acc2:0.7952
current mae:0.5775, current corr:0.7478, acc7:0.5038, acc5:0.5264,acc2_non_zero:0.8425, f_score_non_zero:0.8431, acc2:0.7952, f_score:0.8022
epoch:79, train_loss:0.1004, valid_mse:0.5363, valid_mae:0.5496, test_acc2:0.7846
current mae:0.5686, current corr:0.7488, acc7:0.5117, acc5:0.5313,acc2_non_zero:0.8392, f_score_non_zero:0.8403, acc2:0.7846, f_score:0.7928
epoch:80, train_loss:0.0867, valid_mse:0.5243, valid_mae:0.5452, test_acc2:0.8109
current mae:0.5652, current corr:0.7500, acc7:0.5107, acc5:0.5294,acc2_non_zero:0.8503, f_score_non_zero:0.8505, acc2:0.8109, f_score:0.8165
epoch:81, train_loss:0.0815, valid_mse:0.5174, valid_mae:0.5378, test_acc2:0.8059
current mae:0.5597, current corr:0.7505, acc7:0.5152, acc5:0.5335,acc2_non_zero:0.8461, f_score_non_zero:0.8466, acc2:0.8059, f_score:0.8121
epoch:82, train_loss:0.0797, valid_mse:0.5243, valid_mae:0.5434, test_acc2:0.8113
current mae:0.5634, current corr:0.7496, acc7:0.5117, acc5:0.5305,acc2_non_zero:0.8472, f_score_non_zero:0.8475, acc2:0.8113, f_score:0.8169
epoch:83, train_loss:0.0778, valid_mse:0.5212, valid_mae:0.5409, test_acc2:0.8087
current mae:0.5623, current corr:0.7507, acc7:0.5113, acc5:0.5303,acc2_non_zero:0.8472, f_score_non_zero:0.8476, acc2:0.8087, f_score:0.8146
epoch:84, train_loss:0.0757, valid_mse:0.5210, valid_mae:0.5424, test_acc2:0.8113
current mae:0.5642, current corr:0.7511, acc7:0.5111, acc5:0.5311,acc2_non_zero:0.8478, f_score_non_zero:0.8480, acc2:0.8113, f_score:0.8168
epoch:85, train_loss:0.0742, valid_mse:0.5268, valid_mae:0.5453, test_acc2:0.8062
current mae:0.5655, current corr:0.7499, acc7:0.5115, acc5:0.5313,acc2_non_zero:0.8467, f_score_non_zero:0.8473, acc2:0.8062, f_score:0.8124
epoch:86, train_loss:0.0749, valid_mse:0.5221, valid_mae:0.5430, test_acc2:0.8135
current mae:0.5627, current corr:0.7508, acc7:0.5117, acc5:0.5311,acc2_non_zero:0.8486, f_score_non_zero:0.8487, acc2:0.8135, f_score:0.8187
epoch:87, train_loss:0.0732, valid_mse:0.5222, valid_mae:0.5414, test_acc2:0.8055
current mae:0.5618, current corr:0.7508, acc7:0.5145, acc5:0.5331,acc2_non_zero:0.8464, f_score_non_zero:0.8468, acc2:0.8055, f_score:0.8116
epoch:88, train_loss:0.0726, valid_mse:0.5179, valid_mae:0.5397, test_acc2:0.8141
current mae:0.5597, current corr:0.7508, acc7:0.5152, acc5:0.5337,acc2_non_zero:0.8492, f_score_non_zero:0.8493, acc2:0.8141, f_score:0.8194
epoch:89, train_loss:0.0719, valid_mse:0.5203, valid_mae:0.5416, test_acc2:0.8152
current mae:0.5619, current corr:0.7511, acc7:0.5130, acc5:0.5313,acc2_non_zero:0.8483, f_score_non_zero:0.8484, acc2:0.8152, f_score:0.8203
epoch:90, train_loss:0.0713, valid_mse:0.5250, valid_mae:0.5424, test_acc2:0.8051
current mae:0.5621, current corr:0.7499, acc7:0.5126, acc5:0.5318,acc2_non_zero:0.8467, f_score_non_zero:0.8474, acc2:0.8051, f_score:0.8116
epoch:91, train_loss:0.0708, valid_mse:0.5251, valid_mae:0.5417, test_acc2:0.8064
current mae:0.5614, current corr:0.7505, acc7:0.5173, acc5:0.5356,acc2_non_zero:0.8464, f_score_non_zero:0.8469, acc2:0.8064, f_score:0.8125
epoch:92, train_loss:0.0702, valid_mse:0.5222, valid_mae:0.5417, test_acc2:0.8062
current mae:0.5622, current corr:0.7508, acc7:0.5156, acc5:0.5344,acc2_non_zero:0.8470, f_score_non_zero:0.8474, acc2:0.8062, f_score:0.8123
epoch:93, train_loss:0.0703, valid_mse:0.5268, valid_mae:0.5456, test_acc2:0.8152
current mae:0.5622, current corr:0.7515, acc7:0.5135, acc5:0.5318,acc2_non_zero:0.8508, f_score_non_zero:0.8508, acc2:0.8152, f_score:0.8202
epoch:94, train_loss:0.0701, valid_mse:0.5322, valid_mae:0.5466, test_acc2:0.8077
current mae:0.5634, current corr:0.7502, acc7:0.5139, acc5:0.5322,acc2_non_zero:0.8470, f_score_non_zero:0.8474, acc2:0.8077, f_score:0.8136
epoch:95, train_loss:0.0684, valid_mse:0.5271, valid_mae:0.5426, test_acc2:0.8057
current mae:0.5610, current corr:0.7495, acc7:0.5154, acc5:0.5344,acc2_non_zero:0.8464, f_score_non_zero:0.8471, acc2:0.8057, f_score:0.8121
epoch:96, train_loss:0.0689, valid_mse:0.5217, valid_mae:0.5413, test_acc2:0.8072
current mae:0.5623, current corr:0.7504, acc7:0.5130, acc5:0.5316,acc2_non_zero:0.8472, f_score_non_zero:0.8476, acc2:0.8072, f_score:0.8132
epoch:97, train_loss:0.0681, valid_mse:0.5230, valid_mae:0.5428, test_acc2:0.8100
current mae:0.5621, current corr:0.7508, acc7:0.5139, acc5:0.5331,acc2_non_zero:0.8483, f_score_non_zero:0.8487, acc2:0.8100, f_score:0.8158
epoch:98, train_loss:0.0679, valid_mse:0.5185, valid_mae:0.5406, test_acc2:0.8135
current mae:0.5618, current corr:0.7507, acc7:0.5139, acc5:0.5326,acc2_non_zero:0.8494, f_score_non_zero:0.8496, acc2:0.8135, f_score:0.8188
epoch:99, train_loss:0.0666, valid_mse:0.5237, valid_mae:0.5418, test_acc2:0.8124
current mae:0.5614, current corr:0.7511, acc7:0.5141, acc5:0.5331,acc2_non_zero:0.8486, f_score_non_zero:0.8488, acc2:0.8124, f_score:0.8178
Loading best model from epoch 26 by acc2=0.8348 for analysis export.
Analysis files exported to: /data01/lyw/GLoMo/experiments/mosei_baseline_seed5576/analysis
  predictions: /data01/lyw/GLoMo/experiments/mosei_baseline_seed5576/analysis/predictions.csv
  repr: /data01/lyw/GLoMo/experiments/mosei_baseline_seed5576/analysis/repr.npz
  repr meta: /data01/lyw/GLoMo/experiments/mosei_baseline_seed5576/analysis/repr_meta.json
  cases: /data01/lyw/GLoMo/experiments/mosei_baseline_seed5576/analysis/cases.csv
Metrics summary saved to: /data01/lyw/GLoMo/experiments/mosei_baseline_seed5576/metrics.json
Total runtime: 7813774.340629578 ms
