Using device: cuda:0, visible GPUs: 6
GPU name: NVIDIA GeForce RTX 3090
Seed: 5576
Command script saved to: /data01/lyw/GLoMo/experiments/mosi_ours_audio_visual_desc_seed5576/command.sh
Using modality text augmentation: audio_desc=True, visual_desc=True
train labels: n=1281 min=-3.000 max=3.000 mean=0.235 std=1.509
dev labels: n=229 min=-3.000 max=3.000 mean=0.310 std=1.649
test labels: n=685 min=-3.000 max=3.000 mean=-0.315 std=1.588
BERT load: missing=3 unexpected=10
BERT missing keys (first 5): ['linear1.weight', 'linear1.bias', 'proj_l.weight']
BERT unexpected keys (first 5): ['pooler.dense.weight', 'pooler.dense.bias', 'cls.predictions.bias', 'cls.predictions.transform.dense.weight', 'cls.predictions.transform.dense.bias']
conv audio std 0.03853662312030792
conv video std 0.048298776149749756
total parameter for the model:  111150839
epoch:0, train_loss:3.2612, valid_mse:2.7875, valid_mae:1.4311, test_acc2:0.4701
current mae:1.4186, current corr:0.0500, acc7:0.1547, acc5:0.1547,acc2_non_zero:0.4550, f_score_non_zero:0.3841, acc2:0.4701, f_score:0.3992
Saved best model at epoch 0 by acc2=0.4701 -> /data01/lyw/GLoMo/experiments/mosi_ours_audio_visual_desc_seed5576/best_model.pt
epoch:1, train_loss:3.2436, valid_mse:2.7731, valid_mae:1.4267, test_acc2:0.5781
current mae:1.4135, current corr:0.2398, acc7:0.1547, acc5:0.1547,acc2_non_zero:0.5695, f_score_non_zero:0.5472, acc2:0.5781, f_score:0.5544
Saved best model at epoch 1 by acc2=0.5781 -> /data01/lyw/GLoMo/experiments/mosi_ours_audio_visual_desc_seed5576/best_model.pt
epoch:2, train_loss:3.2204, valid_mse:2.7398, valid_mae:1.4192, test_acc2:0.6423
current mae:1.4011, current corr:0.5045, acc7:0.1547, acc5:0.1547,acc2_non_zero:0.6366, f_score_non_zero:0.6290, acc2:0.6423, f_score:0.6330
Saved best model at epoch 2 by acc2=0.6423 -> /data01/lyw/GLoMo/experiments/mosi_ours_audio_visual_desc_seed5576/best_model.pt
epoch:3, train_loss:3.1979, valid_mse:2.6649, valid_mae:1.3999, test_acc2:0.7839
current mae:1.3862, current corr:0.6784, acc7:0.1547, acc5:0.1547,acc2_non_zero:0.7924, f_score_non_zero:0.7936, acc2:0.7839, f_score:0.7845
Saved best model at epoch 3 by acc2=0.7839 -> /data01/lyw/GLoMo/experiments/mosi_ours_audio_visual_desc_seed5576/best_model.pt
epoch:4, train_loss:3.1751, valid_mse:2.6098, valid_mae:1.3785, test_acc2:0.7474
current mae:1.3799, current corr:0.6943, acc7:0.1547, acc5:0.1547,acc2_non_zero:0.7481, f_score_non_zero:0.7476, acc2:0.7474, f_score:0.7458
epoch:5, train_loss:3.1621, valid_mse:2.5551, valid_mae:1.3689, test_acc2:0.7883
current mae:1.3686, current corr:0.7020, acc7:0.1547, acc5:0.1547,acc2_non_zero:0.7939, f_score_non_zero:0.7948, acc2:0.7883, f_score:0.7884
Saved best model at epoch 5 by acc2=0.7883 -> /data01/lyw/GLoMo/experiments/mosi_ours_audio_visual_desc_seed5576/best_model.pt
epoch:6, train_loss:3.1233, valid_mse:2.4916, valid_mae:1.3457, test_acc2:0.8190
current mae:1.3494, current corr:0.6887, acc7:0.1547, acc5:0.1547,acc2_non_zero:0.8427, f_score_non_zero:0.8397, acc2:0.8190, f_score:0.8148
Saved best model at epoch 6 by acc2=0.8190 -> /data01/lyw/GLoMo/experiments/mosi_ours_audio_visual_desc_seed5576/best_model.pt
epoch:7, train_loss:3.1017, valid_mse:2.4091, valid_mae:1.3225, test_acc2:0.8029
current mae:1.3249, current corr:0.6973, acc7:0.1547, acc5:0.1547,acc2_non_zero:0.8198, f_score_non_zero:0.8209, acc2:0.8029, f_score:0.8034
epoch:8, train_loss:3.0624, valid_mse:2.3938, valid_mae:1.3138, test_acc2:0.8073
current mae:1.2988, current corr:0.6853, acc7:0.1547, acc5:0.1547,acc2_non_zero:0.8321, f_score_non_zero:0.8272, acc2:0.8073, f_score:0.8010
epoch:9, train_loss:3.0026, valid_mse:2.2639, valid_mae:1.2771, test_acc2:0.8292
current mae:1.2654, current corr:0.7068, acc7:0.1547, acc5:0.1547,acc2_non_zero:0.8504, f_score_non_zero:0.8491, acc2:0.8292, f_score:0.8271
Saved best model at epoch 9 by acc2=0.8292 -> /data01/lyw/GLoMo/experiments/mosi_ours_audio_visual_desc_seed5576/best_model.pt
epoch:10, train_loss:2.9451, valid_mse:2.1623, valid_mae:1.2427, test_acc2:0.8248
current mae:1.2411, current corr:0.6982, acc7:0.1547, acc5:0.1547,acc2_non_zero:0.8427, f_score_non_zero:0.8431, acc2:0.8248, f_score:0.8246
epoch:11, train_loss:2.9019, valid_mse:2.1149, valid_mae:1.2380, test_acc2:0.7971
current mae:1.2382, current corr:0.6655, acc7:0.1547, acc5:0.1547,acc2_non_zero:0.8092, f_score_non_zero:0.8102, acc2:0.7971, f_score:0.7976
epoch:12, train_loss:2.8974, valid_mse:2.0025, valid_mae:1.2018, test_acc2:0.7942
current mae:1.2251, current corr:0.6549, acc7:0.1591, acc5:0.1591,acc2_non_zero:0.8046, f_score_non_zero:0.8055, acc2:0.7942, f_score:0.7945
epoch:13, train_loss:2.8396, valid_mse:1.9696, valid_mae:1.1848, test_acc2:0.7985
current mae:1.1908, current corr:0.6603, acc7:0.2161, acc5:0.2161,acc2_non_zero:0.8168, f_score_non_zero:0.8168, acc2:0.7985, f_score:0.7978
epoch:14, train_loss:2.7922, valid_mse:1.8656, valid_mae:1.1596, test_acc2:0.7883
current mae:1.1747, current corr:0.6697, acc7:0.2102, acc5:0.2102,acc2_non_zero:0.7985, f_score_non_zero:0.7997, acc2:0.7883, f_score:0.7889
epoch:15, train_loss:2.7424, valid_mse:1.7918, valid_mae:1.1280, test_acc2:0.8175
current mae:1.1254, current corr:0.6870, acc7:0.2307, acc5:0.2307,acc2_non_zero:0.8366, f_score_non_zero:0.8373, acc2:0.8175, f_score:0.8176
epoch:16, train_loss:2.6967, valid_mse:1.7562, valid_mae:1.1159, test_acc2:0.8102
current mae:1.1110, current corr:0.6867, acc7:0.2978, acc5:0.2978,acc2_non_zero:0.8275, f_score_non_zero:0.8281, acc2:0.8102, f_score:0.8102
epoch:17, train_loss:2.6484, valid_mse:1.7114, valid_mae:1.1077, test_acc2:0.7985
current mae:1.0904, current corr:0.6926, acc7:0.3124, acc5:0.3124,acc2_non_zero:0.8168, f_score_non_zero:0.8174, acc2:0.7985, f_score:0.7985
epoch:18, train_loss:2.5984, valid_mse:1.6757, valid_mae:1.1000, test_acc2:0.8161
current mae:1.0507, current corr:0.7098, acc7:0.3212, acc5:0.3212,acc2_non_zero:0.8366, f_score_non_zero:0.8362, acc2:0.8161, f_score:0.8148
epoch:19, train_loss:2.5534, valid_mse:1.5702, valid_mae:1.0510, test_acc2:0.8102
current mae:1.0252, current corr:0.7073, acc7:0.3358, acc5:0.3358,acc2_non_zero:0.8351, f_score_non_zero:0.8333, acc2:0.8102, f_score:0.8072
epoch:20, train_loss:2.5040, valid_mse:1.6177, valid_mae:1.0616, test_acc2:0.8058
current mae:1.0142, current corr:0.6985, acc7:0.3124, acc5:0.3124,acc2_non_zero:0.8305, f_score_non_zero:0.8286, acc2:0.8058, f_score:0.8027
epoch:21, train_loss:2.4445, valid_mse:1.5038, valid_mae:1.0182, test_acc2:0.8204
current mae:0.9714, current corr:0.7228, acc7:0.3372, acc5:0.3372,acc2_non_zero:0.8458, f_score_non_zero:0.8453, acc2:0.8204, f_score:0.8191
epoch:22, train_loss:2.3908, valid_mse:1.4026, valid_mae:0.9849, test_acc2:0.8234
current mae:0.9605, current corr:0.7283, acc7:0.3328, acc5:0.3328,acc2_non_zero:0.8382, f_score_non_zero:0.8386, acc2:0.8234, f_score:0.8233
epoch:23, train_loss:2.3617, valid_mse:1.4284, valid_mae:0.9892, test_acc2:0.8190
current mae:0.9429, current corr:0.7337, acc7:0.3226, acc5:0.3226,acc2_non_zero:0.8366, f_score_non_zero:0.8371, acc2:0.8190, f_score:0.8189
epoch:24, train_loss:2.2915, valid_mse:1.3620, valid_mae:0.9563, test_acc2:0.8161
current mae:0.9166, current corr:0.7418, acc7:0.3285, acc5:0.3285,acc2_non_zero:0.8382, f_score_non_zero:0.8382, acc2:0.8161, f_score:0.8154
epoch:25, train_loss:2.2543, valid_mse:1.2764, valid_mae:0.9337, test_acc2:0.8234
current mae:0.8909, current corr:0.7517, acc7:0.3431, acc5:0.3431,acc2_non_zero:0.8397, f_score_non_zero:0.8400, acc2:0.8234, f_score:0.8231
epoch:26, train_loss:2.2297, valid_mse:1.4035, valid_mae:0.9489, test_acc2:0.7927
current mae:0.9585, current corr:0.6878, acc7:0.3168, acc5:0.3168,acc2_non_zero:0.8046, f_score_non_zero:0.8057, acc2:0.7927, f_score:0.7932
epoch:27, train_loss:2.1959, valid_mse:1.3526, valid_mae:0.9391, test_acc2:0.8204
current mae:0.9261, current corr:0.7070, acc7:0.3153, acc5:0.3153,acc2_non_zero:0.8275, f_score_non_zero:0.8285, acc2:0.8204, f_score:0.8209
epoch:28, train_loss:2.1360, valid_mse:1.2214, valid_mae:0.8837, test_acc2:0.8219
current mae:0.8608, current corr:0.7345, acc7:0.3328, acc5:0.3328,acc2_non_zero:0.8366, f_score_non_zero:0.8368, acc2:0.8219, f_score:0.8215
epoch:29, train_loss:2.1093, valid_mse:1.2251, valid_mae:0.8791, test_acc2:0.8015
current mae:0.9191, current corr:0.6807, acc7:0.3212, acc5:0.3212,acc2_non_zero:0.8183, f_score_non_zero:0.8193, acc2:0.8015, f_score:0.8018
epoch:30, train_loss:2.0544, valid_mse:1.1550, valid_mae:0.8509, test_acc2:0.8146
current mae:0.8632, current corr:0.7296, acc7:0.3168, acc5:0.3168,acc2_non_zero:0.8305, f_score_non_zero:0.8312, acc2:0.8146, f_score:0.8147
epoch:31, train_loss:2.0357, valid_mse:1.0918, valid_mae:0.8262, test_acc2:0.7927
current mae:0.8655, current corr:0.7351, acc7:0.3212, acc5:0.3212,acc2_non_zero:0.8092, f_score_non_zero:0.8099, acc2:0.7927, f_score:0.7928
epoch:32, train_loss:1.9835, valid_mse:1.2079, valid_mae:0.8472, test_acc2:0.8058
current mae:0.8307, current corr:0.7285, acc7:0.3285, acc5:0.3299,acc2_non_zero:0.8305, f_score_non_zero:0.8296, acc2:0.8058, f_score:0.8039
epoch:33, train_loss:1.9465, valid_mse:1.1671, valid_mae:0.8238, test_acc2:0.8131
current mae:0.8199, current corr:0.7268, acc7:0.3708, acc5:0.3956,acc2_non_zero:0.8382, f_score_non_zero:0.8380, acc2:0.8131, f_score:0.8121
epoch:34, train_loss:1.9305, valid_mse:1.3685, valid_mae:0.8826, test_acc2:0.8015
current mae:0.8094, current corr:0.7317, acc7:0.3839, acc5:0.4117,acc2_non_zero:0.8290, f_score_non_zero:0.8263, acc2:0.8015, f_score:0.7973
epoch:35, train_loss:1.9007, valid_mse:1.1651, valid_mae:0.8374, test_acc2:0.8219
current mae:0.7963, current corr:0.7566, acc7:0.3883, acc5:0.4277,acc2_non_zero:0.8427, f_score_non_zero:0.8423, acc2:0.8219, f_score:0.8207
epoch:36, train_loss:1.8699, valid_mse:1.1317, valid_mae:0.8211, test_acc2:0.7898
current mae:0.8391, current corr:0.7277, acc7:0.4234, acc5:0.4730,acc2_non_zero:0.8137, f_score_non_zero:0.8141, acc2:0.7898, f_score:0.7893
epoch:37, train_loss:1.8400, valid_mse:1.4199, valid_mae:0.8893, test_acc2:0.8073
current mae:0.8094, current corr:0.7308, acc7:0.4292, acc5:0.5066,acc2_non_zero:0.8336, f_score_non_zero:0.8307, acc2:0.8073, f_score:0.8031
epoch:38, train_loss:1.8329, valid_mse:1.2470, valid_mae:0.8275, test_acc2:0.8088
current mae:0.8014, current corr:0.7433, acc7:0.4102, acc5:0.4861,acc2_non_zero:0.8351, f_score_non_zero:0.8322, acc2:0.8088, f_score:0.8045
epoch:39, train_loss:1.7866, valid_mse:1.1394, valid_mae:0.7900, test_acc2:0.8146
current mae:0.7784, current corr:0.7576, acc7:0.4482, acc5:0.5226,acc2_non_zero:0.8412, f_score_non_zero:0.8402, acc2:0.8146, f_score:0.8125
epoch:40, train_loss:1.7786, valid_mse:1.2119, valid_mae:0.8223, test_acc2:0.8161
current mae:0.7648, current corr:0.7691, acc7:0.4263, acc5:0.5051,acc2_non_zero:0.8443, f_score_non_zero:0.8421, acc2:0.8161, f_score:0.8125
epoch:41, train_loss:1.7339, valid_mse:1.1107, valid_mae:0.7872, test_acc2:0.8204
current mae:0.7494, current corr:0.7758, acc7:0.4467, acc5:0.5212,acc2_non_zero:0.8458, f_score_non_zero:0.8445, acc2:0.8204, f_score:0.8181
epoch:42, train_loss:1.7184, valid_mse:1.1658, valid_mae:0.7986, test_acc2:0.8161
current mae:0.7663, current corr:0.7616, acc7:0.4321, acc5:0.5153,acc2_non_zero:0.8382, f_score_non_zero:0.8376, acc2:0.8161, f_score:0.8147
epoch:43, train_loss:1.6732, valid_mse:1.2184, valid_mae:0.8102, test_acc2:0.8117
current mae:0.7823, current corr:0.7547, acc7:0.4292, acc5:0.5124,acc2_non_zero:0.8305, f_score_non_zero:0.8300, acc2:0.8117, f_score:0.8105
epoch:44, train_loss:1.6711, valid_mse:1.1268, valid_mae:0.7842, test_acc2:0.8263
current mae:0.7549, current corr:0.7737, acc7:0.4511, acc5:0.5270,acc2_non_zero:0.8489, f_score_non_zero:0.8479, acc2:0.8263, f_score:0.8245
epoch:45, train_loss:1.6272, valid_mse:1.1067, valid_mae:0.7746, test_acc2:0.8190
current mae:0.7546, current corr:0.7717, acc7:0.4496, acc5:0.5226,acc2_non_zero:0.8427, f_score_non_zero:0.8428, acc2:0.8190, f_score:0.8183
epoch:46, train_loss:1.6185, valid_mse:1.2191, valid_mae:0.8216, test_acc2:0.8190
current mae:0.7554, current corr:0.7718, acc7:0.4365, acc5:0.5168,acc2_non_zero:0.8489, f_score_non_zero:0.8474, acc2:0.8190, f_score:0.8161
epoch:47, train_loss:1.5872, valid_mse:1.0672, valid_mae:0.7565, test_acc2:0.8029
current mae:0.7531, current corr:0.7724, acc7:0.4657, acc5:0.5387,acc2_non_zero:0.8275, f_score_non_zero:0.8274, acc2:0.8029, f_score:0.8019
epoch:48, train_loss:1.5858, valid_mse:1.1242, valid_mae:0.7762, test_acc2:0.8117
current mae:0.7651, current corr:0.7638, acc7:0.4511, acc5:0.5270,acc2_non_zero:0.8366, f_score_non_zero:0.8367, acc2:0.8117, f_score:0.8109
epoch:49, train_loss:1.5642, valid_mse:0.9987, valid_mae:0.7326, test_acc2:0.8175
current mae:0.7671, current corr:0.7643, acc7:0.4526, acc5:0.5241,acc2_non_zero:0.8366, f_score_non_zero:0.8372, acc2:0.8175, f_score:0.8175
epoch:50, train_loss:1.5439, valid_mse:1.0549, valid_mae:0.7558, test_acc2:0.8204
current mae:0.7457, current corr:0.7744, acc7:0.4526, acc5:0.5343,acc2_non_zero:0.8427, f_score_non_zero:0.8426, acc2:0.8204, f_score:0.8196
epoch:51, train_loss:1.5182, valid_mse:1.1445, valid_mae:0.7753, test_acc2:0.8175
current mae:0.7625, current corr:0.7681, acc7:0.4380, acc5:0.5022,acc2_non_zero:0.8382, f_score_non_zero:0.8382, acc2:0.8175, f_score:0.8168
epoch:52, train_loss:1.5195, valid_mse:1.1984, valid_mae:0.7882, test_acc2:0.8263
current mae:0.7556, current corr:0.7725, acc7:0.4409, acc5:0.5139,acc2_non_zero:0.8519, f_score_non_zero:0.8516, acc2:0.8263, f_score:0.8252
epoch:53, train_loss:1.4785, valid_mse:1.0454, valid_mae:0.7446, test_acc2:0.8277
current mae:0.7514, current corr:0.7739, acc7:0.4380, acc5:0.5080,acc2_non_zero:0.8519, f_score_non_zero:0.8514, acc2:0.8277, f_score:0.8264
epoch:54, train_loss:1.4745, valid_mse:1.0640, valid_mae:0.7587, test_acc2:0.8248
current mae:0.7499, current corr:0.7732, acc7:0.4277, acc5:0.5036,acc2_non_zero:0.8473, f_score_non_zero:0.8473, acc2:0.8248, f_score:0.8240
epoch:55, train_loss:1.4434, valid_mse:1.0873, valid_mae:0.7568, test_acc2:0.8204
current mae:0.7532, current corr:0.7682, acc7:0.4409, acc5:0.5226,acc2_non_zero:0.8443, f_score_non_zero:0.8441, acc2:0.8204, f_score:0.8195
epoch:56, train_loss:1.4268, valid_mse:1.2428, valid_mae:0.8080, test_acc2:0.8263
current mae:0.7698, current corr:0.7629, acc7:0.4423, acc5:0.5255,acc2_non_zero:0.8504, f_score_non_zero:0.8500, acc2:0.8263, f_score:0.8251
epoch:57, train_loss:1.4271, valid_mse:1.0592, valid_mae:0.7444, test_acc2:0.8263
current mae:0.7490, current corr:0.7720, acc7:0.4350, acc5:0.5153,acc2_non_zero:0.8443, f_score_non_zero:0.8440, acc2:0.8263, f_score:0.8255
epoch:58, train_loss:1.4112, valid_mse:1.2135, valid_mae:0.7965, test_acc2:0.8175
current mae:0.7616, current corr:0.7595, acc7:0.4350, acc5:0.5095,acc2_non_zero:0.8473, f_score_non_zero:0.8449, acc2:0.8175, f_score:0.8136
epoch:59, train_loss:1.3996, valid_mse:1.1009, valid_mae:0.7563, test_acc2:0.8234
current mae:0.7702, current corr:0.7604, acc7:0.4307, acc5:0.5051,acc2_non_zero:0.8458, f_score_non_zero:0.8453, acc2:0.8234, f_score:0.8221
epoch:60, train_loss:1.3726, valid_mse:1.1442, valid_mae:0.7665, test_acc2:0.8190
current mae:0.7437, current corr:0.7772, acc7:0.4453, acc5:0.5197,acc2_non_zero:0.8412, f_score_non_zero:0.8410, acc2:0.8190, f_score:0.8180
epoch:61, train_loss:1.3417, valid_mse:1.1993, valid_mae:0.7925, test_acc2:0.8204
current mae:0.7526, current corr:0.7673, acc7:0.4380, acc5:0.5139,acc2_non_zero:0.8427, f_score_non_zero:0.8423, acc2:0.8204, f_score:0.8192
epoch:62, train_loss:1.3444, valid_mse:0.9956, valid_mae:0.7344, test_acc2:0.8204
current mae:0.7386, current corr:0.7809, acc7:0.4453, acc5:0.5124,acc2_non_zero:0.8427, f_score_non_zero:0.8426, acc2:0.8204, f_score:0.8196
epoch:63, train_loss:1.3490, valid_mse:1.0913, valid_mae:0.7635, test_acc2:0.8146
current mae:0.7468, current corr:0.7701, acc7:0.4511, acc5:0.5241,acc2_non_zero:0.8397, f_score_non_zero:0.8384, acc2:0.8146, f_score:0.8122
epoch:64, train_loss:1.3121, valid_mse:0.9836, valid_mae:0.7312, test_acc2:0.8234
current mae:0.7402, current corr:0.7829, acc7:0.4540, acc5:0.5182,acc2_non_zero:0.8443, f_score_non_zero:0.8442, acc2:0.8234, f_score:0.8226
epoch:65, train_loss:1.3106, valid_mse:1.1192, valid_mae:0.7756, test_acc2:0.8102
current mae:0.7520, current corr:0.7662, acc7:0.4613, acc5:0.5285,acc2_non_zero:0.8351, f_score_non_zero:0.8343, acc2:0.8102, f_score:0.8084
epoch:66, train_loss:1.2728, valid_mse:1.0517, valid_mae:0.7445, test_acc2:0.8117
current mae:0.7564, current corr:0.7676, acc7:0.4482, acc5:0.5139,acc2_non_zero:0.8336, f_score_non_zero:0.8336, acc2:0.8117, f_score:0.8110
epoch:67, train_loss:1.2677, valid_mse:1.1843, valid_mae:0.7905, test_acc2:0.8073
current mae:0.7575, current corr:0.7605, acc7:0.4467, acc5:0.5182,acc2_non_zero:0.8321, f_score_non_zero:0.8312, acc2:0.8073, f_score:0.8054
epoch:68, train_loss:1.2633, valid_mse:1.2959, valid_mae:0.8088, test_acc2:0.8058
current mae:0.7686, current corr:0.7520, acc7:0.4438, acc5:0.5153,acc2_non_zero:0.8305, f_score_non_zero:0.8286, acc2:0.8058, f_score:0.8027
epoch:69, train_loss:1.2513, valid_mse:1.0855, valid_mae:0.7623, test_acc2:0.8190
current mae:0.7482, current corr:0.7705, acc7:0.4496, acc5:0.5255,acc2_non_zero:0.8412, f_score_non_zero:0.8415, acc2:0.8190, f_score:0.8186
Loading best model from epoch 9 by acc2=0.8292 for analysis export.
Analysis files exported to: /data01/lyw/GLoMo/experiments/mosi_ours_audio_visual_desc_seed5576/analysis
  predictions: /data01/lyw/GLoMo/experiments/mosi_ours_audio_visual_desc_seed5576/analysis/predictions.csv
  repr: /data01/lyw/GLoMo/experiments/mosi_ours_audio_visual_desc_seed5576/analysis/repr.npz
  repr meta: /data01/lyw/GLoMo/experiments/mosi_ours_audio_visual_desc_seed5576/analysis/repr_meta.json
  cases: /data01/lyw/GLoMo/experiments/mosi_ours_audio_visual_desc_seed5576/analysis/cases.csv
Metrics summary saved to: /data01/lyw/GLoMo/experiments/mosi_ours_audio_visual_desc_seed5576/metrics.json
Total runtime: 415256.19101524353 ms
